Log file open, 01/23/19 18:19:27
LogWindows: Failed to load 'aqProf.dll' (GetLastError=126)
LogWindows: File 'aqProf.dll' does not exist
LogWindows: Failed to load 'VSPerf140.dll' (GetLastError=126)
LogWindows: File 'VSPerf140.dll' does not exist
LogWindows: Failed to load 'VtuneApi.dll' (GetLastError=126)
LogWindows: File 'VtuneApi.dll' does not exist
LogWindows: Failed to load 'VtuneApi32e.dll' (GetLastError=126)
LogWindows: File 'VtuneApi32e.dll' does not exist
LogInit: Display: Running engine for game: RS_InClassWhiteBox
LogPlatformFile: Not using cached read wrapper
LogTaskGraph: Started task graph with 5 named threads and 14 total threads with 3 sets of task threads.
LogStats: Stats thread started at 0.197665
LogD3D11RHI: Loaded GFSDK_Aftermath_Lib.x64.dll
LogICUInternationalization: Display: ICU TimeZone Detection - Raw Offset: -7:00, Platform Override: ''
LogPluginManager: Mounting plugin Paper2D
LogPluginManager: Mounting plugin AISupport
LogPluginManager: Mounting plugin LightPropagationVolume
LogPluginManager: Mounting plugin CLionSourceCodeAccess
LogPluginManager: Mounting plugin CodeLiteSourceCodeAccess
LogPluginManager: Mounting plugin GitSourceControl
LogPluginManager: Mounting plugin KDevelopSourceCodeAccess
LogPluginManager: Mounting plugin NullSourceCodeAccess
LogPluginManager: Mounting plugin PerforceSourceControl
LogPluginManager: Mounting plugin SubversionSourceControl
LogPluginManager: Mounting plugin UObjectPlugin
LogPluginManager: Mounting plugin VisualStudioCodeSourceCodeAccess
LogPluginManager: Mounting plugin VisualStudioSourceCodeAccess
LogPluginManager: Mounting plugin XCodeSourceCodeAccess
LogPluginManager: Mounting plugin AssetManagerEditor
LogPluginManager: Mounting plugin CryptoKeys
LogPluginManager: Mounting plugin DataValidation
LogPluginManager: Mounting plugin FacialAnimation
LogPluginManager: Mounting plugin GameplayTagsEditor
LogPluginManager: Mounting plugin MacGraphicsSwitching
LogPluginManager: Mounting plugin MeshEditor
LogPluginManager: Mounting plugin MobileLauncherProfileWizard
LogPluginManager: Mounting plugin PluginBrowser
LogPluginManager: Mounting plugin SpeedTreeImporter
LogPluginManager: Mounting plugin DatasmithContent
LogPluginManager: Mounting plugin AlembicImporter
LogPluginManager: Mounting plugin AppleImageUtils
LogPluginManager: Mounting plugin AppleVision
LogPluginManager: Mounting plugin BackChannel
LogPluginManager: Mounting plugin CharacterAI
LogPluginManager: Mounting plugin GeometryCache
LogPluginManager: Mounting plugin HTML5Networking
LogPluginManager: Mounting plugin ProxyLODPlugin
LogPluginManager: Mounting plugin MagicLeap
LogPluginManager: Mounting plugin MagicLeapEmulator
LogPluginManager: Mounting plugin MagicLeapMedia
LogPluginManager: Mounting plugin AndroidMedia
LogPluginManager: Mounting plugin AvfMedia
LogPluginManager: Mounting plugin ImgMedia
LogPluginManager: Mounting plugin LinearTimecode
LogPluginManager: Mounting plugin MediaCompositing
LogPluginManager: Mounting plugin MediaPlayerEditor
LogPluginManager: Mounting plugin WmfMedia
LogPluginManager: Mounting plugin TcpMessaging
LogPluginManager: Mounting plugin UdpMessaging
LogPluginManager: Mounting plugin ActorSequence
LogPluginManager: Mounting plugin LevelSequenceEditor
LogPluginManager: Mounting plugin MatineeToLevelSequence
LogPluginManager: Mounting plugin NetcodeUnitTest
LogPluginManager: Mounting plugin NUTUnrealEngine4
LogPluginManager: Mounting plugin OnlineSubsystemGooglePlay
LogPluginManager: Mounting plugin OnlineSubsystemIOS
LogPluginManager: Mounting plugin OnlineSubsystem
LogPluginManager: Mounting plugin OnlineSubsystemNull
LogPluginManager: Mounting plugin OnlineSubsystemUtils
LogPluginManager: Mounting plugin LauncherChunkInstaller
LogPluginManager: Mounting plugin AndroidDeviceProfileSelector
LogPluginManager: Mounting plugin AndroidMoviePlayer
LogPluginManager: Mounting plugin AndroidPermission
LogPluginManager: Mounting plugin AppleMoviePlayer
LogPluginManager: Mounting plugin ArchVisCharacter
LogPluginManager: Mounting plugin AudioCapture
LogPluginManager: Mounting plugin CableComponent
LogPluginManager: Mounting plugin CustomMeshComponent
LogPluginManager: Mounting plugin EditableMesh
LogPluginManager: Mounting plugin ExampleDeviceProfileSelector
LogPluginManager: Mounting plugin GoogleCloudMessaging
LogPluginManager: Mounting plugin ImmediatePhysics
LogPluginManager: Mounting plugin IOSDeviceProfileSelector
LogPluginManager: Mounting plugin LinuxDeviceProfileSelector
LogPluginManager: Mounting plugin LocationServicesBPLibrary
LogPluginManager: Mounting plugin MobilePatchingUtils
LogPluginManager: Mounting plugin OculusVR
LogPluginManager: Plugin shader directory ../../../Engine/Plugins/Runtime/Oculus/OculusVR/Shaders found
LogPluginManager: Mapping shader source directory ../../../Engine/Plugins/Runtime/Oculus/OculusVR/Shaders to virtual directory /Plugin/OculusVR
LogPluginManager: Mounting plugin PhysXVehicles
LogPluginManager: Mounting plugin ProceduralMeshComponent
LogPluginManager: Mounting plugin RuntimePhysXCooking
LogPluginManager: Mounting plugin SteamVR
LogPluginManager: Mounting plugin WindowsMoviePlayer
LogStreaming: Display: Took  0.192s to configure plugins.
LogInit: Using libcurl 7.55.1-DEV
LogInit:  - built for x86_64-pc-win32
LogInit:  - supports SSL with OpenSSL/1.0.2h
LogInit:  - supports HTTP deflate (compression) using libz 1.2.8
LogInit:  - other features:
LogInit:      CURL_VERSION_SSL
LogInit:      CURL_VERSION_LIBZ
LogInit:      CURL_VERSION_IPV6
LogInit:      CURL_VERSION_ASYNCHDNS
LogInit:      CURL_VERSION_LARGEFILE
LogInit:      CURL_VERSION_IDN
LogInit:  CurlRequestOptions (configurable via config and command line):
LogInit:  - bVerifyPeer = false  - Libcurl will NOT verify peer certificate
LogInit:  - bUseHttpProxy = false  - Libcurl will NOT use HTTP proxy
LogInit:  - bDontReuseConnections = false  - Libcurl will reuse connections
LogInit:  - CertBundlePath = nullptr  - Libcurl will use whatever was configured at build time.
LogInit:  - MaxHostConnections = 16  - Libcurl will limit the number of connections to a host
LogInit:  - LocalHostAddr = Default
LogInit:  - BufferSize = 65536
LogInit: WinSock: version 1.1 (2.2), MaxSocks=32767, MaxUdp=65467
LogInit: Build: ++UE4+Release-4.20-CL-4369336
LogInit: Engine Version: 4.20.3-4369336+++UE4+Release-4.20
LogInit: Compatible Engine Version: 4.20.0-4212847+++UE4+Release-4.20
LogInit: Net CL: 4212847
LogInit: OS: Windows 10 (), CPU: Intel(R) Core(TM) i5-7300HQ CPU @ 2.50GHz, GPU: Intel(R) HD Graphics 630
LogInit: Compiled (64-bit): Sep 17 2018 12:26:19
LogInit: Compiled with Visual C++: 19.13.26129.00
LogInit: Build Configuration: Development
LogInit: Branch Name: ++UE4+Release-4.20
LogInit: Command Line: 
LogInit: Base Directory: C:/Program Files/Epic Games/UE_4.20/Engine/Binaries/Win64/
LogInit: Installed Engine Build: 1
LogDevObjectVersion: Number of dev versions registered: 20
LogDevObjectVersion:   Dev-Blueprints (B0D832E4-1F89-4F0D-ACCF-7EB736FD4AA2): 10
LogDevObjectVersion:   Dev-Build (E1C64328-A22C-4D53-A36C-8E866417BD8C): 0
LogDevObjectVersion:   Dev-Core (375EC13C-06E4-48FB-B500-84F0262A717E): 2
LogDevObjectVersion:   Dev-Editor (E4B068ED-F494-42E9-A231-DA0B2E46BB41): 24
LogDevObjectVersion:   Dev-Framework (CFFC743F-43B0-4480-9391-14DF171D2073): 34
LogDevObjectVersion:   Dev-Mobile (B02B49B5-BB20-44E9-A304-32B752E40360): 2
LogDevObjectVersion:   Dev-Networking (A4E4105C-59A1-49B5-A7C5-40C4547EDFEE): 0
LogDevObjectVersion:   Dev-Online (39C831C9-5AE6-47DC-9A44-9C173E1C8E7C): 0
LogDevObjectVersion:   Dev-Physics (78F01B33-EBEA-4F98-B9B4-84EACCB95AA2): 0
LogDevObjectVersion:   Dev-Platform (6631380F-2D4D-43E0-8009-CF276956A95A): 0
LogDevObjectVersion:   Dev-Rendering (12F88B9F-8875-4AFC-A67C-D90C383ABD29): 26
LogDevObjectVersion:   Dev-Sequencer (7B5AE74C-D270-4C10-A958-57980B212A5A): 9
LogDevObjectVersion:   Dev-VR (D7296918-1DD6-4BDD-9DE2-64A83CC13884): 2
LogDevObjectVersion:   Dev-LoadTimes (C2A15278-BFE7-4AFE-6C17-90FF531DF755): 1
LogDevObjectVersion:   Private-Geometry (6EACA3D4-40EC-4CC1-B786-8BED09428FC5): 3
LogDevObjectVersion:   Dev-AnimPhys (29E575DD-E0A3-4627-9D10-D276232CDCEA): 17
LogDevObjectVersion:   Dev-ReflectionCapture (6B266CEC-1EC7-4B8F-A30B-E4D90942FC07): 1
LogDevObjectVersion:   Dev-Automation (0DF73D61-A23F-47EA-B727-89E90C41499A): 1
LogDevObjectVersion:   FortniteMain (601D1886-AC64-4F84-AA16-D3DE0DEAC7D6): 12
LogDevObjectVersion:   Dev-Enterprise (9DFFBCD6-494F-0158-E221-12823C92A888): 1
LogStreaming: Display: Took  0.005s to delete old logs.
LogInit: Presizing for max 8388607 objects, including 0 objects not considered by GC, pre-allocating 0 bytes for permanent pool.
LogInit: Object subsystem initialized
[2019.01.24-01.19.27:706][  0]LogInit: Selected Device Profile: [Windows]
[2019.01.24-01.19.27:706][  0]LogInit: Applying CVar settings loaded from the selected device profile: [Windows]
[2019.01.24-01.19.27:716][  0]LogHAL: Display: Platform has ~ 8 GB [8449904640 / 8589934592 / 8], which maps to Default [LargestMinGB=32, LargerMinGB=12, DefaultMinGB=8, SmallerMinGB=6, SmallestMinGB=0)
[2019.01.24-01.19.27:716][  0]LogInit: Setting Device Profile CVar: [[r.Vulkan.UseRealUBs:1]]
[2019.01.24-01.19.27:716][  0]LogInit: Going up to parent DeviceProfile []
[2019.01.24-01.19.27:717][  0]LogInit: Computer: MUMBO
[2019.01.24-01.19.27:717][  0]LogInit: User: resta
[2019.01.24-01.19.27:717][  0]LogInit: CPU Page size=4096, Cores=4
[2019.01.24-01.19.27:717][  0]LogInit: High frequency timer resolution =2.437502 MHz
[2019.01.24-01.19.27:717][  0]LogMemory: Memory total: Physical=7.9GB (8GB approx)
[2019.01.24-01.19.27:717][  0]LogMemory: Platform Memory Stats for Windows
[2019.01.24-01.19.27:717][  0]LogMemory: Process Physical Memory: 99.79 MB used, 99.79 MB peak
[2019.01.24-01.19.27:717][  0]LogMemory: Process Virtual Memory: 84.14 MB used, 84.14 MB peak
[2019.01.24-01.19.27:717][  0]LogMemory: Physical Memory: 4372.64 MB used,  3685.82 MB free, 8058.46 MB total
[2019.01.24-01.19.27:717][  0]LogMemory: Virtual Memory: 4625.40 MB used,  3685.82 MB free, 134217728.00 MB total
[2019.01.24-01.19.27:740][  0]LogInit: Using OS detected language (en-US).
[2019.01.24-01.19.27:740][  0]LogInit: Using OS detected locale (en-US).
[2019.01.24-01.19.27:741][  0]LogTextLocalizationManager: No specific localization for 'en-US' exists, so the 'en' localization will be used.
[2019.01.24-01.19.28:090][  0]LogStreaming: Display: Took  0.350s to InitEngineTextLocalization.
[2019.01.24-01.19.28:090][  0]LogInit: Setting process to per monitor DPI aware
[2019.01.24-01.19.28:113][  0]LogSlate: New Slate User Created.  User Index 0, Is Virtual User: 0
[2019.01.24-01.19.28:113][  0]LogSlate: Slate User Registered.  User Index 0, Is Virtual User: 0
[2019.01.24-01.19.28:360][  0]LogHMD: Failed to initialize OpenVR with code 110
[2019.01.24-01.19.28:360][  0]LogD3D11RHI: D3D11 adapters:
[2019.01.24-01.19.28:428][  0]LogD3D11RHI:    0. 'NVIDIA GeForce GTX 1050' (Feature Level 11_0)
[2019.01.24-01.19.28:428][  0]LogD3D11RHI:       4019/0/4029 MB DedicatedVideo/DedicatedSystem/SharedSystem, Outputs:1, VendorId:0x10de
[2019.01.24-01.19.28:440][  0]LogD3D11RHI:    1. 'Intel(R) HD Graphics 630' (Feature Level 11_0)
[2019.01.24-01.19.28:440][  0]LogD3D11RHI:       128/0/4029 MB DedicatedVideo/DedicatedSystem/SharedSystem, Outputs:0, VendorId:0x8086
[2019.01.24-01.19.28:443][  0]LogD3D11RHI:    2. 'Microsoft Basic Render Driver' (Feature Level 11_0)
[2019.01.24-01.19.28:443][  0]LogD3D11RHI:       0/0/4029 MB DedicatedVideo/DedicatedSystem/SharedSystem, Outputs:0, VendorId:0x1414
[2019.01.24-01.19.28:443][  0]LogD3D11RHI: Chosen D3D11 Adapter: 0
[2019.01.24-01.19.28:472][  0]LogD3D11RHI: Creating new Direct3DDevice
[2019.01.24-01.19.28:472][  0]LogD3D11RHI:     GPU DeviceId: 0x1c8d (for the marketing name, search the web for "GPU Device Id")
[2019.01.24-01.19.28:472][  0]LogWindows: EnumDisplayDevices:
[2019.01.24-01.19.28:472][  0]LogWindows:    0. 'Intel(R) HD Graphics 630' (P:1 D:1)
[2019.01.24-01.19.28:473][  0]LogWindows:    1. 'Intel(R) HD Graphics 630' (P:0 D:0)
[2019.01.24-01.19.28:473][  0]LogWindows:    2. 'Intel(R) HD Graphics 630' (P:0 D:0)
[2019.01.24-01.19.28:473][  0]LogWindows:    3. 'NVIDIA GeForce GTX 1050' (P:0 D:0)
[2019.01.24-01.19.28:473][  0]LogWindows: DebugString: PrimaryIsNotTheChoosenAdapter PrimaryIsNotTheChoosenAdapter PrimaryIsNotTheChoosenAdapter 
[2019.01.24-01.19.28:473][  0]LogD3D11RHI:     Adapter Name: NVIDIA GeForce GTX 1050
[2019.01.24-01.19.28:473][  0]LogD3D11RHI:   Driver Version: 391.25 (internal:23.21.13.9125, unified:391.25)
[2019.01.24-01.19.28:473][  0]LogD3D11RHI:      Driver Date: 3-16-2018
[2019.01.24-01.19.28:473][  0]LogRHI: Texture pool is 2813 MB (70% of 4019 MB)
[2019.01.24-01.19.28:515][  0]LogD3D11RHI: Async texture creation enabled
[2019.01.24-01.19.28:533][  0]LogD3D11RHI: GPU Timing Frequency: 1000.000000 (Debug: 2 2)
[2019.01.24-01.19.28:534][  0]LogShaderCompilers: Guid format shader working directory is -45 characters bigger than the processId version (../../../../../../Users/resta/OneDrive/Documents/GitHub/RS_AssetPipeline/RS_InClassWhiteBox/Intermediate/Shaders/WorkingDirectory/9904/).
[2019.01.24-01.19.28:534][  0]LogShaderCompilers: Cleaned the shader compiler working directory 'C:/Users/resta/AppData/Local/Temp/UnrealShaderWorkingDir/96A1CB3A4C9784F908C509AB655A9B97/'.
[2019.01.24-01.19.28:819][  0]LogTemp: Display: Loaded TP AllDesktopTargetPlatform
[2019.01.24-01.19.28:832][  0]LogTemp: Display: Loaded TP MacClientTargetPlatform
[2019.01.24-01.19.28:846][  0]LogTemp: Display: Loaded TP MacNoEditorTargetPlatform
[2019.01.24-01.19.28:860][  0]LogTemp: Display: Loaded TP MacServerTargetPlatform
[2019.01.24-01.19.28:874][  0]LogTemp: Display: Loaded TP MacTargetPlatform
[2019.01.24-01.19.28:888][  0]LogTemp: Display: Loaded TP WindowsClientTargetPlatform
[2019.01.24-01.19.28:902][  0]LogTemp: Display: Loaded TP WindowsNoEditorTargetPlatform
[2019.01.24-01.19.28:916][  0]LogTemp: Display: Loaded TP WindowsServerTargetPlatform
[2019.01.24-01.19.28:924][  0]LogTemp: Display: Loaded TP WindowsTargetPlatform
[2019.01.24-01.19.29:007][  0]LogTemp: Display: Loaded TP AndroidTargetPlatform
[2019.01.24-01.19.29:007][  0]LogTemp: Display: Loaded TP AndroidTargetPlatform
[2019.01.24-01.19.29:007][  0]LogTemp: Display: Loaded TP AndroidTargetPlatform
[2019.01.24-01.19.29:007][  0]LogTemp: Display: Loaded TP AndroidTargetPlatform
[2019.01.24-01.19.29:007][  0]LogTemp: Display: Loaded TP AndroidTargetPlatform
[2019.01.24-01.19.29:007][  0]LogTemp: Display: Loaded TP AndroidTargetPlatform
[2019.01.24-01.19.29:007][  0]LogTemp: Display: Loaded TP AndroidTargetPlatform
[2019.01.24-01.19.29:007][  0]LogTemp: Display: Loaded TP AndroidTargetPlatform
[2019.01.24-01.19.29:007][  0]LogTemp: Display: Loaded TP AndroidTargetPlatform
[2019.01.24-01.19.29:007][  0]LogTemp: Display: Loaded TP AndroidTargetPlatform
[2019.01.24-01.19.29:007][  0]LogTemp: Display: Loaded TP AndroidTargetPlatform
[2019.01.24-01.19.29:007][  0]LogTemp: Display: Loaded TP AndroidTargetPlatform
[2019.01.24-01.19.29:007][  0]LogTemp: Display: Loaded TP AndroidTargetPlatform
[2019.01.24-01.19.29:007][  0]LogTemp: Display: Loaded TP AndroidTargetPlatform
[2019.01.24-01.19.29:007][  0]LogTemp: Display: Loaded TP AndroidTargetPlatform
[2019.01.24-01.19.29:007][  0]LogTemp: Display: Loaded TP AndroidTargetPlatform
[2019.01.24-01.19.29:007][  0]LogTemp: Display: Loaded TP AndroidTargetPlatform
[2019.01.24-01.19.29:007][  0]LogTemp: Display: Loaded TP AndroidTargetPlatform
[2019.01.24-01.19.29:009][  0]LogTemp: Display: Loaded TP HTML5TargetPlatform
[2019.01.24-01.19.29:071][  0]LogTemp: Display: Loaded TP IOSTargetPlatform
[2019.01.24-01.19.29:071][  0]LogTemp: Display: Loaded TP IOSTargetPlatform
[2019.01.24-01.19.29:099][  0]LogTemp: Display: Loaded TP TVOSTargetPlatform
[2019.01.24-01.19.29:099][  0]LogTemp: Display: Loaded TP TVOSTargetPlatform
[2019.01.24-01.19.29:115][  0]LogTemp: Display: Loaded TP LinuxClientTargetPlatform
[2019.01.24-01.19.29:129][  0]LogTemp: Display: Loaded TP LinuxNoEditorTargetPlatform
[2019.01.24-01.19.29:144][  0]LogTemp: Display: Loaded TP LinuxServerTargetPlatform
[2019.01.24-01.19.29:159][  0]LogTemp: Display: Loaded TP LinuxTargetPlatform
[2019.01.24-01.19.29:171][  0]LogTemp: Display: Loaded TP LuminTargetPlatform
[2019.01.24-01.19.29:171][  0]LogTargetPlatformManager: Display: Building Assets For Windows
[2019.01.24-01.19.29:239][  0]LogXGEController: Cannot use XGE Controller as Incredibuild is not installed on this machine.
[2019.01.24-01.19.29:239][  0]LogShaderCompilers: Cannot use XGE Shader Compiler as Incredibuild is not installed on this machine.
[2019.01.24-01.19.29:239][  0]LogShaderCompilers: Display: Using Local Shader Compiler.
[2019.01.24-01.19.30:140][  0]LogDerivedDataCache: Display: Max Cache Size: 512 MB
[2019.01.24-01.19.30:205][  0]LogDerivedDataCache: Loaded boot cache 0.07s 71MB C:/Users/resta/AppData/Local/UnrealEngine/4.20/DerivedDataCache/Boot.ddc.
[2019.01.24-01.19.30:205][  0]LogDerivedDataCache: Display: Loaded Boot cache: C:/Users/resta/AppData/Local/UnrealEngine/4.20/DerivedDataCache/Boot.ddc
[2019.01.24-01.19.30:205][  0]LogDerivedDataCache: FDerivedDataBackendGraph:  Pak pak cache file ../../../../../../Users/resta/OneDrive/Documents/GitHub/RS_AssetPipeline/RS_InClassWhiteBox/DerivedDataCache/DDC.ddp not found, will not use a pak cache.
[2019.01.24-01.19.30:205][  0]LogDerivedDataCache: Unable to find inner node Pak for hierarchical cache Hierarchy.
[2019.01.24-01.19.30:205][  0]LogDerivedDataCache: FDerivedDataBackendGraph:  CompressedPak pak cache file ../../../../../../Users/resta/OneDrive/Documents/GitHub/RS_AssetPipeline/RS_InClassWhiteBox/DerivedDataCache/Compressed.ddp not found, will not use a pak cache.
[2019.01.24-01.19.30:205][  0]LogDerivedDataCache: Unable to find inner node CompressedPak for hierarchical cache Hierarchy.
[2019.01.24-01.19.30:218][  0]LogDerivedDataCache: Display: Pak cache opened for reading ../../../Engine/DerivedDataCache/Compressed.ddp.
[2019.01.24-01.19.30:231][  0]LogDerivedDataCache: Using Local data cache path C:/Users/resta/AppData/Local/UnrealEngine/Common/DerivedDataCache: Writable
[2019.01.24-01.19.30:231][  0]LogDerivedDataCache: Shared data cache path not found in *engine.ini, will not use an Shared cache.
[2019.01.24-01.19.30:231][  0]LogDerivedDataCache: Unable to find inner node Shared for hierarchical cache Hierarchy.
[2019.01.24-01.19.30:250][  0]LogMaterial: Verifying Global Shaders for PCD3D_SM5
[2019.01.24-01.19.30:252][  0]LogSlate: Using FreeType 2.6.0
[2019.01.24-01.19.30:252][  0]LogSlate: SlateFontServices - WITH_FREETYPE: 1, WITH_HARFBUZZ: 1
[2019.01.24-01.19.30:333][  0]LogAssetRegistry: FAssetRegistry took 0.0270 seconds to start up
[2019.01.24-01.19.30:681][  0]LogInit: Selected Device Profile: [Windows]
[2019.01.24-01.19.30:827][  0]LogSimplygon: Simplygon DLL not present - disabling.
[2019.01.24-01.19.30:831][  0]LogMeshReduction: Using SimplygonSwarm for distributed automatic mesh merging
[2019.01.24-01.19.30:831][  0]LogMeshReduction: Using ProxyLODMeshReduction for automatic mesh merging
[2019.01.24-01.19.30:831][  0]LogMeshReduction: Using QuadricMeshReduction for automatic static mesh reduction
[2019.01.24-01.19.30:831][  0]LogMeshReduction: No automatic skeletal mesh reduction module available
[2019.01.24-01.19.30:852][  0]LogNetVersion: RS_InClassWhiteBox 1.0.0, NetCL: 4212847, EngineNetVer: 5, GameNetVer: 0 (Checksum: 3079657181)
[2019.01.24-01.19.31:452][  0]LogPackageLocalizationCache: Processed 11 localized package path(s) for 2 prioritized culture(s) in 0.122694 seconds
[2019.01.24-01.19.31:459][  0]LogUObjectArray: 38425 objects as part of root set at end of initial load.
[2019.01.24-01.19.31:459][  0]LogUObjectAllocator: 6690864 out of 0 bytes used by permanent object pool.
[2019.01.24-01.19.31:459][  0]LogUObjectArray: CloseDisregardForGC: 0/0 objects in disregard for GC pool
[2019.01.24-01.19.32:389][  0]LogTcpMessaging: Initializing TcpMessaging bridge
[2019.01.24-01.19.32:402][  0]LogUdpMessaging: Initializing bridge on interface 0.0.0.0:0 to multicast group 230.0.0.1:6666.
[2019.01.24-01.19.32:559][  0]SourceControl: Source control is disabled
[2019.01.24-01.19.32:559][  0]SourceControl: Source control is disabled
[2019.01.24-01.19.32:561][  0]SourceControl: Source control is disabled
[2019.01.24-01.19.32:562][  0]SourceControl: Source control is disabled
[2019.01.24-01.19.32:760][  0]LogAndroidPermission: UAndroidPermissionCallbackProxy::GetInstance
[2019.01.24-01.19.32:865][  0]LogOcInput: OculusInput pre-init called
[2019.01.24-01.19.32:993][  0]LogEngine: Initializing Engine...
[2019.01.24-01.19.32:994][  0]LogHMD: Failed to initialize OpenVR with code 110
[2019.01.24-01.19.32:995][  0]LogStats: UGameplayTagsManager::ConstructGameplayTagTree: ImportINI prefixes -  0.000 s
[2019.01.24-01.19.32:995][  0]LogStats: UGameplayTagsManager::ConstructGameplayTagTree: Construct from data asset -  0.000 s
[2019.01.24-01.19.32:995][  0]LogStats: UGameplayTagsManager::ConstructGameplayTagTree: ImportINI -  0.000 s
[2019.01.24-01.19.32:995][  0]LogStats: UGameplayTagsManager::ConstructGameplayTagTree: GameplayTagTreeChangedEvent.Broadcast -  0.000 s
[2019.01.24-01.19.33:302][  0]LogInit: Initializing FReadOnlyCVARCache
[2019.01.24-01.19.33:372][  0]LogAIModule: Creating AISystem for world Untitled
[2019.01.24-01.19.33:380][  0]LogInit: XAudio2 using 'Speakers / Headphones (Realtek Audio)' : 2 channels at 48 kHz using 32 bits per sample (channel mask 0x3)
[2019.01.24-01.19.34:708][  0]LogInit: FAudioDevice initialized.
[2019.01.24-01.19.34:709][  0]LogNetVersion: Set ProjectVersion to 1.0.0.0. Version Checksum will be recalculated on next use.
[2019.01.24-01.19.34:897][  0]LogDerivedDataCache: Saved boot cache 0.19s 71MB C:/Users/resta/AppData/Local/UnrealEngine/4.20/DerivedDataCache/Boot.ddc.
[2019.01.24-01.19.34:904][  0]LogInit: Texture streaming: Enabled
[2019.01.24-01.19.34:921][  0]LogEngineSessionManager: EngineSessionManager initialized
[2019.01.24-01.19.34:934][  0]LogInit: Transaction tracking system initialized
[2019.01.24-01.19.34:955][  0]BlueprintLog: New page: Editor Load
[2019.01.24-01.19.35:035][  0]LocalizationService: Localization service is disabled
[2019.01.24-01.19.35:321][  0]LogCook: Display: Max memory allowance for cook 16384mb min free memory 0mb
[2019.01.24-01.19.35:321][  0]LogCook: Display: Mobile HDR setting 1
[2019.01.24-01.19.35:321][  0]LogGameplayTags: Display: UGameplayTagsManager::DoneAddingNativeTags. DelegateIsBound: 0
[2019.01.24-01.19.35:321][  0]LogStats: UGameplayTagsManager::ConstructGameplayTagTree: ImportINI prefixes -  0.000 s
[2019.01.24-01.19.35:321][  0]LogStats: UGameplayTagsManager::ConstructGameplayTagTree: Construct from data asset -  0.000 s
[2019.01.24-01.19.35:321][  0]LogStats: UGameplayTagsManager::ConstructGameplayTagTree: ImportINI -  0.000 s
[2019.01.24-01.19.35:321][  0]LogStats: UGameplayTagsManager::ConstructGameplayTagTree: GameplayTagTreeChangedEvent.Broadcast -  0.000 s
[2019.01.24-01.19.35:453][  0]LogFileCache: Scanning file cache for directory 'C:/Users/resta/OneDrive/Documents/GitHub/RS_AssetPipeline/RS_InClassWhiteBox/Content/' took 0.01s
[2019.01.24-01.19.35:453][  0]SourceControl: Source control is disabled
[2019.01.24-01.19.35:453][  0]Cmd: MAP LOAD FILE="../../../Engine/Content/Maps/Templates/Template_Default.umap" TEMPLATE=1 SHOWPROGRESS=1 FEATURELEVEL=3
[2019.01.24-01.19.35:453][  0]LightingResults: New page: Lighting Build
[2019.01.24-01.19.35:456][  0]MapCheck: New page: Map Check
[2019.01.24-01.19.35:456][  0]LightingResults: New page: Lighting Build
[2019.01.24-01.19.35:674][  0]LogAIModule: Creating AISystem for world Untitled_1
[2019.01.24-01.19.35:683][  0]LogEditorServer: Finished looking for orphan Actors (0.000 secs)
[2019.01.24-01.19.35:708][  0]Cmd: MAP CHECKDEP NOCLEARLOG
[2019.01.24-01.19.35:800][  0]MapCheck: Map check complete: 0 Error(s), 0 Warning(s), took 91.672ms to complete.
[2019.01.24-01.19.35:800][  0]LogFileHelpers: Loading map 'Template_Default' took 0.347
[2019.01.24-01.19.35:909][  0]LogSlate: Updating window title bar state: overlay mode, drag disabled, window buttons hidden, title bar hidden
[2019.01.24-01.19.35:917][  0]LogSlate: Updating window title bar state: overlay mode, drag disabled, window buttons hidden, title bar hidden
[2019.01.24-01.19.35:925][  0]LogSlate: Updating window title bar state: overlay mode, drag disabled, window buttons hidden, title bar hidden
[2019.01.24-01.19.35:933][  0]LogSlate: Updating window title bar state: overlay mode, drag disabled, window buttons hidden, title bar hidden
[2019.01.24-01.19.35:939][  0]LogCollectionManager: Loaded 0 collections in 0.001664 seconds
[2019.01.24-01.19.35:984][  0]LogFileCache: Scanning file cache for directory 'C:/Users/resta/OneDrive/Documents/GitHub/RS_AssetPipeline/RS_InClassWhiteBox/Saved/Collections/' took 0.01s
[2019.01.24-01.19.35:984][  0]LogFileCache: Scanning file cache for directory 'C:/Users/resta/OneDrive/Documents/GitHub/RS_AssetPipeline/RS_InClassWhiteBox/Content/Developers/resta/Collections/' took 0.01s
[2019.01.24-01.19.35:984][  0]LogFileCache: Scanning file cache for directory 'C:/Users/resta/OneDrive/Documents/GitHub/RS_AssetPipeline/RS_InClassWhiteBox/Content/Collections/' took 0.01s
[2019.01.24-01.19.35:984][  0]LogCollectionManager: Rebuilt the GUID cache for 0 collections in 0.000000 seconds
[2019.01.24-01.19.35:994][  0]LogContentBrowser: Native class hierarchy populated in 0.0094 seconds. Added 2572 classes and 603 folders.
[2019.01.24-01.19.36:001][  0]LogContentBrowser: Native class hierarchy updated for 'WidgetCarousel' in 0.0002 seconds. Added 0 classes and 0 folders.
[2019.01.24-01.19.36:068][  0]LogContentBrowser: Native class hierarchy updated for 'AddContentDialog' in 0.0002 seconds. Added 0 classes and 0 folders.
[2019.01.24-01.19.36:072][  0]LogContentBrowser: Native class hierarchy updated for 'SceneOutliner' in 0.0002 seconds. Added 1 classes and 2 folders.
[2019.01.24-01.19.36:119][  0]LogContentBrowser: Native class hierarchy updated for 'HierarchicalLODOutliner' in 0.0002 seconds. Added 0 classes and 0 folders.
[2019.01.24-01.19.36:119][  0]LogLoad: (Engine Initialization) Total time: 10.46 seconds
[2019.01.24-01.19.36:119][  0]LogLoad: (Engine Initialization) Total Blueprint compile time: 0.00 seconds
[2019.01.24-01.19.36:129][  0]LogWindowsTextInputMethodSystem: Display: IME system now deactivated.
[2019.01.24-01.19.36:151][  0]LogContentStreaming: Texture pool size now 1000 MB
[2019.01.24-01.19.36:153][  0]LogSlate: Took 0.000206 seconds to synchronously load lazily loaded font '../../../Engine/Content/Slate/Fonts/Roboto-Regular.ttf' (155K)
[2019.01.24-01.19.36:154][  0]LogSlate: Took 0.000143 seconds to synchronously load lazily loaded font '../../../Engine/Content/Slate/Fonts/Roboto-Bold.ttf' (160K)
[2019.01.24-01.19.36:158][  0]LogSlate: Took 0.000227 seconds to synchronously load lazily loaded font '../../../Engine/Content/Editor/Slate/Fonts/FontAwesome.ttf' (139K)
[2019.01.24-01.19.36:259][  0]LogSlate: Took 0.000210 seconds to synchronously load lazily loaded font '../../../Engine/Content/Slate/Fonts/Roboto-Light.ttf' (167K)
[2019.01.24-01.19.36:290][  1]LogRenderer: Reallocating scene render targets to support 800x352 Format 10 NumSamples 1 (Frame:1).
[2019.01.24-01.19.36:312][  1]LogAssetRegistry: Asset discovery search completed in 6.0021 seconds
[2019.01.24-01.19.36:317][  1]LogCollectionManager: Rebuilt the object cache for 0 collections in 0.000001 seconds (found 0 objects)
[2019.01.24-01.19.36:317][  1]LogCollectionManager: Fixed up redirectors for 0 collections in 0.000084 seconds (updated 0 objects)
[2019.01.24-01.19.39:135][ 61]LogSlate: FSceneViewport::OnFocusLost() reason 0
[2019.01.24-01.19.39:337][ 63]LogSlate: Took 0.000289 seconds to synchronously load lazily loaded font '../../../Engine/Content/Slate/Fonts/Roboto-Light.ttf' (167K)
[2019.01.24-01.19.39:776][ 63]LogAIModule: Creating AISystem for world RS_WBSTREETWITHGEO
[2019.01.24-01.19.39:834][ 63]LogAssetEditorManager: Opening Asset editor for World /Game/RS_WBSTREETWITHGEO.RS_WBSTREETWITHGEO
[2019.01.24-01.19.39:861][ 63]Cmd: MAP LOAD FILE="../../../../../../Users/resta/OneDrive/Documents/GitHub/RS_AssetPipeline/RS_InClassWhiteBox/Content/RS_WBSTREETWITHGEO.umap" TEMPLATE=0 SHOWPROGRESS=1 FEATURELEVEL=3
[2019.01.24-01.19.39:861][ 63]LightingResults: New page: Lighting Build
[2019.01.24-01.19.39:862][ 63]LoadErrors: New page: Loading map: RS_WBSTREETWITHGEO.umap
[2019.01.24-01.19.39:862][ 63]MapCheck: New page: Map Check
[2019.01.24-01.19.39:862][ 63]LightingResults: New page: Lighting Build
[2019.01.24-01.19.39:907][ 63]LogEditorServer: Finished looking for orphan Actors (0.000 secs)
[2019.01.24-01.19.39:964][ 63]Cmd: MAP CHECKDEP NOCLEARLOG
[2019.01.24-01.19.40:062][ 63]MapCheck: Map check complete: 0 Error(s), 0 Warning(s), took 98.455ms to complete.
[2019.01.24-01.19.40:064][ 63]LogFileHelpers: Loading map 'RS_WBSTREETWITHGEO' took 0.203
[2019.01.24-01.19.54:799][492]LogSlate: FSceneViewport::OnFocusLost() reason 2
[2019.01.24-01.19.56:691][515]LogD3D11RHI: Timed out while waiting for GPU to catch up. (0.5 s)
[2019.01.24-01.19.57:191][515]LogD3D11RHI: Timed out while waiting for GPU to catch up. (0.5 s)
[2019.01.24-01.19.57:692][515]LogD3D11RHI: Timed out while waiting for GPU to catch up. (0.5 s)
[2019.01.24-01.19.58:191][515]LogD3D11RHI: Timed out while waiting for GPU to catch up. (0.5 s)
[2019.01.24-01.19.58:691][515]LogD3D11RHI: Timed out while waiting for GPU to catch up. (0.5 s)
[2019.01.24-01.19.59:192][515]LogD3D11RHI: Timed out while waiting for GPU to catch up. (0.5 s)
[2019.01.24-01.19.59:691][515]LogD3D11RHI: Timed out while waiting for GPU to catch up. (0.5 s)
[2019.01.24-01.20.00:191][515]LogD3D11RHI: Timed out while waiting for GPU to catch up. (0.5 s)
[2019.01.24-01.20.00:691][515]LogD3D11RHI: Timed out while waiting for GPU to catch up. (0.5 s)
[2019.01.24-01.20.01:192][515]LogD3D11RHI: Timed out while waiting for GPU to catch up. (0.5 s)
[2019.01.24-01.20.01:693][515]LogD3D11RHI: Timed out while waiting for GPU to catch up. (0.5 s)
[2019.01.24-01.20.02:192][515]LogD3D11RHI: Timed out while waiting for GPU to catch up. (0.5 s)
[2019.01.24-01.20.02:692][515]LogD3D11RHI: Timed out while waiting for GPU to catch up. (0.5 s)
[2019.01.24-01.20.03:192][515]LogD3D11RHI: Timed out while waiting for GPU to catch up. (0.5 s)
[2019.01.24-01.20.03:692][515]LogD3D11RHI: Timed out while waiting for GPU to catch up. (0.5 s)
[2019.01.24-01.20.04:191][515]LogD3D11RHI: Timed out while waiting for GPU to catch up. (0.5 s)
[2019.01.24-01.20.04:692][515]LogD3D11RHI: Timed out while waiting for GPU to catch up. (0.5 s)
[2019.01.24-01.20.05:192][515]LogD3D11RHI: Timed out while waiting for GPU to catch up. (0.5 s)
[2019.01.24-01.20.05:692][515]LogD3D11RHI: Timed out while waiting for GPU to catch up. (0.5 s)
[2019.01.24-01.20.06:191][515]LogD3D11RHI: Timed out while waiting for GPU to catch up. (0.5 s)
[2019.01.24-01.20.06:693][515]LogD3D11RHI: Timed out while waiting for GPU to catch up. (0.5 s)
[2019.01.24-01.20.07:193][515]LogD3D11RHI: Timed out while waiting for GPU to catch up. (0.5 s)
[2019.01.24-01.20.07:692][515]LogD3D11RHI: Timed out while waiting for GPU to catch up. (0.5 s)
[2019.01.24-01.20.08:191][515]LogD3D11RHI: Timed out while waiting for GPU to catch up. (0.5 s)
[2019.01.24-01.20.08:691][515]LogD3D11RHI: Timed out while waiting for GPU to catch up. (0.5 s)
[2019.01.24-01.20.09:191][515]LogD3D11RHI: Timed out while waiting for GPU to catch up. (0.5 s)
[2019.01.24-01.20.09:691][515]LogD3D11RHI: Timed out while waiting for GPU to catch up. (0.5 s)
[2019.01.24-01.20.10:192][515]LogD3D11RHI: Timed out while waiting for GPU to catch up. (0.5 s)
[2019.01.24-01.20.10:692][515]LogD3D11RHI: Timed out while waiting for GPU to catch up. (0.5 s)
[2019.01.24-01.20.11:191][515]LogD3D11RHI: Timed out while waiting for GPU to catch up. (0.5 s)
[2019.01.24-01.20.11:692][515]LogD3D11RHI: Timed out while waiting for GPU to catch up. (0.5 s)
[2019.01.24-01.20.12:192][515]LogD3D11RHI: Timed out while waiting for GPU to catch up. (0.5 s)
[2019.01.24-01.20.12:692][515]LogD3D11RHI: Timed out while waiting for GPU to catch up. (0.5 s)
[2019.01.24-01.20.13:191][515]LogD3D11RHI: Timed out while waiting for GPU to catch up. (0.5 s)
[2019.01.24-01.20.13:693][515]LogD3D11RHI: Timed out while waiting for GPU to catch up. (0.5 s)
[2019.01.24-01.20.14:191][515]LogD3D11RHI: Timed out while waiting for GPU to catch up. (0.5 s)
[2019.01.24-01.20.14:693][515]LogD3D11RHI: Timed out while waiting for GPU to catch up. (0.5 s)
[2019.01.24-01.20.15:193][515]LogD3D11RHI: Timed out while waiting for GPU to catch up. (0.5 s)
[2019.01.24-01.20.15:691][515]LogD3D11RHI: Timed out while waiting for GPU to catch up. (0.5 s)
[2019.01.24-01.20.16:193][515]LogD3D11RHI: Timed out while waiting for GPU to catch up. (0.5 s)
[2019.01.24-01.20.16:693][515]LogD3D11RHI: Timed out while waiting for GPU to catch up. (0.5 s)
[2019.01.24-01.20.17:193][515]LogD3D11RHI: Timed out while waiting for GPU to catch up. (0.5 s)
[2019.01.24-01.20.17:692][515]LogD3D11RHI: Timed out while waiting for GPU to catch up. (0.5 s)
[2019.01.24-01.20.18:193][515]LogD3D11RHI: Timed out while waiting for GPU to catch up. (0.5 s)
[2019.01.24-01.20.18:692][515]LogD3D11RHI: Timed out while waiting for GPU to catch up. (0.5 s)
[2019.01.24-01.20.19:192][515]LogD3D11RHI: Timed out while waiting for GPU to catch up. (0.5 s)
[2019.01.24-01.20.19:693][515]LogD3D11RHI: Timed out while waiting for GPU to catch up. (0.5 s)
[2019.01.24-01.20.20:192][515]LogD3D11RHI: Timed out while waiting for GPU to catch up. (0.5 s)
[2019.01.24-01.20.20:692][515]LogD3D11RHI: Timed out while waiting for GPU to catch up. (0.5 s)
[2019.01.24-01.20.21:192][515]LogD3D11RHI: Timed out while waiting for GPU to catch up. (0.5 s)
[2019.01.24-01.20.21:691][515]LogD3D11RHI: Timed out while waiting for GPU to catch up. (0.5 s)
[2019.01.24-01.20.22:192][515]LogD3D11RHI: Timed out while waiting for GPU to catch up. (0.5 s)
[2019.01.24-01.20.22:693][515]LogD3D11RHI: Timed out while waiting for GPU to catch up. (0.5 s)
[2019.01.24-01.20.23:193][515]LogD3D11RHI: Timed out while waiting for GPU to catch up. (0.5 s)
[2019.01.24-01.20.23:692][515]LogD3D11RHI: Timed out while waiting for GPU to catch up. (0.5 s)
[2019.01.24-01.20.24:193][515]LogD3D11RHI: Timed out while waiting for GPU to catch up. (0.5 s)
[2019.01.24-01.20.24:692][515]LogD3D11RHI: Timed out while waiting for GPU to catch up. (0.5 s)
[2019.01.24-01.20.25:193][515]LogD3D11RHI: Timed out while waiting for GPU to catch up. (0.5 s)
[2019.01.24-01.20.25:693][515]LogD3D11RHI: Timed out while waiting for GPU to catch up. (0.5 s)
[2019.01.24-01.20.26:194][515]LogD3D11RHI: Timed out while waiting for GPU to catch up. (0.5 s)
[2019.01.24-01.20.26:693][515]LogD3D11RHI: Timed out while waiting for GPU to catch up. (0.5 s)
[2019.01.24-01.20.27:192][515]LogD3D11RHI: Timed out while waiting for GPU to catch up. (0.5 s)
[2019.01.24-01.20.27:692][515]LogD3D11RHI: Timed out while waiting for GPU to catch up. (0.5 s)
[2019.01.24-01.20.28:192][515]LogD3D11RHI: Timed out while waiting for GPU to catch up. (0.5 s)
[2019.01.24-01.20.28:692][515]LogD3D11RHI: Timed out while waiting for GPU to catch up. (0.5 s)
[2019.01.24-01.20.29:193][515]LogD3D11RHI: Timed out while waiting for GPU to catch up. (0.5 s)
[2019.01.24-01.20.29:692][515]LogD3D11RHI: Timed out while waiting for GPU to catch up. (0.5 s)
[2019.01.24-01.20.30:193][515]LogD3D11RHI: Timed out while waiting for GPU to catch up. (0.5 s)
[2019.01.24-01.20.30:693][515]LogD3D11RHI: Timed out while waiting for GPU to catch up. (0.5 s)
[2019.01.24-01.20.31:192][515]LogD3D11RHI: Timed out while waiting for GPU to catch up. (0.5 s)
[2019.01.24-01.20.31:693][515]LogD3D11RHI: Timed out while waiting for GPU to catch up. (0.5 s)
[2019.01.24-01.20.32:193][515]LogD3D11RHI: Timed out while waiting for GPU to catch up. (0.5 s)
[2019.01.24-01.20.32:692][515]LogD3D11RHI: Timed out while waiting for GPU to catch up. (0.5 s)
[2019.01.24-01.20.33:192][515]LogD3D11RHI: Timed out while waiting for GPU to catch up. (0.5 s)
[2019.01.24-01.20.33:694][515]LogD3D11RHI: Timed out while waiting for GPU to catch up. (0.5 s)
[2019.01.24-01.20.34:192][515]LogD3D11RHI: Timed out while waiting for GPU to catch up. (0.5 s)
[2019.01.24-01.20.34:693][515]LogD3D11RHI: Timed out while waiting for GPU to catch up. (0.5 s)
[2019.01.24-01.20.35:193][515]LogD3D11RHI: Timed out while waiting for GPU to catch up. (0.5 s)
[2019.01.24-01.20.35:693][515]LogD3D11RHI: Timed out while waiting for GPU to catch up. (0.5 s)
[2019.01.24-01.20.36:193][515]LogD3D11RHI: Timed out while waiting for GPU to catch up. (0.5 s)
[2019.01.24-01.20.36:693][515]LogD3D11RHI: Timed out while waiting for GPU to catch up. (0.5 s)
[2019.01.24-01.20.37:193][515]LogD3D11RHI: Timed out while waiting for GPU to catch up. (0.5 s)
[2019.01.24-01.20.37:692][515]LogD3D11RHI: Timed out while waiting for GPU to catch up. (0.5 s)
[2019.01.24-01.20.38:193][515]LogD3D11RHI: Timed out while waiting for GPU to catch up. (0.5 s)
[2019.01.24-01.20.38:693][515]LogD3D11RHI: Timed out while waiting for GPU to catch up. (0.5 s)
[2019.01.24-01.20.39:192][515]LogD3D11RHI: Timed out while waiting for GPU to catch up. (0.5 s)
[2019.01.24-01.20.39:693][515]LogD3D11RHI: Timed out while waiting for GPU to catch up. (0.5 s)
[2019.01.24-01.20.40:194][515]LogD3D11RHI: Timed out while waiting for GPU to catch up. (0.5 s)
[2019.01.24-01.20.40:692][515]LogD3D11RHI: Timed out while waiting for GPU to catch up. (0.5 s)
[2019.01.24-01.20.41:194][515]LogD3D11RHI: Timed out while waiting for GPU to catch up. (0.5 s)
[2019.01.24-01.20.41:693][515]LogD3D11RHI: Timed out while waiting for GPU to catch up. (0.5 s)
[2019.01.24-01.20.42:193][515]LogD3D11RHI: Timed out while waiting for GPU to catch up. (0.5 s)
[2019.01.24-01.20.42:694][515]LogD3D11RHI: Timed out while waiting for GPU to catch up. (0.5 s)
[2019.01.24-01.20.43:193][515]LogD3D11RHI: Timed out while waiting for GPU to catch up. (0.5 s)
[2019.01.24-01.20.43:692][515]LogD3D11RHI: Timed out while waiting for GPU to catch up. (0.5 s)
[2019.01.24-01.20.44:193][515]LogD3D11RHI: Timed out while waiting for GPU to catch up. (0.5 s)
[2019.01.24-01.20.44:693][515]LogD3D11RHI: Timed out while waiting for GPU to catch up. (0.5 s)
[2019.01.24-01.20.45:192][515]LogD3D11RHI: Timed out while waiting for GPU to catch up. (0.5 s)
[2019.01.24-01.20.45:693][515]LogD3D11RHI: Timed out while waiting for GPU to catch up. (0.5 s)
[2019.01.24-01.20.46:192][515]LogD3D11RHI: Timed out while waiting for GPU to catch up. (0.5 s)
[2019.01.24-01.20.46:693][515]LogD3D11RHI: Timed out while waiting for GPU to catch up. (0.5 s)
[2019.01.24-01.20.47:193][515]LogD3D11RHI: Timed out while waiting for GPU to catch up. (0.5 s)
[2019.01.24-01.20.47:694][515]LogD3D11RHI: Timed out while waiting for GPU to catch up. (0.5 s)
[2019.01.24-01.20.48:193][515]LogD3D11RHI: Timed out while waiting for GPU to catch up. (0.5 s)
[2019.01.24-01.20.48:694][515]LogD3D11RHI: Timed out while waiting for GPU to catch up. (0.5 s)
[2019.01.24-01.20.49:193][515]LogD3D11RHI: Timed out while waiting for GPU to catch up. (0.5 s)
[2019.01.24-01.20.49:694][515]LogD3D11RHI: Timed out while waiting for GPU to catch up. (0.5 s)
[2019.01.24-01.20.50:193][515]LogD3D11RHI: Timed out while waiting for GPU to catch up. (0.5 s)
[2019.01.24-01.20.50:692][515]LogD3D11RHI: Timed out while waiting for GPU to catch up. (0.5 s)
[2019.01.24-01.20.51:194][515]LogD3D11RHI: Timed out while waiting for GPU to catch up. (0.5 s)
[2019.01.24-01.20.51:693][515]LogD3D11RHI: Timed out while waiting for GPU to catch up. (0.5 s)
[2019.01.24-01.20.52:194][515]LogD3D11RHI: Timed out while waiting for GPU to catch up. (0.5 s)
[2019.01.24-01.20.52:694][515]LogD3D11RHI: Timed out while waiting for GPU to catch up. (0.5 s)
[2019.01.24-01.20.53:194][515]LogD3D11RHI: Timed out while waiting for GPU to catch up. (0.5 s)
[2019.01.24-01.20.53:693][515]LogD3D11RHI: Timed out while waiting for GPU to catch up. (0.5 s)
[2019.01.24-01.20.54:193][515]LogD3D11RHI: Timed out while waiting for GPU to catch up. (0.5 s)
[2019.01.24-01.20.54:693][515]LogD3D11RHI: Timed out while waiting for GPU to catch up. (0.5 s)
[2019.01.24-01.20.55:194][515]LogD3D11RHI: Timed out while waiting for GPU to catch up. (0.5 s)
[2019.01.24-01.20.55:694][515]LogD3D11RHI: Timed out while waiting for GPU to catch up. (0.5 s)
[2019.01.24-01.20.56:193][515]LogD3D11RHI: Timed out while waiting for GPU to catch up. (0.5 s)
[2019.01.24-01.20.56:694][515]LogD3D11RHI: Timed out while waiting for GPU to catch up. (0.5 s)
[2019.01.24-01.20.57:194][515]LogD3D11RHI: Timed out while waiting for GPU to catch up. (0.5 s)
[2019.01.24-01.20.57:694][515]LogD3D11RHI: Timed out while waiting for GPU to catch up. (0.5 s)
[2019.01.24-01.20.58:193][515]LogD3D11RHI: Timed out while waiting for GPU to catch up. (0.5 s)
[2019.01.24-01.20.58:694][515]LogD3D11RHI: Timed out while waiting for GPU to catch up. (0.5 s)
[2019.01.24-01.20.59:195][515]LogD3D11RHI: Timed out while waiting for GPU to catch up. (0.5 s)
[2019.01.24-01.20.59:695][515]LogD3D11RHI: Timed out while waiting for GPU to catch up. (0.5 s)
[2019.01.24-01.21.00:195][515]LogD3D11RHI: Timed out while waiting for GPU to catch up. (0.5 s)
[2019.01.24-01.21.00:695][515]LogD3D11RHI: Timed out while waiting for GPU to catch up. (0.5 s)
[2019.01.24-01.21.01:194][515]LogD3D11RHI: Timed out while waiting for GPU to catch up. (0.5 s)
[2019.01.24-01.21.01:694][515]LogD3D11RHI: Timed out while waiting for GPU to catch up. (0.5 s)
[2019.01.24-01.21.02:195][515]LogD3D11RHI: Timed out while waiting for GPU to catch up. (0.5 s)
[2019.01.24-01.21.02:696][515]LogD3D11RHI: Timed out while waiting for GPU to catch up. (0.5 s)
[2019.01.24-01.21.03:194][515]LogD3D11RHI: Timed out while waiting for GPU to catch up. (0.5 s)
[2019.01.24-01.21.03:695][515]LogD3D11RHI: Timed out while waiting for GPU to catch up. (0.5 s)
[2019.01.24-01.21.04:194][515]LogD3D11RHI: Timed out while waiting for GPU to catch up. (0.5 s)
[2019.01.24-01.21.04:694][515]LogD3D11RHI: Timed out while waiting for GPU to catch up. (0.5 s)
[2019.01.24-01.21.05:196][515]LogD3D11RHI: Timed out while waiting for GPU to catch up. (0.5 s)
[2019.01.24-01.21.05:694][515]LogD3D11RHI: Timed out while waiting for GPU to catch up. (0.5 s)
[2019.01.24-01.21.06:195][515]LogD3D11RHI: Timed out while waiting for GPU to catch up. (0.5 s)
[2019.01.24-01.21.06:695][515]LogD3D11RHI: Timed out while waiting for GPU to catch up. (0.5 s)
[2019.01.24-01.21.07:194][515]LogD3D11RHI: Timed out while waiting for GPU to catch up. (0.5 s)
[2019.01.24-01.21.07:694][515]LogD3D11RHI: Timed out while waiting for GPU to catch up. (0.5 s)
[2019.01.24-01.21.08:194][515]LogD3D11RHI: Timed out while waiting for GPU to catch up. (0.5 s)
[2019.01.24-01.21.08:695][515]LogD3D11RHI: Timed out while waiting for GPU to catch up. (0.5 s)
[2019.01.24-01.21.09:196][515]LogD3D11RHI: Timed out while waiting for GPU to catch up. (0.5 s)
[2019.01.24-01.21.09:696][515]LogD3D11RHI: Timed out while waiting for GPU to catch up. (0.5 s)
[2019.01.24-01.21.10:195][515]LogD3D11RHI: Timed out while waiting for GPU to catch up. (0.5 s)
[2019.01.24-01.21.10:696][515]LogD3D11RHI: Timed out while waiting for GPU to catch up. (0.5 s)
[2019.01.24-01.21.11:195][515]LogD3D11RHI: Timed out while waiting for GPU to catch up. (0.5 s)
[2019.01.24-01.21.11:695][515]LogD3D11RHI: Timed out while waiting for GPU to catch up. (0.5 s)
[2019.01.24-01.21.12:196][515]LogD3D11RHI: Timed out while waiting for GPU to catch up. (0.5 s)
[2019.01.24-01.21.12:695][515]LogD3D11RHI: Timed out while waiting for GPU to catch up. (0.5 s)
