Log file open, 01/21/19 19:37:40
LogWindows: Failed to load 'aqProf.dll' (GetLastError=126)
LogWindows: File 'aqProf.dll' does not exist
LogWindows: Failed to load 'VSPerf140.dll' (GetLastError=126)
LogWindows: File 'VSPerf140.dll' does not exist
LogWindows: Failed to load 'VtuneApi.dll' (GetLastError=126)
LogWindows: File 'VtuneApi.dll' does not exist
LogWindows: Failed to load 'VtuneApi32e.dll' (GetLastError=126)
LogWindows: File 'VtuneApi32e.dll' does not exist
LogInit: Display: Running engine for game: RS_InClassWhiteBox
LogPlatformFile: Not using cached read wrapper
LogTaskGraph: Started task graph with 5 named threads and 14 total threads with 3 sets of task threads.
LogStats: Stats thread started at 0.201764
LogD3D11RHI: Loaded GFSDK_Aftermath_Lib.x64.dll
LogICUInternationalization: Display: ICU TimeZone Detection - Raw Offset: -7:00, Platform Override: ''
LogPluginManager: Mounting plugin Paper2D
LogPluginManager: Mounting plugin AISupport
LogPluginManager: Mounting plugin LightPropagationVolume
LogPluginManager: Mounting plugin CLionSourceCodeAccess
LogPluginManager: Mounting plugin CodeLiteSourceCodeAccess
LogPluginManager: Mounting plugin GitSourceControl
LogPluginManager: Mounting plugin KDevelopSourceCodeAccess
LogPluginManager: Mounting plugin NullSourceCodeAccess
LogPluginManager: Mounting plugin PerforceSourceControl
LogPluginManager: Mounting plugin SubversionSourceControl
LogPluginManager: Mounting plugin UObjectPlugin
LogPluginManager: Mounting plugin VisualStudioCodeSourceCodeAccess
LogPluginManager: Mounting plugin VisualStudioSourceCodeAccess
LogPluginManager: Mounting plugin XCodeSourceCodeAccess
LogPluginManager: Mounting plugin AssetManagerEditor
LogPluginManager: Mounting plugin CryptoKeys
LogPluginManager: Mounting plugin DataValidation
LogPluginManager: Mounting plugin FacialAnimation
LogPluginManager: Mounting plugin GameplayTagsEditor
LogPluginManager: Mounting plugin MacGraphicsSwitching
LogPluginManager: Mounting plugin MeshEditor
LogPluginManager: Mounting plugin MobileLauncherProfileWizard
LogPluginManager: Mounting plugin PluginBrowser
LogPluginManager: Mounting plugin SpeedTreeImporter
LogPluginManager: Mounting plugin DatasmithContent
LogPluginManager: Mounting plugin AlembicImporter
LogPluginManager: Mounting plugin AppleImageUtils
LogPluginManager: Mounting plugin AppleVision
LogPluginManager: Mounting plugin BackChannel
LogPluginManager: Mounting plugin CharacterAI
LogPluginManager: Mounting plugin GeometryCache
LogPluginManager: Mounting plugin HTML5Networking
LogPluginManager: Mounting plugin ProxyLODPlugin
LogPluginManager: Mounting plugin MagicLeap
LogPluginManager: Mounting plugin MagicLeapEmulator
LogPluginManager: Mounting plugin MagicLeapMedia
LogPluginManager: Mounting plugin AndroidMedia
LogPluginManager: Mounting plugin AvfMedia
LogPluginManager: Mounting plugin ImgMedia
LogPluginManager: Mounting plugin LinearTimecode
LogPluginManager: Mounting plugin MediaCompositing
LogPluginManager: Mounting plugin MediaPlayerEditor
LogPluginManager: Mounting plugin WmfMedia
LogPluginManager: Mounting plugin TcpMessaging
LogPluginManager: Mounting plugin UdpMessaging
LogPluginManager: Mounting plugin ActorSequence
LogPluginManager: Mounting plugin LevelSequenceEditor
LogPluginManager: Mounting plugin MatineeToLevelSequence
LogPluginManager: Mounting plugin NetcodeUnitTest
LogPluginManager: Mounting plugin NUTUnrealEngine4
LogPluginManager: Mounting plugin OnlineSubsystemGooglePlay
LogPluginManager: Mounting plugin OnlineSubsystemIOS
LogPluginManager: Mounting plugin OnlineSubsystem
LogPluginManager: Mounting plugin OnlineSubsystemNull
LogPluginManager: Mounting plugin OnlineSubsystemUtils
LogPluginManager: Mounting plugin LauncherChunkInstaller
LogPluginManager: Mounting plugin AndroidDeviceProfileSelector
LogPluginManager: Mounting plugin AndroidMoviePlayer
LogPluginManager: Mounting plugin AndroidPermission
LogPluginManager: Mounting plugin AppleMoviePlayer
LogPluginManager: Mounting plugin ArchVisCharacter
LogPluginManager: Mounting plugin AudioCapture
LogPluginManager: Mounting plugin CableComponent
LogPluginManager: Mounting plugin CustomMeshComponent
LogPluginManager: Mounting plugin EditableMesh
LogPluginManager: Mounting plugin ExampleDeviceProfileSelector
LogPluginManager: Mounting plugin GoogleCloudMessaging
LogPluginManager: Mounting plugin ImmediatePhysics
LogPluginManager: Mounting plugin IOSDeviceProfileSelector
LogPluginManager: Mounting plugin LinuxDeviceProfileSelector
LogPluginManager: Mounting plugin LocationServicesBPLibrary
LogPluginManager: Mounting plugin MobilePatchingUtils
LogPluginManager: Mounting plugin OculusVR
LogPluginManager: Plugin shader directory ../../../Engine/Plugins/Runtime/Oculus/OculusVR/Shaders found
LogPluginManager: Mapping shader source directory ../../../Engine/Plugins/Runtime/Oculus/OculusVR/Shaders to virtual directory /Plugin/OculusVR
LogPluginManager: Mounting plugin PhysXVehicles
LogPluginManager: Mounting plugin ProceduralMeshComponent
LogPluginManager: Mounting plugin RuntimePhysXCooking
LogPluginManager: Mounting plugin SteamVR
LogPluginManager: Mounting plugin WindowsMoviePlayer
LogStreaming: Display: Took  0.157s to configure plugins.
LogInit: Using libcurl 7.55.1-DEV
LogInit:  - built for x86_64-pc-win32
LogInit:  - supports SSL with OpenSSL/1.0.2h
LogInit:  - supports HTTP deflate (compression) using libz 1.2.8
LogInit:  - other features:
LogInit:      CURL_VERSION_SSL
LogInit:      CURL_VERSION_LIBZ
LogInit:      CURL_VERSION_IPV6
LogInit:      CURL_VERSION_ASYNCHDNS
LogInit:      CURL_VERSION_LARGEFILE
LogInit:      CURL_VERSION_IDN
LogInit:  CurlRequestOptions (configurable via config and command line):
LogInit:  - bVerifyPeer = false  - Libcurl will NOT verify peer certificate
LogInit:  - bUseHttpProxy = false  - Libcurl will NOT use HTTP proxy
LogInit:  - bDontReuseConnections = false  - Libcurl will reuse connections
LogInit:  - CertBundlePath = nullptr  - Libcurl will use whatever was configured at build time.
LogInit:  - MaxHostConnections = 16  - Libcurl will limit the number of connections to a host
LogInit:  - LocalHostAddr = Default
LogInit:  - BufferSize = 65536
LogInit: WinSock: version 1.1 (2.2), MaxSocks=32767, MaxUdp=65467
LogInit: Build: ++UE4+Release-4.20-CL-4369336
LogInit: Engine Version: 4.20.3-4369336+++UE4+Release-4.20
LogInit: Compatible Engine Version: 4.20.0-4212847+++UE4+Release-4.20
LogInit: Net CL: 4212847
LogInit: OS: Windows 10 (), CPU: Intel(R) Core(TM) i5-7300HQ CPU @ 2.50GHz, GPU: Intel(R) HD Graphics 630
LogInit: Compiled (64-bit): Sep 17 2018 12:26:19
LogInit: Compiled with Visual C++: 19.13.26129.00
LogInit: Build Configuration: Development
LogInit: Branch Name: ++UE4+Release-4.20
LogInit: Command Line: 
LogInit: Base Directory: C:/Program Files/Epic Games/UE_4.20/Engine/Binaries/Win64/
LogInit: Installed Engine Build: 1
LogDevObjectVersion: Number of dev versions registered: 20
LogDevObjectVersion:   Dev-Blueprints (B0D832E4-1F89-4F0D-ACCF-7EB736FD4AA2): 10
LogDevObjectVersion:   Dev-Build (E1C64328-A22C-4D53-A36C-8E866417BD8C): 0
LogDevObjectVersion:   Dev-Core (375EC13C-06E4-48FB-B500-84F0262A717E): 2
LogDevObjectVersion:   Dev-Editor (E4B068ED-F494-42E9-A231-DA0B2E46BB41): 24
LogDevObjectVersion:   Dev-Framework (CFFC743F-43B0-4480-9391-14DF171D2073): 34
LogDevObjectVersion:   Dev-Mobile (B02B49B5-BB20-44E9-A304-32B752E40360): 2
LogDevObjectVersion:   Dev-Networking (A4E4105C-59A1-49B5-A7C5-40C4547EDFEE): 0
LogDevObjectVersion:   Dev-Online (39C831C9-5AE6-47DC-9A44-9C173E1C8E7C): 0
LogDevObjectVersion:   Dev-Physics (78F01B33-EBEA-4F98-B9B4-84EACCB95AA2): 0
LogDevObjectVersion:   Dev-Platform (6631380F-2D4D-43E0-8009-CF276956A95A): 0
LogDevObjectVersion:   Dev-Rendering (12F88B9F-8875-4AFC-A67C-D90C383ABD29): 26
LogDevObjectVersion:   Dev-Sequencer (7B5AE74C-D270-4C10-A958-57980B212A5A): 9
LogDevObjectVersion:   Dev-VR (D7296918-1DD6-4BDD-9DE2-64A83CC13884): 2
LogDevObjectVersion:   Dev-LoadTimes (C2A15278-BFE7-4AFE-6C17-90FF531DF755): 1
LogDevObjectVersion:   Private-Geometry (6EACA3D4-40EC-4CC1-B786-8BED09428FC5): 3
LogDevObjectVersion:   Dev-AnimPhys (29E575DD-E0A3-4627-9D10-D276232CDCEA): 17
LogDevObjectVersion:   Dev-ReflectionCapture (6B266CEC-1EC7-4B8F-A30B-E4D90942FC07): 1
LogDevObjectVersion:   Dev-Automation (0DF73D61-A23F-47EA-B727-89E90C41499A): 1
LogDevObjectVersion:   FortniteMain (601D1886-AC64-4F84-AA16-D3DE0DEAC7D6): 12
LogDevObjectVersion:   Dev-Enterprise (9DFFBCD6-494F-0158-E221-12823C92A888): 1
LogStreaming: Display: Took  0.001s to delete old logs.
LogInit: Presizing for max 8388607 objects, including 0 objects not considered by GC, pre-allocating 0 bytes for permanent pool.
LogInit: Object subsystem initialized
[2019.01.22-02.37.41:294][  0]LogInit: Selected Device Profile: [Windows]
[2019.01.22-02.37.41:294][  0]LogInit: Applying CVar settings loaded from the selected device profile: [Windows]
[2019.01.22-02.37.41:308][  0]LogHAL: Display: Platform has ~ 8 GB [8449904640 / 8589934592 / 8], which maps to Default [LargestMinGB=32, LargerMinGB=12, DefaultMinGB=8, SmallerMinGB=6, SmallestMinGB=0)
[2019.01.22-02.37.41:308][  0]LogInit: Setting Device Profile CVar: [[r.Vulkan.UseRealUBs:1]]
[2019.01.22-02.37.41:308][  0]LogInit: Going up to parent DeviceProfile []
[2019.01.22-02.37.41:308][  0]LogInit: Computer: MUMBO
[2019.01.22-02.37.41:308][  0]LogInit: User: resta
[2019.01.22-02.37.41:308][  0]LogInit: CPU Page size=4096, Cores=4
[2019.01.22-02.37.41:308][  0]LogInit: High frequency timer resolution =2.437502 MHz
[2019.01.22-02.37.41:308][  0]LogMemory: Memory total: Physical=7.9GB (8GB approx)
[2019.01.22-02.37.41:308][  0]LogMemory: Platform Memory Stats for Windows
[2019.01.22-02.37.41:308][  0]LogMemory: Process Physical Memory: 99.93 MB used, 99.93 MB peak
[2019.01.22-02.37.41:308][  0]LogMemory: Process Virtual Memory: 84.23 MB used, 84.23 MB peak
[2019.01.22-02.37.41:308][  0]LogMemory: Physical Memory: 5909.95 MB used,  2148.51 MB free, 8058.46 MB total
[2019.01.22-02.37.41:308][  0]LogMemory: Virtual Memory: 4625.40 MB used,  2148.51 MB free, 134217728.00 MB total
[2019.01.22-02.37.41:328][  0]LogInit: Using OS detected language (en-US).
[2019.01.22-02.37.41:328][  0]LogInit: Using OS detected locale (en-US).
[2019.01.22-02.37.41:329][  0]LogTextLocalizationManager: No specific localization for 'en-US' exists, so the 'en' localization will be used.
[2019.01.22-02.37.41:732][  0]LogStreaming: Display: Took  0.404s to InitEngineTextLocalization.
[2019.01.22-02.37.41:732][  0]LogInit: Setting process to per monitor DPI aware
[2019.01.22-02.37.41:763][  0]LogSlate: New Slate User Created.  User Index 0, Is Virtual User: 0
[2019.01.22-02.37.41:763][  0]LogSlate: Slate User Registered.  User Index 0, Is Virtual User: 0
[2019.01.22-02.37.42:010][  0]LogHMD: Failed to initialize OpenVR with code 110
[2019.01.22-02.37.42:010][  0]LogD3D11RHI: D3D11 adapters:
[2019.01.22-02.37.42:428][  0]LogD3D11RHI:    0. 'NVIDIA GeForce GTX 1050' (Feature Level 11_0)
[2019.01.22-02.37.42:428][  0]LogD3D11RHI:       4019/0/4029 MB DedicatedVideo/DedicatedSystem/SharedSystem, Outputs:1, VendorId:0x10de
[2019.01.22-02.37.42:439][  0]LogD3D11RHI:    1. 'Intel(R) HD Graphics 630' (Feature Level 11_0)
[2019.01.22-02.37.42:439][  0]LogD3D11RHI:       128/0/4029 MB DedicatedVideo/DedicatedSystem/SharedSystem, Outputs:0, VendorId:0x8086
[2019.01.22-02.37.42:442][  0]LogD3D11RHI:    2. 'Microsoft Basic Render Driver' (Feature Level 11_0)
[2019.01.22-02.37.42:442][  0]LogD3D11RHI:       0/0/4029 MB DedicatedVideo/DedicatedSystem/SharedSystem, Outputs:0, VendorId:0x1414
[2019.01.22-02.37.42:442][  0]LogD3D11RHI: Chosen D3D11 Adapter: 0
[2019.01.22-02.37.42:496][  0]LogD3D11RHI: Creating new Direct3DDevice
[2019.01.22-02.37.42:496][  0]LogD3D11RHI:     GPU DeviceId: 0x1c8d (for the marketing name, search the web for "GPU Device Id")
[2019.01.22-02.37.42:496][  0]LogWindows: EnumDisplayDevices:
[2019.01.22-02.37.42:496][  0]LogWindows:    0. 'Intel(R) HD Graphics 630' (P:1 D:1)
[2019.01.22-02.37.42:497][  0]LogWindows:    1. 'Intel(R) HD Graphics 630' (P:0 D:0)
[2019.01.22-02.37.42:497][  0]LogWindows:    2. 'Intel(R) HD Graphics 630' (P:0 D:0)
[2019.01.22-02.37.42:497][  0]LogWindows:    3. 'NVIDIA GeForce GTX 1050' (P:0 D:0)
[2019.01.22-02.37.42:497][  0]LogWindows: DebugString: PrimaryIsNotTheChoosenAdapter PrimaryIsNotTheChoosenAdapter PrimaryIsNotTheChoosenAdapter 
[2019.01.22-02.37.42:497][  0]LogD3D11RHI:     Adapter Name: NVIDIA GeForce GTX 1050
[2019.01.22-02.37.42:497][  0]LogD3D11RHI:   Driver Version: 391.25 (internal:23.21.13.9125, unified:391.25)
[2019.01.22-02.37.42:497][  0]LogD3D11RHI:      Driver Date: 3-16-2018
[2019.01.22-02.37.42:497][  0]LogRHI: Texture pool is 2813 MB (70% of 4019 MB)
[2019.01.22-02.37.42:533][  0]LogD3D11RHI: Async texture creation enabled
[2019.01.22-02.37.42:548][  0]LogD3D11RHI: GPU Timing Frequency: 1000.000000 (Debug: 2 2)
[2019.01.22-02.37.42:549][  0]LogShaderCompilers: Guid format shader working directory is -47 characters bigger than the processId version (../../../../../../Users/resta/OneDrive/Documents/GitHub/RS_AssetPipeline/RS_InClassWhiteBox/Intermediate/Shaders/WorkingDirectory/166584/).
[2019.01.22-02.37.42:549][  0]LogShaderCompilers: Cleaned the shader compiler working directory 'C:/Users/resta/AppData/Local/Temp/UnrealShaderWorkingDir/4F8000A14FE96AC460B96393B432769B/'.
[2019.01.22-02.37.42:819][  0]LogTemp: Display: Loaded TP AllDesktopTargetPlatform
[2019.01.22-02.37.42:833][  0]LogTemp: Display: Loaded TP MacClientTargetPlatform
[2019.01.22-02.37.42:846][  0]LogTemp: Display: Loaded TP MacNoEditorTargetPlatform
[2019.01.22-02.37.42:860][  0]LogTemp: Display: Loaded TP MacServerTargetPlatform
[2019.01.22-02.37.42:874][  0]LogTemp: Display: Loaded TP MacTargetPlatform
[2019.01.22-02.37.42:888][  0]LogTemp: Display: Loaded TP WindowsClientTargetPlatform
[2019.01.22-02.37.42:901][  0]LogTemp: Display: Loaded TP WindowsNoEditorTargetPlatform
[2019.01.22-02.37.42:914][  0]LogTemp: Display: Loaded TP WindowsServerTargetPlatform
[2019.01.22-02.37.42:921][  0]LogTemp: Display: Loaded TP WindowsTargetPlatform
[2019.01.22-02.37.43:003][  0]LogTemp: Display: Loaded TP AndroidTargetPlatform
[2019.01.22-02.37.43:003][  0]LogTemp: Display: Loaded TP AndroidTargetPlatform
[2019.01.22-02.37.43:003][  0]LogTemp: Display: Loaded TP AndroidTargetPlatform
[2019.01.22-02.37.43:003][  0]LogTemp: Display: Loaded TP AndroidTargetPlatform
[2019.01.22-02.37.43:003][  0]LogTemp: Display: Loaded TP AndroidTargetPlatform
[2019.01.22-02.37.43:003][  0]LogTemp: Display: Loaded TP AndroidTargetPlatform
[2019.01.22-02.37.43:003][  0]LogTemp: Display: Loaded TP AndroidTargetPlatform
[2019.01.22-02.37.43:003][  0]LogTemp: Display: Loaded TP AndroidTargetPlatform
[2019.01.22-02.37.43:003][  0]LogTemp: Display: Loaded TP AndroidTargetPlatform
[2019.01.22-02.37.43:003][  0]LogTemp: Display: Loaded TP AndroidTargetPlatform
[2019.01.22-02.37.43:003][  0]LogTemp: Display: Loaded TP AndroidTargetPlatform
[2019.01.22-02.37.43:003][  0]LogTemp: Display: Loaded TP AndroidTargetPlatform
[2019.01.22-02.37.43:003][  0]LogTemp: Display: Loaded TP AndroidTargetPlatform
[2019.01.22-02.37.43:003][  0]LogTemp: Display: Loaded TP AndroidTargetPlatform
[2019.01.22-02.37.43:003][  0]LogTemp: Display: Loaded TP AndroidTargetPlatform
[2019.01.22-02.37.43:003][  0]LogTemp: Display: Loaded TP AndroidTargetPlatform
[2019.01.22-02.37.43:003][  0]LogTemp: Display: Loaded TP AndroidTargetPlatform
[2019.01.22-02.37.43:003][  0]LogTemp: Display: Loaded TP AndroidTargetPlatform
[2019.01.22-02.37.43:004][  0]LogTemp: Display: Loaded TP HTML5TargetPlatform
[2019.01.22-02.37.43:065][  0]LogTemp: Display: Loaded TP IOSTargetPlatform
[2019.01.22-02.37.43:065][  0]LogTemp: Display: Loaded TP IOSTargetPlatform
[2019.01.22-02.37.43:089][  0]LogTemp: Display: Loaded TP TVOSTargetPlatform
[2019.01.22-02.37.43:089][  0]LogTemp: Display: Loaded TP TVOSTargetPlatform
[2019.01.22-02.37.43:103][  0]LogTemp: Display: Loaded TP LinuxClientTargetPlatform
[2019.01.22-02.37.43:115][  0]LogTemp: Display: Loaded TP LinuxNoEditorTargetPlatform
[2019.01.22-02.37.43:129][  0]LogTemp: Display: Loaded TP LinuxServerTargetPlatform
[2019.01.22-02.37.43:143][  0]LogTemp: Display: Loaded TP LinuxTargetPlatform
[2019.01.22-02.37.43:153][  0]LogTemp: Display: Loaded TP LuminTargetPlatform
[2019.01.22-02.37.43:153][  0]LogTargetPlatformManager: Display: Building Assets For Windows
[2019.01.22-02.37.43:212][  0]LogXGEController: Cannot use XGE Controller as Incredibuild is not installed on this machine.
[2019.01.22-02.37.43:212][  0]LogShaderCompilers: Cannot use XGE Shader Compiler as Incredibuild is not installed on this machine.
[2019.01.22-02.37.43:212][  0]LogShaderCompilers: Display: Using Local Shader Compiler.
[2019.01.22-02.37.43:989][  0]LogDerivedDataCache: Display: Max Cache Size: 512 MB
[2019.01.22-02.37.44:047][  0]LogDerivedDataCache: Loaded boot cache 0.06s 71MB C:/Users/resta/AppData/Local/UnrealEngine/4.20/DerivedDataCache/Boot.ddc.
[2019.01.22-02.37.44:048][  0]LogDerivedDataCache: Display: Loaded Boot cache: C:/Users/resta/AppData/Local/UnrealEngine/4.20/DerivedDataCache/Boot.ddc
[2019.01.22-02.37.44:048][  0]LogDerivedDataCache: FDerivedDataBackendGraph:  Pak pak cache file ../../../../../../Users/resta/OneDrive/Documents/GitHub/RS_AssetPipeline/RS_InClassWhiteBox/DerivedDataCache/DDC.ddp not found, will not use a pak cache.
[2019.01.22-02.37.44:048][  0]LogDerivedDataCache: Unable to find inner node Pak for hierarchical cache Hierarchy.
[2019.01.22-02.37.44:048][  0]LogDerivedDataCache: FDerivedDataBackendGraph:  CompressedPak pak cache file ../../../../../../Users/resta/OneDrive/Documents/GitHub/RS_AssetPipeline/RS_InClassWhiteBox/DerivedDataCache/Compressed.ddp not found, will not use a pak cache.
[2019.01.22-02.37.44:048][  0]LogDerivedDataCache: Unable to find inner node CompressedPak for hierarchical cache Hierarchy.
[2019.01.22-02.37.44:061][  0]LogDerivedDataCache: Display: Pak cache opened for reading ../../../Engine/DerivedDataCache/Compressed.ddp.
[2019.01.22-02.37.44:074][  0]LogDerivedDataCache: Using Local data cache path C:/Users/resta/AppData/Local/UnrealEngine/Common/DerivedDataCache: Writable
[2019.01.22-02.37.44:074][  0]LogDerivedDataCache: Shared data cache path not found in *engine.ini, will not use an Shared cache.
[2019.01.22-02.37.44:074][  0]LogDerivedDataCache: Unable to find inner node Shared for hierarchical cache Hierarchy.
[2019.01.22-02.37.44:092][  0]LogMaterial: Verifying Global Shaders for PCD3D_SM5
[2019.01.22-02.37.44:094][  0]LogSlate: Using FreeType 2.6.0
[2019.01.22-02.37.44:094][  0]LogSlate: SlateFontServices - WITH_FREETYPE: 1, WITH_HARFBUZZ: 1
[2019.01.22-02.37.44:169][  0]LogAssetRegistry: FAssetRegistry took 0.0263 seconds to start up
[2019.01.22-02.37.44:496][  0]LogInit: Selected Device Profile: [Windows]
[2019.01.22-02.37.44:642][  0]LogSimplygon: Simplygon DLL not present - disabling.
[2019.01.22-02.37.44:646][  0]LogMeshReduction: Using SimplygonSwarm for distributed automatic mesh merging
[2019.01.22-02.37.44:646][  0]LogMeshReduction: Using ProxyLODMeshReduction for automatic mesh merging
[2019.01.22-02.37.44:646][  0]LogMeshReduction: Using QuadricMeshReduction for automatic static mesh reduction
[2019.01.22-02.37.44:646][  0]LogMeshReduction: No automatic skeletal mesh reduction module available
[2019.01.22-02.37.44:666][  0]LogNetVersion: RS_InClassWhiteBox 1.0.0, NetCL: 4212847, EngineNetVer: 5, GameNetVer: 0 (Checksum: 3079657181)
[2019.01.22-02.37.45:260][  0]LogPackageLocalizationCache: Processed 11 localized package path(s) for 2 prioritized culture(s) in 0.111046 seconds
[2019.01.22-02.37.45:266][  0]LogUObjectArray: 38425 objects as part of root set at end of initial load.
[2019.01.22-02.37.45:266][  0]LogUObjectAllocator: 6690864 out of 0 bytes used by permanent object pool.
[2019.01.22-02.37.45:267][  0]LogUObjectArray: CloseDisregardForGC: 0/0 objects in disregard for GC pool
[2019.01.22-02.37.46:157][  0]LogTcpMessaging: Initializing TcpMessaging bridge
[2019.01.22-02.37.46:170][  0]LogUdpMessaging: Initializing bridge on interface 0.0.0.0:0 to multicast group 230.0.0.1:6666.
[2019.01.22-02.37.46:322][  0]SourceControl: Source control is disabled
[2019.01.22-02.37.46:322][  0]SourceControl: Source control is disabled
[2019.01.22-02.37.46:324][  0]SourceControl: Source control is disabled
[2019.01.22-02.37.46:325][  0]SourceControl: Source control is disabled
[2019.01.22-02.37.46:497][  0]LogAndroidPermission: UAndroidPermissionCallbackProxy::GetInstance
[2019.01.22-02.37.46:542][  0]LogOcInput: OculusInput pre-init called
[2019.01.22-02.37.46:605][  0]LogEngine: Initializing Engine...
[2019.01.22-02.37.46:606][  0]LogHMD: Failed to initialize OpenVR with code 110
[2019.01.22-02.37.46:608][  0]LogStats: UGameplayTagsManager::ConstructGameplayTagTree: ImportINI prefixes -  0.000 s
[2019.01.22-02.37.46:608][  0]LogStats: UGameplayTagsManager::ConstructGameplayTagTree: Construct from data asset -  0.000 s
[2019.01.22-02.37.46:608][  0]LogStats: UGameplayTagsManager::ConstructGameplayTagTree: ImportINI -  0.000 s
[2019.01.22-02.37.46:608][  0]LogStats: UGameplayTagsManager::ConstructGameplayTagTree: GameplayTagTreeChangedEvent.Broadcast -  0.000 s
[2019.01.22-02.37.46:886][  0]LogInit: Initializing FReadOnlyCVARCache
[2019.01.22-02.37.46:899][  0]LogAIModule: Creating AISystem for world Untitled
[2019.01.22-02.37.46:966][  0]LogInit: XAudio2 using 'Speakers / Headphones (Realtek Audio)' : 2 channels at 48 kHz using 32 bits per sample (channel mask 0x3)
[2019.01.22-02.37.48:275][  0]LogInit: FAudioDevice initialized.
[2019.01.22-02.37.48:276][  0]LogNetVersion: Set ProjectVersion to 1.0.0.0. Version Checksum will be recalculated on next use.
[2019.01.22-02.37.48:462][  0]LogDerivedDataCache: Saved boot cache 0.19s 71MB C:/Users/resta/AppData/Local/UnrealEngine/4.20/DerivedDataCache/Boot.ddc.
[2019.01.22-02.37.48:467][  0]LogInit: Texture streaming: Enabled
[2019.01.22-02.37.48:483][  0]LogEngineSessionManager: EngineSessionManager initialized
[2019.01.22-02.37.48:526][  0]LogInit: Transaction tracking system initialized
[2019.01.22-02.37.48:547][  0]BlueprintLog: New page: Editor Load
[2019.01.22-02.37.48:620][  0]LocalizationService: Localization service is disabled
[2019.01.22-02.37.48:898][  0]LogCook: Display: Max memory allowance for cook 16384mb min free memory 0mb
[2019.01.22-02.37.48:898][  0]LogCook: Display: Mobile HDR setting 1
[2019.01.22-02.37.48:898][  0]LogGameplayTags: Display: UGameplayTagsManager::DoneAddingNativeTags. DelegateIsBound: 0
[2019.01.22-02.37.48:898][  0]LogStats: UGameplayTagsManager::ConstructGameplayTagTree: ImportINI prefixes -  0.000 s
[2019.01.22-02.37.48:898][  0]LogStats: UGameplayTagsManager::ConstructGameplayTagTree: Construct from data asset -  0.000 s
[2019.01.22-02.37.48:898][  0]LogStats: UGameplayTagsManager::ConstructGameplayTagTree: ImportINI -  0.000 s
[2019.01.22-02.37.48:898][  0]LogStats: UGameplayTagsManager::ConstructGameplayTagTree: GameplayTagTreeChangedEvent.Broadcast -  0.000 s
[2019.01.22-02.37.49:030][  0]LogFileCache: Scanning file cache for directory 'C:/Users/resta/OneDrive/Documents/GitHub/RS_AssetPipeline/RS_InClassWhiteBox/Content/' took 0.01s
[2019.01.22-02.37.49:030][  0]SourceControl: Source control is disabled
[2019.01.22-02.37.49:030][  0]Cmd: MAP LOAD FILE="../../../Engine/Content/Maps/Templates/Template_Default.umap" TEMPLATE=1 SHOWPROGRESS=1 FEATURELEVEL=3
[2019.01.22-02.37.49:030][  0]LightingResults: New page: Lighting Build
[2019.01.22-02.37.49:033][  0]MapCheck: New page: Map Check
[2019.01.22-02.37.49:033][  0]LightingResults: New page: Lighting Build
[2019.01.22-02.37.49:242][  0]LogAIModule: Creating AISystem for world Untitled_1
[2019.01.22-02.37.49:250][  0]LogEditorServer: Finished looking for orphan Actors (0.000 secs)
[2019.01.22-02.37.49:275][  0]Cmd: MAP CHECKDEP NOCLEARLOG
[2019.01.22-02.37.49:355][  0]MapCheck: Map check complete: 0 Error(s), 0 Warning(s), took 79.542ms to complete.
[2019.01.22-02.37.49:355][  0]LogFileHelpers: Loading map 'Template_Default' took 0.325
[2019.01.22-02.37.49:450][  0]LogSlate: Updating window title bar state: overlay mode, drag disabled, window buttons hidden, title bar hidden
[2019.01.22-02.37.49:458][  0]LogSlate: Updating window title bar state: overlay mode, drag disabled, window buttons hidden, title bar hidden
[2019.01.22-02.37.49:465][  0]LogSlate: Updating window title bar state: overlay mode, drag disabled, window buttons hidden, title bar hidden
[2019.01.22-02.37.49:474][  0]LogSlate: Updating window title bar state: overlay mode, drag disabled, window buttons hidden, title bar hidden
[2019.01.22-02.37.49:480][  0]LogCollectionManager: Loaded 0 collections in 0.002369 seconds
[2019.01.22-02.37.49:524][  0]LogFileCache: Scanning file cache for directory 'C:/Users/resta/OneDrive/Documents/GitHub/RS_AssetPipeline/RS_InClassWhiteBox/Saved/Collections/' took 0.01s
[2019.01.22-02.37.49:524][  0]LogFileCache: Scanning file cache for directory 'C:/Users/resta/OneDrive/Documents/GitHub/RS_AssetPipeline/RS_InClassWhiteBox/Content/Developers/resta/Collections/' took 0.01s
[2019.01.22-02.37.49:524][  0]LogFileCache: Scanning file cache for directory 'C:/Users/resta/OneDrive/Documents/GitHub/RS_AssetPipeline/RS_InClassWhiteBox/Content/Collections/' took 0.01s
[2019.01.22-02.37.49:524][  0]LogCollectionManager: Rebuilt the GUID cache for 0 collections in 0.000000 seconds
[2019.01.22-02.37.49:533][  0]LogContentBrowser: Native class hierarchy populated in 0.0090 seconds. Added 2572 classes and 603 folders.
[2019.01.22-02.37.49:539][  0]LogContentBrowser: Native class hierarchy updated for 'WidgetCarousel' in 0.0005 seconds. Added 0 classes and 0 folders.
[2019.01.22-02.37.49:596][  0]LogContentBrowser: Native class hierarchy updated for 'AddContentDialog' in 0.0003 seconds. Added 0 classes and 0 folders.
[2019.01.22-02.37.49:601][  0]LogContentBrowser: Native class hierarchy updated for 'SceneOutliner' in 0.0003 seconds. Added 1 classes and 2 folders.
[2019.01.22-02.37.49:619][  0]LogSlate: Took 0.000755 seconds to synchronously load lazily loaded font '../../../Engine/Content/Slate/Fonts/Roboto-Regular.ttf' (155K)
[2019.01.22-02.37.49:623][  0]LogSlate: Took 0.000223 seconds to synchronously load lazily loaded font '../../../Engine/Content/Slate/Fonts/Roboto-Bold.ttf' (160K)
[2019.01.22-02.37.49:628][  0]LogSlate: Took 0.001004 seconds to synchronously load lazily loaded font '../../../Engine/Content/Editor/Slate/Fonts/FontAwesome.ttf' (139K)
[2019.01.22-02.37.49:719][  0]LogRenderer: Reallocating scene render targets to support 964x436 Format 10 NumSamples 1 (Frame:1).
[2019.01.22-02.37.49:902][  0]LogContentBrowser: Native class hierarchy updated for 'HierarchicalLODOutliner' in 0.0003 seconds. Added 0 classes and 0 folders.
[2019.01.22-02.37.49:902][  0]LogLoad: (Engine Initialization) Total time: 10.42 seconds
[2019.01.22-02.37.49:902][  0]LogLoad: (Engine Initialization) Total Blueprint compile time: 0.00 seconds
[2019.01.22-02.37.49:921][  0]LogWindowsTextInputMethodSystem: Display: IME system now deactivated.
[2019.01.22-02.37.49:941][  0]LogContentStreaming: Texture pool size now 1000 MB
[2019.01.22-02.37.49:957][  0]LogSlate: Took 0.000177 seconds to synchronously load lazily loaded font '../../../Engine/Content/Slate/Fonts/Roboto-Light.ttf' (167K)
[2019.01.22-02.37.49:991][  1]LogAssetRegistry: Asset discovery search completed in 5.8432 seconds
[2019.01.22-02.37.49:992][  1]LogCollectionManager: Rebuilt the object cache for 0 collections in 0.000000 seconds (found 0 objects)
[2019.01.22-02.37.49:992][  1]LogCollectionManager: Fixed up redirectors for 0 collections in 0.000045 seconds (updated 0 objects)
[2019.01.22-02.37.53:820][ 85]LogSlate: FSceneViewport::OnFocusLost() reason 0
[2019.01.22-02.37.54:022][ 87]LogSlate: Took 0.000278 seconds to synchronously load lazily loaded font '../../../Engine/Content/Slate/Fonts/Roboto-Light.ttf' (167K)
[2019.01.22-02.37.54:422][ 87]LogAIModule: Creating AISystem for world RS_WBSTREETWITHGEO
[2019.01.22-02.37.54:485][ 87]LogAssetEditorManager: Opening Asset editor for World /Game/RS_WBSTREETWITHGEO.RS_WBSTREETWITHGEO
[2019.01.22-02.37.54:519][ 87]Cmd: MAP LOAD FILE="../../../../../../Users/resta/OneDrive/Documents/GitHub/RS_AssetPipeline/RS_InClassWhiteBox/Content/RS_WBSTREETWITHGEO.umap" TEMPLATE=0 SHOWPROGRESS=1 FEATURELEVEL=3
[2019.01.22-02.37.54:519][ 87]LightingResults: New page: Lighting Build
[2019.01.22-02.37.54:520][ 87]LoadErrors: New page: Loading map: RS_WBSTREETWITHGEO.umap
[2019.01.22-02.37.54:520][ 87]MapCheck: New page: Map Check
[2019.01.22-02.37.54:520][ 87]LightingResults: New page: Lighting Build
[2019.01.22-02.37.54:564][ 87]LogEditorServer: Finished looking for orphan Actors (0.000 secs)
[2019.01.22-02.37.54:618][ 87]Cmd: MAP CHECKDEP NOCLEARLOG
[2019.01.22-02.37.54:701][ 87]MapCheck: Map check complete: 0 Error(s), 0 Warning(s), took 82.82ms to complete.
[2019.01.22-02.37.54:707][ 87]LogFileHelpers: Loading map 'RS_WBSTREETWITHGEO' took 0.189
[2019.01.22-02.39.52:280][503]LogSlate: FSceneViewport::OnFocusLost() reason 0
[2019.01.22-02.40.20:479][317]LogSlate: FSceneViewport::OnFocusLost() reason 0
[2019.01.22-02.40.32:332][634]LogSlate: FSceneViewport::OnFocusLost() reason 0
[2019.01.22-02.40.37:857][762]Cmd: BRUSH ADD SELECTNEWBRUSH
[2019.01.22-02.40.40:488][838]Cmd: TRANSACTION UNDO
[2019.01.22-02.40.40:488][838]LogEditorTransaction: Undo Brush Add
[2019.01.22-02.40.42:562][878]LogSlate: FSceneViewport::OnFocusLost() reason 0
[2019.01.22-02.40.44:096][900]LogD3D11RHI: Timed out while waiting for GPU to catch up. (0.5 s)
[2019.01.22-02.40.44:597][900]LogD3D11RHI: Timed out while waiting for GPU to catch up. (0.5 s)
[2019.01.22-02.40.45:098][900]LogD3D11RHI: Timed out while waiting for GPU to catch up. (0.5 s)
[2019.01.22-02.40.45:597][900]LogD3D11RHI: Timed out while waiting for GPU to catch up. (0.5 s)
[2019.01.22-02.40.46:098][900]LogD3D11RHI: Timed out while waiting for GPU to catch up. (0.5 s)
[2019.01.22-02.40.46:597][900]LogD3D11RHI: Timed out while waiting for GPU to catch up. (0.5 s)
[2019.01.22-02.40.47:098][900]LogD3D11RHI: Timed out while waiting for GPU to catch up. (0.5 s)
[2019.01.22-02.40.47:598][900]LogD3D11RHI: Timed out while waiting for GPU to catch up. (0.5 s)
[2019.01.22-02.40.48:097][900]LogD3D11RHI: Timed out while waiting for GPU to catch up. (0.5 s)
[2019.01.22-02.40.48:597][900]LogD3D11RHI: Timed out while waiting for GPU to catch up. (0.5 s)
[2019.01.22-02.40.49:098][900]LogD3D11RHI: Timed out while waiting for GPU to catch up. (0.5 s)
[2019.01.22-02.40.49:597][900]LogD3D11RHI: Timed out while waiting for GPU to catch up. (0.5 s)
[2019.01.22-02.40.50:097][900]LogD3D11RHI: Timed out while waiting for GPU to catch up. (0.5 s)
[2019.01.22-02.40.50:598][900]LogD3D11RHI: Timed out while waiting for GPU to catch up. (0.5 s)
[2019.01.22-02.40.51:098][900]LogD3D11RHI: Timed out while waiting for GPU to catch up. (0.5 s)
[2019.01.22-02.40.51:598][900]LogD3D11RHI: Timed out while waiting for GPU to catch up. (0.5 s)
[2019.01.22-02.40.52:098][900]LogD3D11RHI: Timed out while waiting for GPU to catch up. (0.5 s)
[2019.01.22-02.40.52:599][900]LogD3D11RHI: Timed out while waiting for GPU to catch up. (0.5 s)
[2019.01.22-02.40.53:098][900]LogD3D11RHI: Timed out while waiting for GPU to catch up. (0.5 s)
[2019.01.22-02.40.53:598][900]LogD3D11RHI: Timed out while waiting for GPU to catch up. (0.5 s)
[2019.01.22-02.40.54:099][900]LogD3D11RHI: Timed out while waiting for GPU to catch up. (0.5 s)
[2019.01.22-02.40.54:597][900]LogD3D11RHI: Timed out while waiting for GPU to catch up. (0.5 s)
[2019.01.22-02.40.55:097][900]LogD3D11RHI: Timed out while waiting for GPU to catch up. (0.5 s)
[2019.01.22-02.40.55:599][900]LogD3D11RHI: Timed out while waiting for GPU to catch up. (0.5 s)
[2019.01.22-02.40.56:099][900]LogD3D11RHI: Timed out while waiting for GPU to catch up. (0.5 s)
[2019.01.22-02.40.56:599][900]LogD3D11RHI: Timed out while waiting for GPU to catch up. (0.5 s)
[2019.01.22-02.40.57:097][900]LogD3D11RHI: Timed out while waiting for GPU to catch up. (0.5 s)
[2019.01.22-02.40.57:598][900]LogD3D11RHI: Timed out while waiting for GPU to catch up. (0.5 s)
[2019.01.22-02.40.58:098][900]LogD3D11RHI: Timed out while waiting for GPU to catch up. (0.5 s)
[2019.01.22-02.40.58:599][900]LogD3D11RHI: Timed out while waiting for GPU to catch up. (0.5 s)
[2019.01.22-02.40.59:099][900]LogD3D11RHI: Timed out while waiting for GPU to catch up. (0.5 s)
[2019.01.22-02.40.59:598][900]LogD3D11RHI: Timed out while waiting for GPU to catch up. (0.5 s)
[2019.01.22-02.41.00:098][900]LogD3D11RHI: Timed out while waiting for GPU to catch up. (0.5 s)
[2019.01.22-02.41.00:598][900]LogD3D11RHI: Timed out while waiting for GPU to catch up. (0.5 s)
[2019.01.22-02.41.01:099][900]LogD3D11RHI: Timed out while waiting for GPU to catch up. (0.5 s)
[2019.01.22-02.41.01:599][900]LogD3D11RHI: Timed out while waiting for GPU to catch up. (0.5 s)
[2019.01.22-02.41.02:099][900]LogD3D11RHI: Timed out while waiting for GPU to catch up. (0.5 s)
[2019.01.22-02.41.02:598][900]LogD3D11RHI: Timed out while waiting for GPU to catch up. (0.5 s)
[2019.01.22-02.41.03:099][900]LogD3D11RHI: Timed out while waiting for GPU to catch up. (0.5 s)
[2019.01.22-02.41.03:598][900]LogD3D11RHI: Timed out while waiting for GPU to catch up. (0.5 s)
[2019.01.22-02.41.04:098][900]LogD3D11RHI: Timed out while waiting for GPU to catch up. (0.5 s)
[2019.01.22-02.41.04:599][900]LogD3D11RHI: Timed out while waiting for GPU to catch up. (0.5 s)
[2019.01.22-02.41.05:098][900]LogD3D11RHI: Timed out while waiting for GPU to catch up. (0.5 s)
[2019.01.22-02.41.05:598][900]LogD3D11RHI: Timed out while waiting for GPU to catch up. (0.5 s)
[2019.01.22-02.41.06:098][900]LogD3D11RHI: Timed out while waiting for GPU to catch up. (0.5 s)
[2019.01.22-02.41.06:600][900]LogD3D11RHI: Timed out while waiting for GPU to catch up. (0.5 s)
[2019.01.22-02.41.07:099][900]LogD3D11RHI: Timed out while waiting for GPU to catch up. (0.5 s)
[2019.01.22-02.41.07:601][900]LogD3D11RHI: Timed out while waiting for GPU to catch up. (0.5 s)
[2019.01.22-02.41.08:098][900]LogD3D11RHI: Timed out while waiting for GPU to catch up. (0.5 s)
[2019.01.22-02.41.08:599][900]LogD3D11RHI: Timed out while waiting for GPU to catch up. (0.5 s)
[2019.01.22-02.41.09:099][900]LogD3D11RHI: Timed out while waiting for GPU to catch up. (0.5 s)
[2019.01.22-02.41.09:598][900]LogD3D11RHI: Timed out while waiting for GPU to catch up. (0.5 s)
[2019.01.22-02.41.10:099][900]LogD3D11RHI: Timed out while waiting for GPU to catch up. (0.5 s)
[2019.01.22-02.41.10:599][900]LogD3D11RHI: Timed out while waiting for GPU to catch up. (0.5 s)
[2019.01.22-02.41.11:098][900]LogD3D11RHI: Timed out while waiting for GPU to catch up. (0.5 s)
[2019.01.22-02.41.11:599][900]LogD3D11RHI: Timed out while waiting for GPU to catch up. (0.5 s)
[2019.01.22-02.41.12:099][900]LogD3D11RHI: Timed out while waiting for GPU to catch up. (0.5 s)
[2019.01.22-02.41.12:599][900]LogD3D11RHI: Timed out while waiting for GPU to catch up. (0.5 s)
[2019.01.22-02.41.13:100][900]LogD3D11RHI: Timed out while waiting for GPU to catch up. (0.5 s)
[2019.01.22-02.41.13:599][900]LogD3D11RHI: Timed out while waiting for GPU to catch up. (0.5 s)
[2019.01.22-02.41.14:099][900]LogD3D11RHI: Timed out while waiting for GPU to catch up. (0.5 s)
[2019.01.22-02.41.14:599][900]LogD3D11RHI: Timed out while waiting for GPU to catch up. (0.5 s)
[2019.01.22-02.41.15:099][900]LogD3D11RHI: Timed out while waiting for GPU to catch up. (0.5 s)
[2019.01.22-02.41.15:598][900]LogD3D11RHI: Timed out while waiting for GPU to catch up. (0.5 s)
[2019.01.22-02.41.16:100][900]LogD3D11RHI: Timed out while waiting for GPU to catch up. (0.5 s)
[2019.01.22-02.41.16:600][900]LogD3D11RHI: Timed out while waiting for GPU to catch up. (0.5 s)
[2019.01.22-02.41.17:099][900]LogD3D11RHI: Timed out while waiting for GPU to catch up. (0.5 s)
[2019.01.22-02.41.17:598][900]LogD3D11RHI: Timed out while waiting for GPU to catch up. (0.5 s)
[2019.01.22-02.41.18:099][900]LogD3D11RHI: Timed out while waiting for GPU to catch up. (0.5 s)
[2019.01.22-02.41.18:599][900]LogD3D11RHI: Timed out while waiting for GPU to catch up. (0.5 s)
[2019.01.22-02.41.19:098][900]LogD3D11RHI: Timed out while waiting for GPU to catch up. (0.5 s)
[2019.01.22-02.41.19:600][900]LogD3D11RHI: Timed out while waiting for GPU to catch up. (0.5 s)
[2019.01.22-02.41.20:099][900]LogD3D11RHI: Timed out while waiting for GPU to catch up. (0.5 s)
[2019.01.22-02.41.20:600][900]LogD3D11RHI: Timed out while waiting for GPU to catch up. (0.5 s)
[2019.01.22-02.41.21:099][900]LogD3D11RHI: Timed out while waiting for GPU to catch up. (0.5 s)
[2019.01.22-02.41.21:600][900]LogD3D11RHI: Timed out while waiting for GPU to catch up. (0.5 s)
[2019.01.22-02.41.22:100][900]LogD3D11RHI: Timed out while waiting for GPU to catch up. (0.5 s)
[2019.01.22-02.41.22:600][900]LogD3D11RHI: Timed out while waiting for GPU to catch up. (0.5 s)
[2019.01.22-02.41.23:100][900]LogD3D11RHI: Timed out while waiting for GPU to catch up. (0.5 s)
[2019.01.22-02.41.23:600][900]LogD3D11RHI: Timed out while waiting for GPU to catch up. (0.5 s)
[2019.01.22-02.41.24:100][900]LogD3D11RHI: Timed out while waiting for GPU to catch up. (0.5 s)
[2019.01.22-02.41.24:599][900]LogD3D11RHI: Timed out while waiting for GPU to catch up. (0.5 s)
[2019.01.22-02.41.25:100][900]LogD3D11RHI: Timed out while waiting for GPU to catch up. (0.5 s)
[2019.01.22-02.41.25:599][900]LogD3D11RHI: Timed out while waiting for GPU to catch up. (0.5 s)
[2019.01.22-02.41.26:099][900]LogD3D11RHI: Timed out while waiting for GPU to catch up. (0.5 s)
[2019.01.22-02.41.26:599][900]LogD3D11RHI: Timed out while waiting for GPU to catch up. (0.5 s)
[2019.01.22-02.41.27:099][900]LogD3D11RHI: Timed out while waiting for GPU to catch up. (0.5 s)
[2019.01.22-02.41.27:600][900]LogD3D11RHI: Timed out while waiting for GPU to catch up. (0.5 s)
[2019.01.22-02.41.28:099][900]LogD3D11RHI: Timed out while waiting for GPU to catch up. (0.5 s)
[2019.01.22-02.41.28:601][900]LogD3D11RHI: Timed out while waiting for GPU to catch up. (0.5 s)
[2019.01.22-02.41.29:100][900]LogD3D11RHI: Timed out while waiting for GPU to catch up. (0.5 s)
[2019.01.22-02.41.29:599][900]LogD3D11RHI: Timed out while waiting for GPU to catch up. (0.5 s)
[2019.01.22-02.41.30:100][900]LogD3D11RHI: Timed out while waiting for GPU to catch up. (0.5 s)
[2019.01.22-02.41.30:599][900]LogD3D11RHI: Timed out while waiting for GPU to catch up. (0.5 s)
[2019.01.22-02.41.31:100][900]LogD3D11RHI: Timed out while waiting for GPU to catch up. (0.5 s)
[2019.01.22-02.41.31:600][900]LogD3D11RHI: Timed out while waiting for GPU to catch up. (0.5 s)
[2019.01.22-02.41.32:100][900]LogD3D11RHI: Timed out while waiting for GPU to catch up. (0.5 s)
[2019.01.22-02.41.32:599][900]LogD3D11RHI: Timed out while waiting for GPU to catch up. (0.5 s)
[2019.01.22-02.41.33:099][900]LogD3D11RHI: Timed out while waiting for GPU to catch up. (0.5 s)
[2019.01.22-02.41.33:600][900]LogD3D11RHI: Timed out while waiting for GPU to catch up. (0.5 s)
[2019.01.22-02.41.34:100][900]LogD3D11RHI: Timed out while waiting for GPU to catch up. (0.5 s)
[2019.01.22-02.41.34:600][900]LogD3D11RHI: Timed out while waiting for GPU to catch up. (0.5 s)
[2019.01.22-02.41.35:101][900]LogD3D11RHI: Timed out while waiting for GPU to catch up. (0.5 s)
[2019.01.22-02.41.35:599][900]LogD3D11RHI: Timed out while waiting for GPU to catch up. (0.5 s)
[2019.01.22-02.41.36:100][900]LogD3D11RHI: Timed out while waiting for GPU to catch up. (0.5 s)
[2019.01.22-02.41.36:600][900]LogD3D11RHI: Timed out while waiting for GPU to catch up. (0.5 s)
[2019.01.22-02.41.37:099][900]LogD3D11RHI: Timed out while waiting for GPU to catch up. (0.5 s)
[2019.01.22-02.41.37:600][900]LogD3D11RHI: Timed out while waiting for GPU to catch up. (0.5 s)
[2019.01.22-02.41.38:101][900]LogD3D11RHI: Timed out while waiting for GPU to catch up. (0.5 s)
[2019.01.22-02.41.38:600][900]LogD3D11RHI: Timed out while waiting for GPU to catch up. (0.5 s)
[2019.01.22-02.41.39:101][900]LogD3D11RHI: Timed out while waiting for GPU to catch up. (0.5 s)
[2019.01.22-02.41.39:600][900]LogD3D11RHI: Timed out while waiting for GPU to catch up. (0.5 s)
[2019.01.22-02.41.40:101][900]LogD3D11RHI: Timed out while waiting for GPU to catch up. (0.5 s)
[2019.01.22-02.41.40:600][900]LogD3D11RHI: Timed out while waiting for GPU to catch up. (0.5 s)
[2019.01.22-02.41.41:101][900]LogD3D11RHI: Timed out while waiting for GPU to catch up. (0.5 s)
[2019.01.22-02.41.41:600][900]LogD3D11RHI: Timed out while waiting for GPU to catch up. (0.5 s)
[2019.01.22-02.41.42:100][900]LogD3D11RHI: Timed out while waiting for GPU to catch up. (0.5 s)
[2019.01.22-02.41.42:601][900]LogD3D11RHI: Timed out while waiting for GPU to catch up. (0.5 s)
[2019.01.22-02.41.43:100][900]LogD3D11RHI: Timed out while waiting for GPU to catch up. (0.5 s)
[2019.01.22-02.41.43:600][900]LogD3D11RHI: Timed out while waiting for GPU to catch up. (0.5 s)
[2019.01.22-02.41.44:100][900]LogD3D11RHI: Timed out while waiting for GPU to catch up. (0.5 s)
[2019.01.22-02.41.44:600][900]LogD3D11RHI: Timed out while waiting for GPU to catch up. (0.5 s)
[2019.01.22-02.41.45:102][900]LogD3D11RHI: Timed out while waiting for GPU to catch up. (0.5 s)
[2019.01.22-02.41.45:601][900]LogD3D11RHI: Timed out while waiting for GPU to catch up. (0.5 s)
[2019.01.22-02.41.46:101][900]LogD3D11RHI: Timed out while waiting for GPU to catch up. (0.5 s)
[2019.01.22-02.41.46:601][900]LogD3D11RHI: Timed out while waiting for GPU to catch up. (0.5 s)
[2019.01.22-02.41.47:100][900]LogD3D11RHI: Timed out while waiting for GPU to catch up. (0.5 s)
[2019.01.22-02.41.47:600][900]LogD3D11RHI: Timed out while waiting for GPU to catch up. (0.5 s)
[2019.01.22-02.41.48:102][900]LogD3D11RHI: Timed out while waiting for GPU to catch up. (0.5 s)
[2019.01.22-02.41.48:602][900]LogD3D11RHI: Timed out while waiting for GPU to catch up. (0.5 s)
[2019.01.22-02.41.49:101][900]LogD3D11RHI: Timed out while waiting for GPU to catch up. (0.5 s)
[2019.01.22-02.41.49:602][900]LogD3D11RHI: Timed out while waiting for GPU to catch up. (0.5 s)
[2019.01.22-02.41.50:101][900]LogD3D11RHI: Timed out while waiting for GPU to catch up. (0.5 s)
[2019.01.22-02.41.50:602][900]LogD3D11RHI: Timed out while waiting for GPU to catch up. (0.5 s)
[2019.01.22-02.41.51:102][900]LogD3D11RHI: Timed out while waiting for GPU to catch up. (0.5 s)
[2019.01.22-02.41.51:601][900]LogD3D11RHI: Timed out while waiting for GPU to catch up. (0.5 s)
[2019.01.22-02.41.52:102][900]LogD3D11RHI: Timed out while waiting for GPU to catch up. (0.5 s)
[2019.01.22-02.41.52:602][900]LogD3D11RHI: Timed out while waiting for GPU to catch up. (0.5 s)
[2019.01.22-02.41.53:100][900]LogD3D11RHI: Timed out while waiting for GPU to catch up. (0.5 s)
[2019.01.22-02.41.53:601][900]LogD3D11RHI: Timed out while waiting for GPU to catch up. (0.5 s)
[2019.01.22-02.41.54:101][900]LogD3D11RHI: Timed out while waiting for GPU to catch up. (0.5 s)
[2019.01.22-02.41.54:601][900]LogD3D11RHI: Timed out while waiting for GPU to catch up. (0.5 s)
[2019.01.22-02.41.55:101][900]LogD3D11RHI: Timed out while waiting for GPU to catch up. (0.5 s)
[2019.01.22-02.41.55:602][900]LogD3D11RHI: Timed out while waiting for GPU to catch up. (0.5 s)
[2019.01.22-02.41.56:102][900]LogD3D11RHI: Timed out while waiting for GPU to catch up. (0.5 s)
[2019.01.22-02.41.56:601][900]LogD3D11RHI: Timed out while waiting for GPU to catch up. (0.5 s)
[2019.01.22-02.41.57:101][900]LogD3D11RHI: Timed out while waiting for GPU to catch up. (0.5 s)
[2019.01.22-02.41.57:602][900]LogD3D11RHI: Timed out while waiting for GPU to catch up. (0.5 s)
[2019.01.22-02.41.58:103][900]LogD3D11RHI: Timed out while waiting for GPU to catch up. (0.5 s)
[2019.01.22-02.41.58:601][900]LogD3D11RHI: Timed out while waiting for GPU to catch up. (0.5 s)
[2019.01.22-02.41.59:102][900]LogD3D11RHI: Timed out while waiting for GPU to catch up. (0.5 s)
[2019.01.22-02.41.59:601][900]LogD3D11RHI: Timed out while waiting for GPU to catch up. (0.5 s)
[2019.01.22-02.42.00:101][900]LogD3D11RHI: Timed out while waiting for GPU to catch up. (0.5 s)
[2019.01.22-02.42.00:602][900]LogD3D11RHI: Timed out while waiting for GPU to catch up. (0.5 s)
[2019.01.22-02.42.01:101][900]LogD3D11RHI: Timed out while waiting for GPU to catch up. (0.5 s)
[2019.01.22-02.42.01:109][900]LogD3D11RHI: Error: Result failed 
 at D:\Build\++UE4\Sync\Engine\Source\Runtime\Windows\D3D11RHI\Private\D3D11Viewport.cpp:304 
 with error DXGI_ERROR_DEVICE_REMOVED DXGI_ERROR_DEVICE_HUNG
[2019.01.22-02.42.01:109][900]LogD3D11RHI: [Aftermath] GDynamicRHI=0000021F29B60080, GDX11NVAfterMathEnabled=0, Result=0xFFFFFFFF, bDeviceActive=0
[2019.01.22-02.42.01:109][900]LogWindows: Windows GetLastError: The operation completed successfully. (0)
[2019.01.22-02.42.02:290][900]LogWindows: Windows GetLastError: The operation completed successfully. (0)
[2019.01.22-02.42.02:379][900]LogWindows: Error: === Critical error: ===
[2019.01.22-02.42.02:379][900]LogWindows: Error: 
[2019.01.22-02.42.02:379][900]LogWindows: Error: Fatal error: [File:D:\Build\++UE4\Sync\Engine\Source\Runtime\RenderCore\Private\RenderingThread.cpp] [Line: 826] 
[2019.01.22-02.42.02:379][900]LogWindows: Error: Rendering thread exception:
[2019.01.22-02.42.02:379][900]LogWindows: Error: Fatal error: [File:D:\Build\++UE4\Sync\Engine\Source\Runtime\Windows\D3D11RHI\Private\D3D11Util.cpp] [Line: 200] 
[2019.01.22-02.42.02:379][900]LogWindows: Error: Unreal Engine is exiting due to D3D device being lost. (Error: 0x887A0006 - 'HUNG')
[2019.01.22-02.42.02:379][900]LogWindows: Error: 
[2019.01.22-02.42.02:379][900]LogWindows: Error: 
[2019.01.22-02.42.02:379][900]LogWindows: Error: [Callstack] 0x00007ffd14ffa388 KERNELBASE.dll!UnknownFunction []
[2019.01.22-02.42.02:379][900]LogWindows: Error: [Callstack] 0x00007ffced736850 UE4Editor-ApplicationCore.dll!UnknownFunction []
[2019.01.22-02.42.02:379][900]LogWindows: Error: [Callstack] 0x00007ffcbe6d62fc UE4Editor-Core.dll!UnknownFunction []
[2019.01.22-02.42.02:379][900]LogWindows: Error: [Callstack] 0x00007ffcbe6651db UE4Editor-Core.dll!UnknownFunction []
[2019.01.22-02.42.02:379][900]LogWindows: Error: [Callstack] 0x00007ffca7b1adea UE4Editor-D3D11RHI.dll!UnknownFunction []
[2019.01.22-02.42.02:379][900]LogWindows: Error: [Callstack] 0x00007ffca7b1e6e4 UE4Editor-D3D11RHI.dll!UnknownFunction []
[2019.01.22-02.42.02:379][900]LogWindows: Error: [Callstack] 0x00007ffca7afd0aa UE4Editor-D3D11RHI.dll!UnknownFunction []
[2019.01.22-02.42.02:379][900]LogWindows: Error: [Callstack] 0x00007ffca7b0ab70 UE4Editor-D3D11RHI.dll!UnknownFunction []
[2019.01.22-02.42.02:379][900]LogWindows: Error: [Callstack] 0x00007ffcd3eeb106 UE4Editor-RHI.dll!UnknownFunction []
[2019.01.22-02.42.02:379][900]LogWindows: Error: [Callstack] 0x00007ffca78b1b42 UE4Editor-SlateRHIRenderer.dll!UnknownFunction []
[2019.01.22-02.42.02:379][900]LogWindows: Error: [Callstack] 0x00007ffca78b7d0a UE4Editor-SlateRHIRenderer.dll!UnknownFunction []
[2019.01.22-02.42.02:379][900]LogWindows: Error: [Callstack] 0x00007ffcbe4f1f92 UE4Editor-Core.dll!UnknownFunction []
[2019.01.22-02.42.02:379][900]LogWindows: Error: [Callstack] 0x00007ffcbe4f2456 UE4Editor-Core.dll!UnknownFunction []
[2019.01.22-02.42.02:379][900]LogWindows: Error: [Callstack] 0x00007ffcef4d75f9 UE4Editor-RenderCore.dll!UnknownFunction []
[2019.01.22-02.42.02:379][900]LogWindows: Error: [Callstack] 0x00007ffcef4d8574 UE4Editor-RenderCore.dll!UnknownFunction []
[2019.01.22-02.42.02:379][900]LogWindows: Error: [Callstack] 0x00007ffcbe936b7c UE4Editor-Core.dll!UnknownFunction []
[2019.01.22-02.42.02:379][900]LogWindows: Error: [Callstack] 0x00007ffcbe9317c7 UE4Editor-Core.dll!UnknownFunction []
[2019.01.22-02.42.02:379][900]LogWindows: Error: [Callstack] 0x00007ffd18093034 KERNEL32.DLL!UnknownFunction []
[2019.01.22-02.42.02:379][900]LogWindows: Error: [Callstack] 0x00007ffd18a73691 ntdll.dll!UnknownFunction []
[2019.01.22-02.42.02:379][900]LogWindows: Error: 
[2019.01.22-02.42.02:379][900]LogWindows: Error: 
[2019.01.22-02.42.02:379][900]LogWindows: Error: 
[2019.01.22-02.42.02:380][900]LogWindows: Error: 
[2019.01.22-02.42.02:423][900]LogExit: Executing StaticShutdownAfterError
[2019.01.22-02.42.02:449][900]LogWindows: FPlatformMisc::RequestExit(1)
[2019.01.22-02.42.02:456][900]Log file closed, 01/21/19 19:42:02
