Log file open, 01/21/19 18:48:12
LogWindows: Failed to load 'aqProf.dll' (GetLastError=126)
LogWindows: File 'aqProf.dll' does not exist
LogWindows: Failed to load 'VSPerf140.dll' (GetLastError=126)
LogWindows: File 'VSPerf140.dll' does not exist
LogWindows: Failed to load 'VtuneApi.dll' (GetLastError=126)
LogWindows: File 'VtuneApi.dll' does not exist
LogWindows: Failed to load 'VtuneApi32e.dll' (GetLastError=126)
LogWindows: File 'VtuneApi32e.dll' does not exist
LogInit: Display: Running engine for game: RS_InClassWhiteBox
LogPlatformFile: Not using cached read wrapper
LogTaskGraph: Started task graph with 5 named threads and 14 total threads with 3 sets of task threads.
LogStats: Stats thread started at 0.202497
LogD3D11RHI: Loaded GFSDK_Aftermath_Lib.x64.dll
LogICUInternationalization: Display: ICU TimeZone Detection - Raw Offset: -7:00, Platform Override: ''
LogPluginManager: Mounting plugin Paper2D
LogPluginManager: Mounting plugin AISupport
LogPluginManager: Mounting plugin LightPropagationVolume
LogPluginManager: Mounting plugin CLionSourceCodeAccess
LogPluginManager: Mounting plugin CodeLiteSourceCodeAccess
LogPluginManager: Mounting plugin GitSourceControl
LogPluginManager: Mounting plugin KDevelopSourceCodeAccess
LogPluginManager: Mounting plugin NullSourceCodeAccess
LogPluginManager: Mounting plugin PerforceSourceControl
LogPluginManager: Mounting plugin SubversionSourceControl
LogPluginManager: Mounting plugin UObjectPlugin
LogPluginManager: Mounting plugin VisualStudioCodeSourceCodeAccess
LogPluginManager: Mounting plugin VisualStudioSourceCodeAccess
LogPluginManager: Mounting plugin XCodeSourceCodeAccess
LogPluginManager: Mounting plugin AssetManagerEditor
LogPluginManager: Mounting plugin CryptoKeys
LogPluginManager: Mounting plugin DataValidation
LogPluginManager: Mounting plugin FacialAnimation
LogPluginManager: Mounting plugin GameplayTagsEditor
LogPluginManager: Mounting plugin MacGraphicsSwitching
LogPluginManager: Mounting plugin MeshEditor
LogPluginManager: Mounting plugin MobileLauncherProfileWizard
LogPluginManager: Mounting plugin PluginBrowser
LogPluginManager: Mounting plugin SpeedTreeImporter
LogPluginManager: Mounting plugin DatasmithContent
LogPluginManager: Mounting plugin AlembicImporter
LogPluginManager: Mounting plugin AppleImageUtils
LogPluginManager: Mounting plugin AppleVision
LogPluginManager: Mounting plugin BackChannel
LogPluginManager: Mounting plugin CharacterAI
LogPluginManager: Mounting plugin GeometryCache
LogPluginManager: Mounting plugin HTML5Networking
LogPluginManager: Mounting plugin ProxyLODPlugin
LogPluginManager: Mounting plugin MagicLeap
LogPluginManager: Mounting plugin MagicLeapEmulator
LogPluginManager: Mounting plugin MagicLeapMedia
LogPluginManager: Mounting plugin AndroidMedia
LogPluginManager: Mounting plugin AvfMedia
LogPluginManager: Mounting plugin ImgMedia
LogPluginManager: Mounting plugin LinearTimecode
LogPluginManager: Mounting plugin MediaCompositing
LogPluginManager: Mounting plugin MediaPlayerEditor
LogPluginManager: Mounting plugin WmfMedia
LogPluginManager: Mounting plugin TcpMessaging
LogPluginManager: Mounting plugin UdpMessaging
LogPluginManager: Mounting plugin ActorSequence
LogPluginManager: Mounting plugin LevelSequenceEditor
LogPluginManager: Mounting plugin MatineeToLevelSequence
LogPluginManager: Mounting plugin NetcodeUnitTest
LogPluginManager: Mounting plugin NUTUnrealEngine4
LogPluginManager: Mounting plugin OnlineSubsystemGooglePlay
LogPluginManager: Mounting plugin OnlineSubsystemIOS
LogPluginManager: Mounting plugin OnlineSubsystem
LogPluginManager: Mounting plugin OnlineSubsystemNull
LogPluginManager: Mounting plugin OnlineSubsystemUtils
LogPluginManager: Mounting plugin LauncherChunkInstaller
LogPluginManager: Mounting plugin AndroidDeviceProfileSelector
LogPluginManager: Mounting plugin AndroidMoviePlayer
LogPluginManager: Mounting plugin AndroidPermission
LogPluginManager: Mounting plugin AppleMoviePlayer
LogPluginManager: Mounting plugin ArchVisCharacter
LogPluginManager: Mounting plugin AudioCapture
LogPluginManager: Mounting plugin CableComponent
LogPluginManager: Mounting plugin CustomMeshComponent
LogPluginManager: Mounting plugin EditableMesh
LogPluginManager: Mounting plugin ExampleDeviceProfileSelector
LogPluginManager: Mounting plugin GoogleCloudMessaging
LogPluginManager: Mounting plugin ImmediatePhysics
LogPluginManager: Mounting plugin IOSDeviceProfileSelector
LogPluginManager: Mounting plugin LinuxDeviceProfileSelector
LogPluginManager: Mounting plugin LocationServicesBPLibrary
LogPluginManager: Mounting plugin MobilePatchingUtils
LogPluginManager: Mounting plugin OculusVR
LogPluginManager: Plugin shader directory ../../../Engine/Plugins/Runtime/Oculus/OculusVR/Shaders found
LogPluginManager: Mapping shader source directory ../../../Engine/Plugins/Runtime/Oculus/OculusVR/Shaders to virtual directory /Plugin/OculusVR
LogPluginManager: Mounting plugin PhysXVehicles
LogPluginManager: Mounting plugin ProceduralMeshComponent
LogPluginManager: Mounting plugin RuntimePhysXCooking
LogPluginManager: Mounting plugin SteamVR
LogPluginManager: Mounting plugin WindowsMoviePlayer
LogStreaming: Display: Took  0.154s to configure plugins.
LogInit: Using libcurl 7.55.1-DEV
LogInit:  - built for x86_64-pc-win32
LogInit:  - supports SSL with OpenSSL/1.0.2h
LogInit:  - supports HTTP deflate (compression) using libz 1.2.8
LogInit:  - other features:
LogInit:      CURL_VERSION_SSL
LogInit:      CURL_VERSION_LIBZ
LogInit:      CURL_VERSION_IPV6
LogInit:      CURL_VERSION_ASYNCHDNS
LogInit:      CURL_VERSION_LARGEFILE
LogInit:      CURL_VERSION_IDN
LogInit:  CurlRequestOptions (configurable via config and command line):
LogInit:  - bVerifyPeer = false  - Libcurl will NOT verify peer certificate
LogInit:  - bUseHttpProxy = false  - Libcurl will NOT use HTTP proxy
LogInit:  - bDontReuseConnections = false  - Libcurl will reuse connections
LogInit:  - CertBundlePath = nullptr  - Libcurl will use whatever was configured at build time.
LogInit:  - MaxHostConnections = 16  - Libcurl will limit the number of connections to a host
LogInit:  - LocalHostAddr = Default
LogInit:  - BufferSize = 65536
LogInit: WinSock: version 1.1 (2.2), MaxSocks=32767, MaxUdp=65467
LogInit: Build: ++UE4+Release-4.20-CL-4369336
LogInit: Engine Version: 4.20.3-4369336+++UE4+Release-4.20
LogInit: Compatible Engine Version: 4.20.0-4212847+++UE4+Release-4.20
LogInit: Net CL: 4212847
LogInit: OS: Windows 10 (), CPU: Intel(R) Core(TM) i5-7300HQ CPU @ 2.50GHz, GPU: Intel(R) HD Graphics 630
LogInit: Compiled (64-bit): Sep 17 2018 12:26:19
LogInit: Compiled with Visual C++: 19.13.26129.00
LogInit: Build Configuration: Development
LogInit: Branch Name: ++UE4+Release-4.20
LogInit: Command Line: 
LogInit: Base Directory: C:/Program Files/Epic Games/UE_4.20/Engine/Binaries/Win64/
LogInit: Installed Engine Build: 1
LogDevObjectVersion: Number of dev versions registered: 20
LogDevObjectVersion:   Dev-Blueprints (B0D832E4-1F89-4F0D-ACCF-7EB736FD4AA2): 10
LogDevObjectVersion:   Dev-Build (E1C64328-A22C-4D53-A36C-8E866417BD8C): 0
LogDevObjectVersion:   Dev-Core (375EC13C-06E4-48FB-B500-84F0262A717E): 2
LogDevObjectVersion:   Dev-Editor (E4B068ED-F494-42E9-A231-DA0B2E46BB41): 24
LogDevObjectVersion:   Dev-Framework (CFFC743F-43B0-4480-9391-14DF171D2073): 34
LogDevObjectVersion:   Dev-Mobile (B02B49B5-BB20-44E9-A304-32B752E40360): 2
LogDevObjectVersion:   Dev-Networking (A4E4105C-59A1-49B5-A7C5-40C4547EDFEE): 0
LogDevObjectVersion:   Dev-Online (39C831C9-5AE6-47DC-9A44-9C173E1C8E7C): 0
LogDevObjectVersion:   Dev-Physics (78F01B33-EBEA-4F98-B9B4-84EACCB95AA2): 0
LogDevObjectVersion:   Dev-Platform (6631380F-2D4D-43E0-8009-CF276956A95A): 0
LogDevObjectVersion:   Dev-Rendering (12F88B9F-8875-4AFC-A67C-D90C383ABD29): 26
LogDevObjectVersion:   Dev-Sequencer (7B5AE74C-D270-4C10-A958-57980B212A5A): 9
LogDevObjectVersion:   Dev-VR (D7296918-1DD6-4BDD-9DE2-64A83CC13884): 2
LogDevObjectVersion:   Dev-LoadTimes (C2A15278-BFE7-4AFE-6C17-90FF531DF755): 1
LogDevObjectVersion:   Private-Geometry (6EACA3D4-40EC-4CC1-B786-8BED09428FC5): 3
LogDevObjectVersion:   Dev-AnimPhys (29E575DD-E0A3-4627-9D10-D276232CDCEA): 17
LogDevObjectVersion:   Dev-ReflectionCapture (6B266CEC-1EC7-4B8F-A30B-E4D90942FC07): 1
LogDevObjectVersion:   Dev-Automation (0DF73D61-A23F-47EA-B727-89E90C41499A): 1
LogDevObjectVersion:   FortniteMain (601D1886-AC64-4F84-AA16-D3DE0DEAC7D6): 12
LogDevObjectVersion:   Dev-Enterprise (9DFFBCD6-494F-0158-E221-12823C92A888): 1
LogStreaming: Display: Took  0.001s to delete old logs.
LogInit: Presizing for max 8388607 objects, including 0 objects not considered by GC, pre-allocating 0 bytes for permanent pool.
LogInit: Object subsystem initialized
[2019.01.22-01.48.13:092][  0]LogInit: Selected Device Profile: [Windows]
[2019.01.22-01.48.13:092][  0]LogInit: Applying CVar settings loaded from the selected device profile: [Windows]
[2019.01.22-01.48.13:102][  0]LogHAL: Display: Platform has ~ 8 GB [8449904640 / 8589934592 / 8], which maps to Default [LargestMinGB=32, LargerMinGB=12, DefaultMinGB=8, SmallerMinGB=6, SmallestMinGB=0)
[2019.01.22-01.48.13:102][  0]LogInit: Setting Device Profile CVar: [[r.Vulkan.UseRealUBs:1]]
[2019.01.22-01.48.13:102][  0]LogInit: Going up to parent DeviceProfile []
[2019.01.22-01.48.13:103][  0]LogInit: Computer: MUMBO
[2019.01.22-01.48.13:103][  0]LogInit: User: resta
[2019.01.22-01.48.13:103][  0]LogInit: CPU Page size=4096, Cores=4
[2019.01.22-01.48.13:103][  0]LogInit: High frequency timer resolution =2.437502 MHz
[2019.01.22-01.48.13:103][  0]LogMemory: Memory total: Physical=7.9GB (8GB approx)
[2019.01.22-01.48.13:103][  0]LogMemory: Platform Memory Stats for Windows
[2019.01.22-01.48.13:103][  0]LogMemory: Process Physical Memory: 99.99 MB used, 99.99 MB peak
[2019.01.22-01.48.13:103][  0]LogMemory: Process Virtual Memory: 84.43 MB used, 84.43 MB peak
[2019.01.22-01.48.13:103][  0]LogMemory: Physical Memory: 6076.91 MB used,  1981.55 MB free, 8058.46 MB total
[2019.01.22-01.48.13:103][  0]LogMemory: Virtual Memory: 4625.40 MB used,  1981.55 MB free, 134217728.00 MB total
[2019.01.22-01.48.13:118][  0]LogInit: Using OS detected language (en-US).
[2019.01.22-01.48.13:118][  0]LogInit: Using OS detected locale (en-US).
[2019.01.22-01.48.13:119][  0]LogTextLocalizationManager: No specific localization for 'en-US' exists, so the 'en' localization will be used.
[2019.01.22-01.48.13:482][  0]LogStreaming: Display: Took  0.364s to InitEngineTextLocalization.
[2019.01.22-01.48.13:483][  0]LogInit: Setting process to per monitor DPI aware
[2019.01.22-01.48.13:507][  0]LogSlate: New Slate User Created.  User Index 0, Is Virtual User: 0
[2019.01.22-01.48.13:507][  0]LogSlate: Slate User Registered.  User Index 0, Is Virtual User: 0
[2019.01.22-01.48.13:734][  0]LogHMD: Failed to initialize OpenVR with code 110
[2019.01.22-01.48.13:734][  0]LogD3D11RHI: D3D11 adapters:
[2019.01.22-01.48.13:792][  0]LogD3D11RHI:    0. 'NVIDIA GeForce GTX 1050' (Feature Level 11_0)
[2019.01.22-01.48.13:792][  0]LogD3D11RHI:       4019/0/4029 MB DedicatedVideo/DedicatedSystem/SharedSystem, Outputs:1, VendorId:0x10de
[2019.01.22-01.48.13:802][  0]LogD3D11RHI:    1. 'Intel(R) HD Graphics 630' (Feature Level 11_0)
[2019.01.22-01.48.13:802][  0]LogD3D11RHI:       128/0/4029 MB DedicatedVideo/DedicatedSystem/SharedSystem, Outputs:0, VendorId:0x8086
[2019.01.22-01.48.13:804][  0]LogD3D11RHI:    2. 'Microsoft Basic Render Driver' (Feature Level 11_0)
[2019.01.22-01.48.13:804][  0]LogD3D11RHI:       0/0/4029 MB DedicatedVideo/DedicatedSystem/SharedSystem, Outputs:0, VendorId:0x1414
[2019.01.22-01.48.13:804][  0]LogD3D11RHI: Chosen D3D11 Adapter: 0
[2019.01.22-01.48.13:848][  0]LogD3D11RHI: Creating new Direct3DDevice
[2019.01.22-01.48.13:848][  0]LogD3D11RHI:     GPU DeviceId: 0x1c8d (for the marketing name, search the web for "GPU Device Id")
[2019.01.22-01.48.13:848][  0]LogWindows: EnumDisplayDevices:
[2019.01.22-01.48.13:848][  0]LogWindows:    0. 'Intel(R) HD Graphics 630' (P:1 D:1)
[2019.01.22-01.48.13:848][  0]LogWindows:    1. 'Intel(R) HD Graphics 630' (P:0 D:0)
[2019.01.22-01.48.13:849][  0]LogWindows:    2. 'Intel(R) HD Graphics 630' (P:0 D:0)
[2019.01.22-01.48.13:849][  0]LogWindows:    3. 'NVIDIA GeForce GTX 1050' (P:0 D:0)
[2019.01.22-01.48.13:849][  0]LogWindows: DebugString: PrimaryIsNotTheChoosenAdapter PrimaryIsNotTheChoosenAdapter PrimaryIsNotTheChoosenAdapter 
[2019.01.22-01.48.13:849][  0]LogD3D11RHI:     Adapter Name: NVIDIA GeForce GTX 1050
[2019.01.22-01.48.13:849][  0]LogD3D11RHI:   Driver Version: 391.25 (internal:23.21.13.9125, unified:391.25)
[2019.01.22-01.48.13:849][  0]LogD3D11RHI:      Driver Date: 3-16-2018
[2019.01.22-01.48.13:849][  0]LogRHI: Texture pool is 2813 MB (70% of 4019 MB)
[2019.01.22-01.48.13:887][  0]LogD3D11RHI: Async texture creation enabled
[2019.01.22-01.48.13:904][  0]LogD3D11RHI: GPU Timing Frequency: 1000.000000 (Debug: 2 2)
[2019.01.22-01.48.13:905][  0]LogShaderCompilers: Guid format shader working directory is -47 characters bigger than the processId version (../../../../../../Users/resta/OneDrive/Documents/GitHub/RS_AssetPipeline/RS_InClassWhiteBox/Intermediate/Shaders/WorkingDirectory/162824/).
[2019.01.22-01.48.13:905][  0]LogShaderCompilers: Cleaned the shader compiler working directory 'C:/Users/resta/AppData/Local/Temp/UnrealShaderWorkingDir/DF10AA1B4EB32D1142B527A5C9006C5B/'.
[2019.01.22-01.48.14:186][  0]LogTemp: Display: Loaded TP AllDesktopTargetPlatform
[2019.01.22-01.48.14:200][  0]LogTemp: Display: Loaded TP MacClientTargetPlatform
[2019.01.22-01.48.14:214][  0]LogTemp: Display: Loaded TP MacNoEditorTargetPlatform
[2019.01.22-01.48.14:228][  0]LogTemp: Display: Loaded TP MacServerTargetPlatform
[2019.01.22-01.48.14:242][  0]LogTemp: Display: Loaded TP MacTargetPlatform
[2019.01.22-01.48.14:256][  0]LogTemp: Display: Loaded TP WindowsClientTargetPlatform
[2019.01.22-01.48.14:270][  0]LogTemp: Display: Loaded TP WindowsNoEditorTargetPlatform
[2019.01.22-01.48.14:284][  0]LogTemp: Display: Loaded TP WindowsServerTargetPlatform
[2019.01.22-01.48.14:290][  0]LogTemp: Display: Loaded TP WindowsTargetPlatform
[2019.01.22-01.48.14:377][  0]LogTemp: Display: Loaded TP AndroidTargetPlatform
[2019.01.22-01.48.14:377][  0]LogTemp: Display: Loaded TP AndroidTargetPlatform
[2019.01.22-01.48.14:377][  0]LogTemp: Display: Loaded TP AndroidTargetPlatform
[2019.01.22-01.48.14:377][  0]LogTemp: Display: Loaded TP AndroidTargetPlatform
[2019.01.22-01.48.14:377][  0]LogTemp: Display: Loaded TP AndroidTargetPlatform
[2019.01.22-01.48.14:377][  0]LogTemp: Display: Loaded TP AndroidTargetPlatform
[2019.01.22-01.48.14:377][  0]LogTemp: Display: Loaded TP AndroidTargetPlatform
[2019.01.22-01.48.14:377][  0]LogTemp: Display: Loaded TP AndroidTargetPlatform
[2019.01.22-01.48.14:377][  0]LogTemp: Display: Loaded TP AndroidTargetPlatform
[2019.01.22-01.48.14:377][  0]LogTemp: Display: Loaded TP AndroidTargetPlatform
[2019.01.22-01.48.14:377][  0]LogTemp: Display: Loaded TP AndroidTargetPlatform
[2019.01.22-01.48.14:377][  0]LogTemp: Display: Loaded TP AndroidTargetPlatform
[2019.01.22-01.48.14:377][  0]LogTemp: Display: Loaded TP AndroidTargetPlatform
[2019.01.22-01.48.14:377][  0]LogTemp: Display: Loaded TP AndroidTargetPlatform
[2019.01.22-01.48.14:377][  0]LogTemp: Display: Loaded TP AndroidTargetPlatform
[2019.01.22-01.48.14:377][  0]LogTemp: Display: Loaded TP AndroidTargetPlatform
[2019.01.22-01.48.14:378][  0]LogTemp: Display: Loaded TP AndroidTargetPlatform
[2019.01.22-01.48.14:378][  0]LogTemp: Display: Loaded TP AndroidTargetPlatform
[2019.01.22-01.48.14:379][  0]LogTemp: Display: Loaded TP HTML5TargetPlatform
[2019.01.22-01.48.14:442][  0]LogTemp: Display: Loaded TP IOSTargetPlatform
[2019.01.22-01.48.14:442][  0]LogTemp: Display: Loaded TP IOSTargetPlatform
[2019.01.22-01.48.14:466][  0]LogTemp: Display: Loaded TP TVOSTargetPlatform
[2019.01.22-01.48.14:466][  0]LogTemp: Display: Loaded TP TVOSTargetPlatform
[2019.01.22-01.48.14:480][  0]LogTemp: Display: Loaded TP LinuxClientTargetPlatform
[2019.01.22-01.48.14:493][  0]LogTemp: Display: Loaded TP LinuxNoEditorTargetPlatform
[2019.01.22-01.48.14:506][  0]LogTemp: Display: Loaded TP LinuxServerTargetPlatform
[2019.01.22-01.48.14:521][  0]LogTemp: Display: Loaded TP LinuxTargetPlatform
[2019.01.22-01.48.14:532][  0]LogTemp: Display: Loaded TP LuminTargetPlatform
[2019.01.22-01.48.14:532][  0]LogTargetPlatformManager: Display: Building Assets For Windows
[2019.01.22-01.48.14:595][  0]LogXGEController: Cannot use XGE Controller as Incredibuild is not installed on this machine.
[2019.01.22-01.48.14:595][  0]LogShaderCompilers: Cannot use XGE Shader Compiler as Incredibuild is not installed on this machine.
[2019.01.22-01.48.14:595][  0]LogShaderCompilers: Display: Using Local Shader Compiler.
[2019.01.22-01.48.15:406][  0]LogDerivedDataCache: Display: Max Cache Size: 512 MB
[2019.01.22-01.48.15:471][  0]LogDerivedDataCache: Loaded boot cache 0.07s 71MB C:/Users/resta/AppData/Local/UnrealEngine/4.20/DerivedDataCache/Boot.ddc.
[2019.01.22-01.48.15:471][  0]LogDerivedDataCache: Display: Loaded Boot cache: C:/Users/resta/AppData/Local/UnrealEngine/4.20/DerivedDataCache/Boot.ddc
[2019.01.22-01.48.15:471][  0]LogDerivedDataCache: FDerivedDataBackendGraph:  Pak pak cache file ../../../../../../Users/resta/OneDrive/Documents/GitHub/RS_AssetPipeline/RS_InClassWhiteBox/DerivedDataCache/DDC.ddp not found, will not use a pak cache.
[2019.01.22-01.48.15:472][  0]LogDerivedDataCache: Unable to find inner node Pak for hierarchical cache Hierarchy.
[2019.01.22-01.48.15:472][  0]LogDerivedDataCache: FDerivedDataBackendGraph:  CompressedPak pak cache file ../../../../../../Users/resta/OneDrive/Documents/GitHub/RS_AssetPipeline/RS_InClassWhiteBox/DerivedDataCache/Compressed.ddp not found, will not use a pak cache.
[2019.01.22-01.48.15:472][  0]LogDerivedDataCache: Unable to find inner node CompressedPak for hierarchical cache Hierarchy.
[2019.01.22-01.48.15:485][  0]LogDerivedDataCache: Display: Pak cache opened for reading ../../../Engine/DerivedDataCache/Compressed.ddp.
[2019.01.22-01.48.15:498][  0]LogDerivedDataCache: Using Local data cache path C:/Users/resta/AppData/Local/UnrealEngine/Common/DerivedDataCache: Writable
[2019.01.22-01.48.15:498][  0]LogDerivedDataCache: Shared data cache path not found in *engine.ini, will not use an Shared cache.
[2019.01.22-01.48.15:498][  0]LogDerivedDataCache: Unable to find inner node Shared for hierarchical cache Hierarchy.
[2019.01.22-01.48.15:518][  0]LogMaterial: Verifying Global Shaders for PCD3D_SM5
[2019.01.22-01.48.15:519][  0]LogSlate: Using FreeType 2.6.0
[2019.01.22-01.48.15:520][  0]LogSlate: SlateFontServices - WITH_FREETYPE: 1, WITH_HARFBUZZ: 1
[2019.01.22-01.48.15:599][  0]LogAssetRegistry: FAssetRegistry took 0.0269 seconds to start up
[2019.01.22-01.48.15:937][  0]LogInit: Selected Device Profile: [Windows]
[2019.01.22-01.48.15:995][  0]LogSimplygon: Simplygon DLL not present - disabling.
[2019.01.22-01.48.15:999][  0]LogMeshReduction: Using SimplygonSwarm for distributed automatic mesh merging
[2019.01.22-01.48.15:999][  0]LogMeshReduction: Using ProxyLODMeshReduction for automatic mesh merging
[2019.01.22-01.48.15:999][  0]LogMeshReduction: Using QuadricMeshReduction for automatic static mesh reduction
[2019.01.22-01.48.15:999][  0]LogMeshReduction: No automatic skeletal mesh reduction module available
[2019.01.22-01.48.16:099][  0]LogNetVersion: RS_InClassWhiteBox 1.0.0, NetCL: 4212847, EngineNetVer: 5, GameNetVer: 0 (Checksum: 3079657181)
[2019.01.22-01.48.16:719][  0]LogPackageLocalizationCache: Processed 11 localized package path(s) for 2 prioritized culture(s) in 0.110866 seconds
[2019.01.22-01.48.16:726][  0]LogUObjectArray: 38425 objects as part of root set at end of initial load.
[2019.01.22-01.48.16:726][  0]LogUObjectAllocator: 6690864 out of 0 bytes used by permanent object pool.
[2019.01.22-01.48.16:726][  0]LogUObjectArray: CloseDisregardForGC: 0/0 objects in disregard for GC pool
[2019.01.22-01.48.17:642][  0]LogTcpMessaging: Initializing TcpMessaging bridge
[2019.01.22-01.48.17:656][  0]LogUdpMessaging: Initializing bridge on interface 0.0.0.0:0 to multicast group 230.0.0.1:6666.
[2019.01.22-01.48.17:862][  0]SourceControl: Source control is disabled
[2019.01.22-01.48.17:862][  0]SourceControl: Source control is disabled
[2019.01.22-01.48.17:864][  0]SourceControl: Source control is disabled
[2019.01.22-01.48.17:865][  0]SourceControl: Source control is disabled
[2019.01.22-01.48.18:046][  0]LogAndroidPermission: UAndroidPermissionCallbackProxy::GetInstance
[2019.01.22-01.48.18:098][  0]LogOcInput: OculusInput pre-init called
[2019.01.22-01.48.18:171][  0]LogEngine: Initializing Engine...
[2019.01.22-01.48.18:171][  0]LogHMD: Failed to initialize OpenVR with code 110
[2019.01.22-01.48.18:174][  0]LogStats: UGameplayTagsManager::ConstructGameplayTagTree: ImportINI prefixes -  0.000 s
[2019.01.22-01.48.18:174][  0]LogStats: UGameplayTagsManager::ConstructGameplayTagTree: Construct from data asset -  0.000 s
[2019.01.22-01.48.18:174][  0]LogStats: UGameplayTagsManager::ConstructGameplayTagTree: ImportINI -  0.000 s
[2019.01.22-01.48.18:174][  0]LogStats: UGameplayTagsManager::ConstructGameplayTagTree: GameplayTagTreeChangedEvent.Broadcast -  0.000 s
[2019.01.22-01.48.18:533][  0]LogInit: Initializing FReadOnlyCVARCache
[2019.01.22-01.48.18:567][  0]LogAIModule: Creating AISystem for world Untitled
[2019.01.22-01.48.18:805][  0]LogInit: XAudio2 using 'Speakers / Headphones (Realtek Audio)' : 2 channels at 48 kHz using 32 bits per sample (channel mask 0x3)
[2019.01.22-01.48.20:117][  0]LogInit: FAudioDevice initialized.
[2019.01.22-01.48.20:118][  0]LogNetVersion: Set ProjectVersion to 1.0.0.0. Version Checksum will be recalculated on next use.
[2019.01.22-01.48.20:324][  0]LogDerivedDataCache: Saved boot cache 0.21s 71MB C:/Users/resta/AppData/Local/UnrealEngine/4.20/DerivedDataCache/Boot.ddc.
[2019.01.22-01.48.20:328][  0]LogInit: Texture streaming: Enabled
[2019.01.22-01.48.20:344][  0]LogEngineSessionManager: EngineSessionManager initialized
[2019.01.22-01.48.20:385][  0]LogInit: Transaction tracking system initialized
[2019.01.22-01.48.20:407][  0]BlueprintLog: New page: Editor Load
[2019.01.22-01.48.20:481][  0]LocalizationService: Localization service is disabled
[2019.01.22-01.48.20:758][  0]LogFileCache: Scanning file cache for directory 'C:/Users/resta/OneDrive/Documents/GitHub/RS_AssetPipeline/RS_InClassWhiteBox/Content/' took 0.01s
[2019.01.22-01.48.20:758][  0]LogCook: Display: Max memory allowance for cook 16384mb min free memory 0mb
[2019.01.22-01.48.20:758][  0]LogCook: Display: Mobile HDR setting 1
[2019.01.22-01.48.20:758][  0]LogGameplayTags: Display: UGameplayTagsManager::DoneAddingNativeTags. DelegateIsBound: 0
[2019.01.22-01.48.20:758][  0]LogStats: UGameplayTagsManager::ConstructGameplayTagTree: ImportINI prefixes -  0.000 s
[2019.01.22-01.48.20:758][  0]LogStats: UGameplayTagsManager::ConstructGameplayTagTree: Construct from data asset -  0.000 s
[2019.01.22-01.48.20:758][  0]LogStats: UGameplayTagsManager::ConstructGameplayTagTree: ImportINI -  0.000 s
[2019.01.22-01.48.20:758][  0]LogStats: UGameplayTagsManager::ConstructGameplayTagTree: GameplayTagTreeChangedEvent.Broadcast -  0.000 s
[2019.01.22-01.48.20:887][  0]SourceControl: Source control is disabled
[2019.01.22-01.48.20:887][  0]Cmd: MAP LOAD FILE="../../../Engine/Content/Maps/Templates/Template_Default.umap" TEMPLATE=1 SHOWPROGRESS=1 FEATURELEVEL=3
[2019.01.22-01.48.20:888][  0]LightingResults: New page: Lighting Build
[2019.01.22-01.48.20:890][  0]MapCheck: New page: Map Check
[2019.01.22-01.48.20:890][  0]LightingResults: New page: Lighting Build
[2019.01.22-01.48.21:108][  0]LogAIModule: Creating AISystem for world Untitled_1
[2019.01.22-01.48.21:116][  0]LogEditorServer: Finished looking for orphan Actors (0.000 secs)
[2019.01.22-01.48.21:143][  0]Cmd: MAP CHECKDEP NOCLEARLOG
[2019.01.22-01.48.21:224][  0]MapCheck: Map check complete: 0 Error(s), 0 Warning(s), took 80.808ms to complete.
[2019.01.22-01.48.21:224][  0]LogFileHelpers: Loading map 'Template_Default' took 0.337
[2019.01.22-01.48.21:592][  0]LogSlate: Updating window title bar state: overlay mode, drag disabled, window buttons hidden, title bar hidden
[2019.01.22-01.48.21:601][  0]LogSlate: Updating window title bar state: overlay mode, drag disabled, window buttons hidden, title bar hidden
[2019.01.22-01.48.21:608][  0]LogSlate: Updating window title bar state: overlay mode, drag disabled, window buttons hidden, title bar hidden
[2019.01.22-01.48.21:616][  0]LogSlate: Updating window title bar state: overlay mode, drag disabled, window buttons hidden, title bar hidden
[2019.01.22-01.48.21:622][  0]LogCollectionManager: Loaded 0 collections in 0.001149 seconds
[2019.01.22-01.48.21:667][  0]LogFileCache: Scanning file cache for directory 'C:/Users/resta/OneDrive/Documents/GitHub/RS_AssetPipeline/RS_InClassWhiteBox/Saved/Collections/' took 0.01s
[2019.01.22-01.48.21:667][  0]LogFileCache: Scanning file cache for directory 'C:/Users/resta/OneDrive/Documents/GitHub/RS_AssetPipeline/RS_InClassWhiteBox/Content/Developers/resta/Collections/' took 0.01s
[2019.01.22-01.48.21:667][  0]LogFileCache: Scanning file cache for directory 'C:/Users/resta/OneDrive/Documents/GitHub/RS_AssetPipeline/RS_InClassWhiteBox/Content/Collections/' took 0.01s
[2019.01.22-01.48.21:668][  0]LogCollectionManager: Rebuilt the GUID cache for 0 collections in 0.000000 seconds
[2019.01.22-01.48.21:677][  0]LogContentBrowser: Native class hierarchy populated in 0.0094 seconds. Added 2572 classes and 603 folders.
[2019.01.22-01.48.21:684][  0]LogContentBrowser: Native class hierarchy updated for 'WidgetCarousel' in 0.0002 seconds. Added 0 classes and 0 folders.
[2019.01.22-01.48.21:740][  0]LogContentBrowser: Native class hierarchy updated for 'AddContentDialog' in 0.0002 seconds. Added 0 classes and 0 folders.
[2019.01.22-01.48.21:745][  0]LogContentBrowser: Native class hierarchy updated for 'SceneOutliner' in 0.0003 seconds. Added 1 classes and 2 folders.
[2019.01.22-01.48.21:761][  0]LogSlate: Took 0.000318 seconds to synchronously load lazily loaded font '../../../Engine/Content/Slate/Fonts/Roboto-Regular.ttf' (155K)
[2019.01.22-01.48.21:764][  0]LogSlate: Took 0.000265 seconds to synchronously load lazily loaded font '../../../Engine/Content/Slate/Fonts/Roboto-Bold.ttf' (160K)
[2019.01.22-01.48.21:768][  0]LogSlate: Took 0.000248 seconds to synchronously load lazily loaded font '../../../Engine/Content/Editor/Slate/Fonts/FontAwesome.ttf' (139K)
[2019.01.22-01.48.21:855][  0]LogRenderer: Reallocating scene render targets to support 964x436 Format 10 NumSamples 1 (Frame:1).
[2019.01.22-01.48.22:063][  0]LogContentBrowser: Native class hierarchy updated for 'HierarchicalLODOutliner' in 0.0003 seconds. Added 0 classes and 0 folders.
[2019.01.22-01.48.22:063][  0]LogLoad: (Engine Initialization) Total time: 10.74 seconds
[2019.01.22-01.48.22:063][  0]LogLoad: (Engine Initialization) Total Blueprint compile time: 0.00 seconds
[2019.01.22-01.48.22:073][  0]LogWindowsTextInputMethodSystem: Display: IME system now deactivated.
[2019.01.22-01.48.22:110][  0]LogContentStreaming: Texture pool size now 1000 MB
[2019.01.22-01.48.26:126][119]LogSlate: Took 0.000171 seconds to synchronously load lazily loaded font '../../../Engine/Content/Slate/Fonts/Roboto-Light.ttf' (167K)
[2019.01.22-01.48.27:786][169]LogCollectionManager: Rebuilt the object cache for 0 collections in 0.000001 seconds (found 0 objects)
[2019.01.22-01.48.28:810][186]LogSlate: FSceneViewport::OnFocusLost() reason 0
[2019.01.22-01.48.29:743][200]LogAssetRegistry: Asset discovery search completed in 14.1670 seconds
[2019.01.22-01.48.29:745][200]LogCollectionManager: Fixed up redirectors for 0 collections in 0.000006 seconds (updated 0 objects)
[2019.01.22-01.48.32:279][237]LogSlate: Took 0.000328 seconds to synchronously load lazily loaded font '../../../Engine/Content/Slate/Fonts/Roboto-Light.ttf' (167K)
[2019.01.22-01.48.32:636][237]LogMaterial: Display: Missing cached shader map for material M_Whitebox_RS, compiling. 
[2019.01.22-01.48.32:752][237]LogShaderCompilers: Display: Shaders left to compile 22
[2019.01.22-01.48.32:752][237]LogShaderCompilers: Display: Shaders left to compile 12
[2019.01.22-01.48.32:752][237]LogShaderCompilers: Display: Shaders left to compile 2
[2019.01.22-01.48.33:257][237]LogStaticMesh: Building static mesh mann...
[2019.01.22-01.48.33:438][237]LogStaticMesh: Built static mesh [0.18s] /Game/mann.mann
[2019.01.22-01.48.33:532][237]LogMaterial: Display: Missing cached shader map for material M_Grass_RS, compiling. 
[2019.01.22-01.48.33:545][237]LogMaterial: Display: Missing cached shader map for material SM_hatMat, compiling. 
[2019.01.22-01.48.33:557][237]LogAIModule: Creating AISystem for world RS_WBWithGeo
[2019.01.22-01.48.33:658][237]LogAssetEditorManager: Opening Asset editor for World /Game/RS_WBWithGeo.RS_WBWithGeo
[2019.01.22-01.48.33:687][237]Cmd: MAP LOAD FILE="../../../../../../Users/resta/OneDrive/Documents/GitHub/RS_AssetPipeline/RS_InClassWhiteBox/Content/RS_WBWithGeo.umap" TEMPLATE=0 SHOWPROGRESS=1 FEATURELEVEL=3
[2019.01.22-01.48.33:687][237]LightingResults: New page: Lighting Build
[2019.01.22-01.48.33:688][237]LoadErrors: New page: Loading map: RS_WBWithGeo.umap
[2019.01.22-01.48.33:688][237]MapCheck: New page: Map Check
[2019.01.22-01.48.33:688][237]LightingResults: New page: Lighting Build
[2019.01.22-01.48.33:732][237]LogEditorServer: Finished looking for orphan Actors (0.000 secs)
[2019.01.22-01.48.33:797][237]Cmd: MAP CHECKDEP NOCLEARLOG
[2019.01.22-01.48.33:886][237]MapCheck: Map check complete: 0 Error(s), 0 Warning(s), took 87.952ms to complete.
[2019.01.22-01.48.33:888][237]LogFileHelpers: Loading map 'RS_WBWithGeo' took 0.203
[2019.01.22-01.48.35:030][262]LogShaderCompilers: Display: Shaders left to compile 44
[2019.01.22-01.48.37:148][325]LogShaderCompilers: Display: Shaders left to compile 34
[2019.01.22-01.48.37:503][336]LogShaderCompilers: Display: Shaders left to compile 24
[2019.01.22-01.48.38:735][373]LogShaderCompilers: Display: Shaders left to compile 14
[2019.01.22-01.48.39:865][407]LogShaderCompilers: Display: Shaders left to compile 4
[2019.01.22-01.48.55:176][858]LogSlate: FSceneViewport::OnFocusLost() reason 0
[2019.01.22-02.03.52:820][701]LogAssetEditorManager: Opening Asset editor for World /Game/RS_WBWithGeo.RS_WBWithGeo
[2019.01.22-02.03.52:849][701]Cmd: MAP LOAD FILE="../../../../../../Users/resta/OneDrive/Documents/GitHub/RS_AssetPipeline/RS_InClassWhiteBox/Content/RS_WBWithGeo.umap" TEMPLATE=0 SHOWPROGRESS=1 FEATURELEVEL=3
[2019.01.22-02.03.52:849][701]LightingResults: New page: Lighting Build
[2019.01.22-02.03.52:850][701]LoadErrors: New page: Loading map: RS_WBWithGeo.umap
[2019.01.22-02.03.52:883][701]MapCheck: New page: Map Check
[2019.01.22-02.03.52:883][701]LightingResults: New page: Lighting Build
[2019.01.22-02.03.53:260][701]LogAIModule: Creating AISystem for world RS_WBWithGeo
[2019.01.22-02.03.53:305][701]LogEditorServer: Finished looking for orphan Actors (0.000 secs)
[2019.01.22-02.03.53:352][701]Cmd: MAP CHECKDEP NOCLEARLOG
[2019.01.22-02.03.53:437][701]MapCheck: Map check complete: 0 Error(s), 0 Warning(s), took 85.577ms to complete.
[2019.01.22-02.03.53:445][701]LogFileHelpers: Loading map 'RS_WBWithGeo' took 0.597
[2019.01.22-02.03.55:816][734]LogAIModule: Creating AISystem for world RS_WBSTREET
[2019.01.22-02.03.55:868][734]LogAssetEditorManager: Opening Asset editor for World /Game/RS_WBSTREET.RS_WBSTREET
[2019.01.22-02.03.55:896][734]Cmd: MAP LOAD FILE="../../../../../../Users/resta/OneDrive/Documents/GitHub/RS_AssetPipeline/RS_InClassWhiteBox/Content/RS_WBSTREET.umap" TEMPLATE=0 SHOWPROGRESS=1 FEATURELEVEL=3
[2019.01.22-02.03.55:897][734]LightingResults: New page: Lighting Build
[2019.01.22-02.03.55:897][734]LoadErrors: New page: Loading map: RS_WBSTREET.umap
[2019.01.22-02.03.55:902][734]MapCheck: New page: Map Check
[2019.01.22-02.03.55:902][734]LightingResults: New page: Lighting Build
[2019.01.22-02.03.55:953][734]LogEditorServer: Finished looking for orphan Actors (0.000 secs)
[2019.01.22-02.03.56:002][734]Cmd: MAP CHECKDEP NOCLEARLOG
[2019.01.22-02.03.56:085][734]MapCheck: Map check complete: 0 Error(s), 0 Warning(s), took 82.837ms to complete.
[2019.01.22-02.03.56:086][734]LogFileHelpers: Loading map 'RS_WBSTREET' took 0.191
[2019.01.22-02.04.08:056][985]LogSlate: FSceneViewport::OnFocusLost() reason 0
[2019.01.22-02.04.08:592][987]LogAIModule: Creating AISystem for world RS_WBWithGeo
[2019.01.22-02.04.11:129][  7]LogD3D11RHI: Error: Result failed 
 at D:\Build\++UE4\Sync\Engine\Source\Runtime\Windows\D3D11RHI\Private\D3D11Query.cpp:146 
 with error DXGI_ERROR_DEVICE_REMOVED DXGI_ERROR_DEVICE_HUNG
[2019.01.22-02.04.11:129][  7]LogD3D11RHI: [Aftermath] GDynamicRHI=0000017B66E76180, GDX11NVAfterMathEnabled=0, Result=0xFFFFFFFF, bDeviceActive=0
[2019.01.22-02.04.11:129][  7]LogWindows: Windows GetLastError: The operation completed successfully. (0)
[2019.01.22-02.04.32:002][  7]LogWindows: Windows GetLastError: The operation completed successfully. (0)
[2019.01.22-02.04.32:002][  7]LogWindows: Error: === Critical error: ===
[2019.01.22-02.04.32:002][  7]LogWindows: Error: 
[2019.01.22-02.04.32:002][  7]LogWindows: Error: Fatal error: [File:D:\Build\++UE4\Sync\Engine\Source\Runtime\RenderCore\Private\RenderingThread.cpp] [Line: 826] 
[2019.01.22-02.04.32:002][  7]LogWindows: Error: Rendering thread exception:
[2019.01.22-02.04.32:002][  7]LogWindows: Error: Fatal error: [File:D:\Build\++UE4\Sync\Engine\Source\Runtime\Windows\D3D11RHI\Private\D3D11Util.cpp] [Line: 200] 
[2019.01.22-02.04.32:002][  7]LogWindows: Error: Unreal Engine is exiting due to D3D device being lost. (Error: 0x887A0006 - 'HUNG')
[2019.01.22-02.04.32:002][  7]LogWindows: Error: 
[2019.01.22-02.04.32:002][  7]LogWindows: Error: 
[2019.01.22-02.04.32:002][  7]LogWindows: Error: [Callstack] 0x00007ffd14ffa388 KERNELBASE.dll!UnknownFunction []
[2019.01.22-02.04.32:002][  7]LogWindows: Error: [Callstack] 0x00007ffcef4d6850 UE4Editor-ApplicationCore.dll!UnknownFunction []
[2019.01.22-02.04.32:002][  7]LogWindows: Error: [Callstack] 0x00007ffcbe6d62fc UE4Editor-Core.dll!UnknownFunction []
[2019.01.22-02.04.32:002][  7]LogWindows: Error: [Callstack] 0x00007ffcbe6651db UE4Editor-Core.dll!UnknownFunction []
[2019.01.22-02.04.32:002][  7]LogWindows: Error: [Callstack] 0x00007ffca7a4adea UE4Editor-D3D11RHI.dll!UnknownFunction []
[2019.01.22-02.04.32:002][  7]LogWindows: Error: [Callstack] 0x00007ffca7a4e6e4 UE4Editor-D3D11RHI.dll!UnknownFunction []
[2019.01.22-02.04.32:002][  7]LogWindows: Error: [Callstack] 0x00007ffca7a25951 UE4Editor-D3D11RHI.dll!UnknownFunction []
[2019.01.22-02.04.32:002][  7]LogWindows: Error: [Callstack] 0x00007ffca7a3abf8 UE4Editor-D3D11RHI.dll!UnknownFunction []
[2019.01.22-02.04.32:002][  7]LogWindows: Error: [Callstack] 0x00007ffcef28b106 UE4Editor-RHI.dll!UnknownFunction []
[2019.01.22-02.04.32:002][  7]LogWindows: Error: [Callstack] 0x00007ffca4101b42 UE4Editor-SlateRHIRenderer.dll!UnknownFunction []
[2019.01.22-02.04.32:002][  7]LogWindows: Error: [Callstack] 0x00007ffca4107d0a UE4Editor-SlateRHIRenderer.dll!UnknownFunction []
[2019.01.22-02.04.32:002][  7]LogWindows: Error: [Callstack] 0x00007ffcbe4f1f92 UE4Editor-Core.dll!UnknownFunction []
[2019.01.22-02.04.32:002][  7]LogWindows: Error: [Callstack] 0x00007ffcbe4f2456 UE4Editor-Core.dll!UnknownFunction []
[2019.01.22-02.04.32:002][  7]LogWindows: Error: [Callstack] 0x00007ffcef5575f9 UE4Editor-RenderCore.dll!UnknownFunction []
[2019.01.22-02.04.32:002][  7]LogWindows: Error: [Callstack] 0x00007ffcef558574 UE4Editor-RenderCore.dll!UnknownFunction []
[2019.01.22-02.04.32:002][  7]LogWindows: Error: [Callstack] 0x00007ffcbe936b7c UE4Editor-Core.dll!UnknownFunction []
[2019.01.22-02.04.32:002][  7]LogWindows: Error: [Callstack] 0x00007ffcbe9317c7 UE4Editor-Core.dll!UnknownFunction []
[2019.01.22-02.04.32:002][  7]LogWindows: Error: [Callstack] 0x00007ffd18093034 KERNEL32.DLL!UnknownFunction []
[2019.01.22-02.04.32:002][  7]LogWindows: Error: [Callstack] 0x00007ffd18a73691 ntdll.dll!UnknownFunction []
[2019.01.22-02.04.32:002][  7]LogWindows: Error: 
[2019.01.22-02.04.32:002][  7]LogWindows: Error: 
[2019.01.22-02.04.32:002][  7]LogWindows: Error: 
[2019.01.22-02.04.32:002][  7]LogWindows: Error: 
[2019.01.22-02.04.32:018][  7]LogExit: Executing StaticShutdownAfterError
[2019.01.22-02.04.32:083][  7]LogWindows: FPlatformMisc::RequestExit(1)
[2019.01.22-02.04.32:166][  7]Log file closed, 01/21/19 19:04:32
