Log file open, 01/23/19 18:16:57
LogWindows: Failed to load 'aqProf.dll' (GetLastError=126)
LogWindows: File 'aqProf.dll' does not exist
LogWindows: Failed to load 'VSPerf140.dll' (GetLastError=126)
LogWindows: File 'VSPerf140.dll' does not exist
LogWindows: Failed to load 'VtuneApi.dll' (GetLastError=126)
LogWindows: File 'VtuneApi.dll' does not exist
LogWindows: Failed to load 'VtuneApi32e.dll' (GetLastError=126)
LogWindows: File 'VtuneApi32e.dll' does not exist
LogInit: Display: Running engine for game: RS_InClassWhiteBox
LogPlatformFile: Not using cached read wrapper
LogTaskGraph: Started task graph with 5 named threads and 14 total threads with 3 sets of task threads.
LogStats: Stats thread started at 0.209056
LogD3D11RHI: Loaded GFSDK_Aftermath_Lib.x64.dll
LogICUInternationalization: Display: ICU TimeZone Detection - Raw Offset: -7:00, Platform Override: ''
LogPluginManager: Mounting plugin Paper2D
LogPluginManager: Mounting plugin AISupport
LogPluginManager: Mounting plugin LightPropagationVolume
LogPluginManager: Mounting plugin CLionSourceCodeAccess
LogPluginManager: Mounting plugin CodeLiteSourceCodeAccess
LogPluginManager: Mounting plugin GitSourceControl
LogPluginManager: Mounting plugin KDevelopSourceCodeAccess
LogPluginManager: Mounting plugin NullSourceCodeAccess
LogPluginManager: Mounting plugin PerforceSourceControl
LogPluginManager: Mounting plugin SubversionSourceControl
LogPluginManager: Mounting plugin UObjectPlugin
LogPluginManager: Mounting plugin VisualStudioCodeSourceCodeAccess
LogPluginManager: Mounting plugin VisualStudioSourceCodeAccess
LogPluginManager: Mounting plugin XCodeSourceCodeAccess
LogPluginManager: Mounting plugin AssetManagerEditor
LogPluginManager: Mounting plugin CryptoKeys
LogPluginManager: Mounting plugin DataValidation
LogPluginManager: Mounting plugin FacialAnimation
LogPluginManager: Mounting plugin GameplayTagsEditor
LogPluginManager: Mounting plugin MacGraphicsSwitching
LogPluginManager: Mounting plugin MeshEditor
LogPluginManager: Mounting plugin MobileLauncherProfileWizard
LogPluginManager: Mounting plugin PluginBrowser
LogPluginManager: Mounting plugin SpeedTreeImporter
LogPluginManager: Mounting plugin DatasmithContent
LogPluginManager: Mounting plugin AlembicImporter
LogPluginManager: Mounting plugin AppleImageUtils
LogPluginManager: Mounting plugin AppleVision
LogPluginManager: Mounting plugin BackChannel
LogPluginManager: Mounting plugin CharacterAI
LogPluginManager: Mounting plugin GeometryCache
LogPluginManager: Mounting plugin HTML5Networking
LogPluginManager: Mounting plugin ProxyLODPlugin
LogPluginManager: Mounting plugin MagicLeap
LogPluginManager: Mounting plugin MagicLeapEmulator
LogPluginManager: Mounting plugin MagicLeapMedia
LogPluginManager: Mounting plugin AndroidMedia
LogPluginManager: Mounting plugin AvfMedia
LogPluginManager: Mounting plugin ImgMedia
LogPluginManager: Mounting plugin LinearTimecode
LogPluginManager: Mounting plugin MediaCompositing
LogPluginManager: Mounting plugin MediaPlayerEditor
LogPluginManager: Mounting plugin WmfMedia
LogPluginManager: Mounting plugin TcpMessaging
LogPluginManager: Mounting plugin UdpMessaging
LogPluginManager: Mounting plugin ActorSequence
LogPluginManager: Mounting plugin LevelSequenceEditor
LogPluginManager: Mounting plugin MatineeToLevelSequence
LogPluginManager: Mounting plugin NetcodeUnitTest
LogPluginManager: Mounting plugin NUTUnrealEngine4
LogPluginManager: Mounting plugin OnlineSubsystemGooglePlay
LogPluginManager: Mounting plugin OnlineSubsystemIOS
LogPluginManager: Mounting plugin OnlineSubsystem
LogPluginManager: Mounting plugin OnlineSubsystemNull
LogPluginManager: Mounting plugin OnlineSubsystemUtils
LogPluginManager: Mounting plugin LauncherChunkInstaller
LogPluginManager: Mounting plugin AndroidDeviceProfileSelector
LogPluginManager: Mounting plugin AndroidMoviePlayer
LogPluginManager: Mounting plugin AndroidPermission
LogPluginManager: Mounting plugin AppleMoviePlayer
LogPluginManager: Mounting plugin ArchVisCharacter
LogPluginManager: Mounting plugin AudioCapture
LogPluginManager: Mounting plugin CableComponent
LogPluginManager: Mounting plugin CustomMeshComponent
LogPluginManager: Mounting plugin EditableMesh
LogPluginManager: Mounting plugin ExampleDeviceProfileSelector
LogPluginManager: Mounting plugin GoogleCloudMessaging
LogPluginManager: Mounting plugin ImmediatePhysics
LogPluginManager: Mounting plugin IOSDeviceProfileSelector
LogPluginManager: Mounting plugin LinuxDeviceProfileSelector
LogPluginManager: Mounting plugin LocationServicesBPLibrary
LogPluginManager: Mounting plugin MobilePatchingUtils
LogPluginManager: Mounting plugin OculusVR
LogPluginManager: Plugin shader directory ../../../Engine/Plugins/Runtime/Oculus/OculusVR/Shaders found
LogPluginManager: Mapping shader source directory ../../../Engine/Plugins/Runtime/Oculus/OculusVR/Shaders to virtual directory /Plugin/OculusVR
LogPluginManager: Mounting plugin PhysXVehicles
LogPluginManager: Mounting plugin ProceduralMeshComponent
LogPluginManager: Mounting plugin RuntimePhysXCooking
LogPluginManager: Mounting plugin SteamVR
LogPluginManager: Mounting plugin WindowsMoviePlayer
LogStreaming: Display: Took  0.214s to configure plugins.
LogInit: Using libcurl 7.55.1-DEV
LogInit:  - built for x86_64-pc-win32
LogInit:  - supports SSL with OpenSSL/1.0.2h
LogInit:  - supports HTTP deflate (compression) using libz 1.2.8
LogInit:  - other features:
LogInit:      CURL_VERSION_SSL
LogInit:      CURL_VERSION_LIBZ
LogInit:      CURL_VERSION_IPV6
LogInit:      CURL_VERSION_ASYNCHDNS
LogInit:      CURL_VERSION_LARGEFILE
LogInit:      CURL_VERSION_IDN
LogInit:  CurlRequestOptions (configurable via config and command line):
LogInit:  - bVerifyPeer = false  - Libcurl will NOT verify peer certificate
LogInit:  - bUseHttpProxy = false  - Libcurl will NOT use HTTP proxy
LogInit:  - bDontReuseConnections = false  - Libcurl will reuse connections
LogInit:  - CertBundlePath = nullptr  - Libcurl will use whatever was configured at build time.
LogInit:  - MaxHostConnections = 16  - Libcurl will limit the number of connections to a host
LogInit:  - LocalHostAddr = Default
LogInit:  - BufferSize = 65536
LogInit: WinSock: version 1.1 (2.2), MaxSocks=32767, MaxUdp=65467
LogInit: Build: ++UE4+Release-4.20-CL-4369336
LogInit: Engine Version: 4.20.3-4369336+++UE4+Release-4.20
LogInit: Compatible Engine Version: 4.20.0-4212847+++UE4+Release-4.20
LogInit: Net CL: 4212847
LogInit: OS: Windows 10 (), CPU: Intel(R) Core(TM) i5-7300HQ CPU @ 2.50GHz, GPU: Intel(R) HD Graphics 630
LogInit: Compiled (64-bit): Sep 17 2018 12:26:19
LogInit: Compiled with Visual C++: 19.13.26129.00
LogInit: Build Configuration: Development
LogInit: Branch Name: ++UE4+Release-4.20
LogInit: Command Line: 
LogInit: Base Directory: C:/Program Files/Epic Games/UE_4.20/Engine/Binaries/Win64/
LogInit: Installed Engine Build: 1
LogDevObjectVersion: Number of dev versions registered: 20
LogDevObjectVersion:   Dev-Blueprints (B0D832E4-1F89-4F0D-ACCF-7EB736FD4AA2): 10
LogDevObjectVersion:   Dev-Build (E1C64328-A22C-4D53-A36C-8E866417BD8C): 0
LogDevObjectVersion:   Dev-Core (375EC13C-06E4-48FB-B500-84F0262A717E): 2
LogDevObjectVersion:   Dev-Editor (E4B068ED-F494-42E9-A231-DA0B2E46BB41): 24
LogDevObjectVersion:   Dev-Framework (CFFC743F-43B0-4480-9391-14DF171D2073): 34
LogDevObjectVersion:   Dev-Mobile (B02B49B5-BB20-44E9-A304-32B752E40360): 2
LogDevObjectVersion:   Dev-Networking (A4E4105C-59A1-49B5-A7C5-40C4547EDFEE): 0
LogDevObjectVersion:   Dev-Online (39C831C9-5AE6-47DC-9A44-9C173E1C8E7C): 0
LogDevObjectVersion:   Dev-Physics (78F01B33-EBEA-4F98-B9B4-84EACCB95AA2): 0
LogDevObjectVersion:   Dev-Platform (6631380F-2D4D-43E0-8009-CF276956A95A): 0
LogDevObjectVersion:   Dev-Rendering (12F88B9F-8875-4AFC-A67C-D90C383ABD29): 26
LogDevObjectVersion:   Dev-Sequencer (7B5AE74C-D270-4C10-A958-57980B212A5A): 9
LogDevObjectVersion:   Dev-VR (D7296918-1DD6-4BDD-9DE2-64A83CC13884): 2
LogDevObjectVersion:   Dev-LoadTimes (C2A15278-BFE7-4AFE-6C17-90FF531DF755): 1
LogDevObjectVersion:   Private-Geometry (6EACA3D4-40EC-4CC1-B786-8BED09428FC5): 3
LogDevObjectVersion:   Dev-AnimPhys (29E575DD-E0A3-4627-9D10-D276232CDCEA): 17
LogDevObjectVersion:   Dev-ReflectionCapture (6B266CEC-1EC7-4B8F-A30B-E4D90942FC07): 1
LogDevObjectVersion:   Dev-Automation (0DF73D61-A23F-47EA-B727-89E90C41499A): 1
LogDevObjectVersion:   FortniteMain (601D1886-AC64-4F84-AA16-D3DE0DEAC7D6): 12
LogDevObjectVersion:   Dev-Enterprise (9DFFBCD6-494F-0158-E221-12823C92A888): 1
LogStreaming: Display: Took  0.005s to delete old logs.
LogInit: Presizing for max 8388607 objects, including 0 objects not considered by GC, pre-allocating 0 bytes for permanent pool.
LogInit: Object subsystem initialized
[2019.01.24-01.16.57:977][  0]LogInit: Selected Device Profile: [Windows]
[2019.01.24-01.16.57:977][  0]LogInit: Applying CVar settings loaded from the selected device profile: [Windows]
[2019.01.24-01.16.57:989][  0]LogHAL: Display: Platform has ~ 8 GB [8449904640 / 8589934592 / 8], which maps to Default [LargestMinGB=32, LargerMinGB=12, DefaultMinGB=8, SmallerMinGB=6, SmallestMinGB=0)
[2019.01.24-01.16.57:989][  0]LogInit: Setting Device Profile CVar: [[r.Vulkan.UseRealUBs:1]]
[2019.01.24-01.16.57:989][  0]LogInit: Going up to parent DeviceProfile []
[2019.01.24-01.16.57:989][  0]LogInit: Computer: MUMBO
[2019.01.24-01.16.57:989][  0]LogInit: User: resta
[2019.01.24-01.16.57:989][  0]LogInit: CPU Page size=4096, Cores=4
[2019.01.24-01.16.57:989][  0]LogInit: High frequency timer resolution =2.437502 MHz
[2019.01.24-01.16.57:989][  0]LogMemory: Memory total: Physical=7.9GB (8GB approx)
[2019.01.24-01.16.57:990][  0]LogMemory: Platform Memory Stats for Windows
[2019.01.24-01.16.57:990][  0]LogMemory: Process Physical Memory: 99.91 MB used, 99.91 MB peak
[2019.01.24-01.16.57:990][  0]LogMemory: Process Virtual Memory: 84.29 MB used, 84.29 MB peak
[2019.01.24-01.16.57:990][  0]LogMemory: Physical Memory: 4528.34 MB used,  3530.12 MB free, 8058.46 MB total
[2019.01.24-01.16.57:990][  0]LogMemory: Virtual Memory: 4625.40 MB used,  3530.12 MB free, 134217728.00 MB total
[2019.01.24-01.16.58:011][  0]LogInit: Using OS detected language (en-US).
[2019.01.24-01.16.58:011][  0]LogInit: Using OS detected locale (en-US).
[2019.01.24-01.16.58:012][  0]LogTextLocalizationManager: No specific localization for 'en-US' exists, so the 'en' localization will be used.
[2019.01.24-01.16.58:431][  0]LogStreaming: Display: Took  0.420s to InitEngineTextLocalization.
[2019.01.24-01.16.58:432][  0]LogInit: Setting process to per monitor DPI aware
[2019.01.24-01.16.58:462][  0]LogSlate: New Slate User Created.  User Index 0, Is Virtual User: 0
[2019.01.24-01.16.58:462][  0]LogSlate: Slate User Registered.  User Index 0, Is Virtual User: 0
[2019.01.24-01.16.58:721][  0]LogHMD: Failed to initialize OpenVR with code 110
[2019.01.24-01.16.58:721][  0]LogD3D11RHI: D3D11 adapters:
[2019.01.24-01.16.58:783][  0]LogD3D11RHI:    0. 'NVIDIA GeForce GTX 1050' (Feature Level 11_0)
[2019.01.24-01.16.58:783][  0]LogD3D11RHI:       4019/0/4029 MB DedicatedVideo/DedicatedSystem/SharedSystem, Outputs:1, VendorId:0x10de
[2019.01.24-01.16.58:794][  0]LogD3D11RHI:    1. 'Intel(R) HD Graphics 630' (Feature Level 11_0)
[2019.01.24-01.16.58:794][  0]LogD3D11RHI:       128/0/4029 MB DedicatedVideo/DedicatedSystem/SharedSystem, Outputs:0, VendorId:0x8086
[2019.01.24-01.16.58:797][  0]LogD3D11RHI:    2. 'Microsoft Basic Render Driver' (Feature Level 11_0)
[2019.01.24-01.16.58:797][  0]LogD3D11RHI:       0/0/4029 MB DedicatedVideo/DedicatedSystem/SharedSystem, Outputs:0, VendorId:0x1414
[2019.01.24-01.16.58:797][  0]LogD3D11RHI: Chosen D3D11 Adapter: 0
[2019.01.24-01.16.58:826][  0]LogD3D11RHI: Creating new Direct3DDevice
[2019.01.24-01.16.58:826][  0]LogD3D11RHI:     GPU DeviceId: 0x1c8d (for the marketing name, search the web for "GPU Device Id")
[2019.01.24-01.16.58:826][  0]LogWindows: EnumDisplayDevices:
[2019.01.24-01.16.58:826][  0]LogWindows:    0. 'Intel(R) HD Graphics 630' (P:1 D:1)
[2019.01.24-01.16.58:826][  0]LogWindows:    1. 'Intel(R) HD Graphics 630' (P:0 D:0)
[2019.01.24-01.16.58:826][  0]LogWindows:    2. 'Intel(R) HD Graphics 630' (P:0 D:0)
[2019.01.24-01.16.58:827][  0]LogWindows:    3. 'NVIDIA GeForce GTX 1050' (P:0 D:0)
[2019.01.24-01.16.58:827][  0]LogWindows: DebugString: PrimaryIsNotTheChoosenAdapter PrimaryIsNotTheChoosenAdapter PrimaryIsNotTheChoosenAdapter 
[2019.01.24-01.16.58:827][  0]LogD3D11RHI:     Adapter Name: NVIDIA GeForce GTX 1050
[2019.01.24-01.16.58:827][  0]LogD3D11RHI:   Driver Version: 391.25 (internal:23.21.13.9125, unified:391.25)
[2019.01.24-01.16.58:827][  0]LogD3D11RHI:      Driver Date: 3-16-2018
[2019.01.24-01.16.58:827][  0]LogRHI: Texture pool is 2813 MB (70% of 4019 MB)
[2019.01.24-01.16.58:868][  0]LogD3D11RHI: Async texture creation enabled
[2019.01.24-01.16.58:885][  0]LogD3D11RHI: GPU Timing Frequency: 1000.000000 (Debug: 2 2)
[2019.01.24-01.16.58:886][  0]LogShaderCompilers: Guid format shader working directory is -44 characters bigger than the processId version (../../../../../../Users/resta/OneDrive/Documents/GitHub/RS_AssetPipeline/RS_InClassWhiteBox/Intermediate/Shaders/WorkingDirectory/604/).
[2019.01.24-01.16.58:886][  0]LogShaderCompilers: Cleaned the shader compiler working directory 'C:/Users/resta/AppData/Local/Temp/UnrealShaderWorkingDir/FA32D77B42ED4BCF03230CA0EEE119ED/'.
[2019.01.24-01.16.59:191][  0]LogTemp: Display: Loaded TP AllDesktopTargetPlatform
[2019.01.24-01.16.59:204][  0]LogTemp: Display: Loaded TP MacClientTargetPlatform
[2019.01.24-01.16.59:219][  0]LogTemp: Display: Loaded TP MacNoEditorTargetPlatform
[2019.01.24-01.16.59:234][  0]LogTemp: Display: Loaded TP MacServerTargetPlatform
[2019.01.24-01.16.59:248][  0]LogTemp: Display: Loaded TP MacTargetPlatform
[2019.01.24-01.16.59:263][  0]LogTemp: Display: Loaded TP WindowsClientTargetPlatform
[2019.01.24-01.16.59:278][  0]LogTemp: Display: Loaded TP WindowsNoEditorTargetPlatform
[2019.01.24-01.16.59:293][  0]LogTemp: Display: Loaded TP WindowsServerTargetPlatform
[2019.01.24-01.16.59:299][  0]LogTemp: Display: Loaded TP WindowsTargetPlatform
[2019.01.24-01.16.59:388][  0]LogTemp: Display: Loaded TP AndroidTargetPlatform
[2019.01.24-01.16.59:388][  0]LogTemp: Display: Loaded TP AndroidTargetPlatform
[2019.01.24-01.16.59:388][  0]LogTemp: Display: Loaded TP AndroidTargetPlatform
[2019.01.24-01.16.59:388][  0]LogTemp: Display: Loaded TP AndroidTargetPlatform
[2019.01.24-01.16.59:388][  0]LogTemp: Display: Loaded TP AndroidTargetPlatform
[2019.01.24-01.16.59:388][  0]LogTemp: Display: Loaded TP AndroidTargetPlatform
[2019.01.24-01.16.59:388][  0]LogTemp: Display: Loaded TP AndroidTargetPlatform
[2019.01.24-01.16.59:388][  0]LogTemp: Display: Loaded TP AndroidTargetPlatform
[2019.01.24-01.16.59:388][  0]LogTemp: Display: Loaded TP AndroidTargetPlatform
[2019.01.24-01.16.59:388][  0]LogTemp: Display: Loaded TP AndroidTargetPlatform
[2019.01.24-01.16.59:388][  0]LogTemp: Display: Loaded TP AndroidTargetPlatform
[2019.01.24-01.16.59:388][  0]LogTemp: Display: Loaded TP AndroidTargetPlatform
[2019.01.24-01.16.59:388][  0]LogTemp: Display: Loaded TP AndroidTargetPlatform
[2019.01.24-01.16.59:389][  0]LogTemp: Display: Loaded TP AndroidTargetPlatform
[2019.01.24-01.16.59:389][  0]LogTemp: Display: Loaded TP AndroidTargetPlatform
[2019.01.24-01.16.59:389][  0]LogTemp: Display: Loaded TP AndroidTargetPlatform
[2019.01.24-01.16.59:389][  0]LogTemp: Display: Loaded TP AndroidTargetPlatform
[2019.01.24-01.16.59:389][  0]LogTemp: Display: Loaded TP AndroidTargetPlatform
[2019.01.24-01.16.59:390][  0]LogTemp: Display: Loaded TP HTML5TargetPlatform
[2019.01.24-01.16.59:454][  0]LogTemp: Display: Loaded TP IOSTargetPlatform
[2019.01.24-01.16.59:454][  0]LogTemp: Display: Loaded TP IOSTargetPlatform
[2019.01.24-01.16.59:481][  0]LogTemp: Display: Loaded TP TVOSTargetPlatform
[2019.01.24-01.16.59:481][  0]LogTemp: Display: Loaded TP TVOSTargetPlatform
[2019.01.24-01.16.59:495][  0]LogTemp: Display: Loaded TP LinuxClientTargetPlatform
[2019.01.24-01.16.59:509][  0]LogTemp: Display: Loaded TP LinuxNoEditorTargetPlatform
[2019.01.24-01.16.59:531][  0]LogTemp: Display: Loaded TP LinuxServerTargetPlatform
[2019.01.24-01.16.59:546][  0]LogTemp: Display: Loaded TP LinuxTargetPlatform
[2019.01.24-01.16.59:556][  0]LogTemp: Display: Loaded TP LuminTargetPlatform
[2019.01.24-01.16.59:556][  0]LogTargetPlatformManager: Display: Building Assets For Windows
[2019.01.24-01.16.59:624][  0]LogXGEController: Cannot use XGE Controller as Incredibuild is not installed on this machine.
[2019.01.24-01.16.59:624][  0]LogShaderCompilers: Cannot use XGE Shader Compiler as Incredibuild is not installed on this machine.
[2019.01.24-01.16.59:624][  0]LogShaderCompilers: Display: Using Local Shader Compiler.
[2019.01.24-01.17.00:497][  0]LogDerivedDataCache: Display: Max Cache Size: 512 MB
[2019.01.24-01.17.00:565][  0]LogDerivedDataCache: Loaded boot cache 0.07s 71MB C:/Users/resta/AppData/Local/UnrealEngine/4.20/DerivedDataCache/Boot.ddc.
[2019.01.24-01.17.00:565][  0]LogDerivedDataCache: Display: Loaded Boot cache: C:/Users/resta/AppData/Local/UnrealEngine/4.20/DerivedDataCache/Boot.ddc
[2019.01.24-01.17.00:565][  0]LogDerivedDataCache: FDerivedDataBackendGraph:  Pak pak cache file ../../../../../../Users/resta/OneDrive/Documents/GitHub/RS_AssetPipeline/RS_InClassWhiteBox/DerivedDataCache/DDC.ddp not found, will not use a pak cache.
[2019.01.24-01.17.00:566][  0]LogDerivedDataCache: Unable to find inner node Pak for hierarchical cache Hierarchy.
[2019.01.24-01.17.00:566][  0]LogDerivedDataCache: FDerivedDataBackendGraph:  CompressedPak pak cache file ../../../../../../Users/resta/OneDrive/Documents/GitHub/RS_AssetPipeline/RS_InClassWhiteBox/DerivedDataCache/Compressed.ddp not found, will not use a pak cache.
[2019.01.24-01.17.00:566][  0]LogDerivedDataCache: Unable to find inner node CompressedPak for hierarchical cache Hierarchy.
[2019.01.24-01.17.00:579][  0]LogDerivedDataCache: Display: Pak cache opened for reading ../../../Engine/DerivedDataCache/Compressed.ddp.
[2019.01.24-01.17.00:592][  0]LogDerivedDataCache: Using Local data cache path C:/Users/resta/AppData/Local/UnrealEngine/Common/DerivedDataCache: Writable
[2019.01.24-01.17.00:592][  0]LogDerivedDataCache: Shared data cache path not found in *engine.ini, will not use an Shared cache.
[2019.01.24-01.17.00:592][  0]LogDerivedDataCache: Unable to find inner node Shared for hierarchical cache Hierarchy.
[2019.01.24-01.17.00:611][  0]LogMaterial: Verifying Global Shaders for PCD3D_SM5
[2019.01.24-01.17.00:612][  0]LogSlate: Using FreeType 2.6.0
[2019.01.24-01.17.00:613][  0]LogSlate: SlateFontServices - WITH_FREETYPE: 1, WITH_HARFBUZZ: 1
[2019.01.24-01.17.00:693][  0]LogAssetRegistry: FAssetRegistry took 0.0266 seconds to start up
[2019.01.24-01.17.01:041][  0]LogInit: Selected Device Profile: [Windows]
[2019.01.24-01.17.01:183][  0]LogSimplygon: Simplygon DLL not present - disabling.
[2019.01.24-01.17.01:187][  0]LogMeshReduction: Using SimplygonSwarm for distributed automatic mesh merging
[2019.01.24-01.17.01:187][  0]LogMeshReduction: Using ProxyLODMeshReduction for automatic mesh merging
[2019.01.24-01.17.01:187][  0]LogMeshReduction: Using QuadricMeshReduction for automatic static mesh reduction
[2019.01.24-01.17.01:187][  0]LogMeshReduction: No automatic skeletal mesh reduction module available
[2019.01.24-01.17.01:206][  0]LogNetVersion: RS_InClassWhiteBox 1.0.0, NetCL: 4212847, EngineNetVer: 5, GameNetVer: 0 (Checksum: 3079657181)
[2019.01.24-01.17.01:784][  0]LogPackageLocalizationCache: Processed 11 localized package path(s) for 2 prioritized culture(s) in 0.121368 seconds
[2019.01.24-01.17.01:790][  0]LogUObjectArray: 38425 objects as part of root set at end of initial load.
[2019.01.24-01.17.01:790][  0]LogUObjectAllocator: 6690864 out of 0 bytes used by permanent object pool.
[2019.01.24-01.17.01:790][  0]LogUObjectArray: CloseDisregardForGC: 0/0 objects in disregard for GC pool
[2019.01.24-01.17.02:721][  0]LogTcpMessaging: Initializing TcpMessaging bridge
[2019.01.24-01.17.02:734][  0]LogUdpMessaging: Initializing bridge on interface 0.0.0.0:0 to multicast group 230.0.0.1:6666.
[2019.01.24-01.17.02:902][  0]SourceControl: Source control is disabled
[2019.01.24-01.17.02:902][  0]SourceControl: Source control is disabled
[2019.01.24-01.17.02:904][  0]SourceControl: Source control is disabled
[2019.01.24-01.17.02:905][  0]SourceControl: Source control is disabled
[2019.01.24-01.17.03:093][  0]LogAndroidPermission: UAndroidPermissionCallbackProxy::GetInstance
[2019.01.24-01.17.03:149][  0]LogOcInput: OculusInput pre-init called
[2019.01.24-01.17.03:216][  0]LogEngine: Initializing Engine...
[2019.01.24-01.17.03:217][  0]LogHMD: Failed to initialize OpenVR with code 110
[2019.01.24-01.17.03:219][  0]LogStats: UGameplayTagsManager::ConstructGameplayTagTree: ImportINI prefixes -  0.000 s
[2019.01.24-01.17.03:219][  0]LogStats: UGameplayTagsManager::ConstructGameplayTagTree: Construct from data asset -  0.000 s
[2019.01.24-01.17.03:219][  0]LogStats: UGameplayTagsManager::ConstructGameplayTagTree: ImportINI -  0.000 s
[2019.01.24-01.17.03:219][  0]LogStats: UGameplayTagsManager::ConstructGameplayTagTree: GameplayTagTreeChangedEvent.Broadcast -  0.000 s
[2019.01.24-01.17.03:534][  0]LogInit: Initializing FReadOnlyCVARCache
[2019.01.24-01.17.03:547][  0]LogAIModule: Creating AISystem for world Untitled
[2019.01.24-01.17.03:555][  0]LogInit: XAudio2 using 'Speakers / Headphones (Realtek Audio)' : 2 channels at 48 kHz using 32 bits per sample (channel mask 0x3)
[2019.01.24-01.17.03:645][  0]LogInit: FAudioDevice initialized.
[2019.01.24-01.17.03:645][  0]LogNetVersion: Set ProjectVersion to 1.0.0.0. Version Checksum will be recalculated on next use.
[2019.01.24-01.17.03:862][  0]LogDerivedDataCache: Saved boot cache 0.22s 71MB C:/Users/resta/AppData/Local/UnrealEngine/4.20/DerivedDataCache/Boot.ddc.
[2019.01.24-01.17.03:870][  0]LogInit: Texture streaming: Enabled
[2019.01.24-01.17.03:965][  0]LogEngineSessionManager: EngineSessionManager initialized
[2019.01.24-01.17.03:965][  0]LogEngineSessionManager: EngineSessionManager sent abnormal shutdown report. Type=Crashed, SessionId={39E08FB2-4474-916F-6CDB-45932172196D}
[2019.01.24-01.17.04:031][  0]LogInit: Transaction tracking system initialized
[2019.01.24-01.17.04:166][  0]BlueprintLog: New page: Editor Load
[2019.01.24-01.17.04:320][  0]LocalizationService: Localization service is disabled
[2019.01.24-01.17.04:603][  0]LogCook: Display: Max memory allowance for cook 16384mb min free memory 0mb
[2019.01.24-01.17.04:603][  0]LogCook: Display: Mobile HDR setting 1
[2019.01.24-01.17.04:603][  0]LogGameplayTags: Display: UGameplayTagsManager::DoneAddingNativeTags. DelegateIsBound: 0
[2019.01.24-01.17.04:603][  0]LogStats: UGameplayTagsManager::ConstructGameplayTagTree: ImportINI prefixes -  0.000 s
[2019.01.24-01.17.04:603][  0]LogStats: UGameplayTagsManager::ConstructGameplayTagTree: Construct from data asset -  0.000 s
[2019.01.24-01.17.04:603][  0]LogStats: UGameplayTagsManager::ConstructGameplayTagTree: ImportINI -  0.000 s
[2019.01.24-01.17.04:603][  0]LogStats: UGameplayTagsManager::ConstructGameplayTagTree: GameplayTagTreeChangedEvent.Broadcast -  0.000 s
[2019.01.24-01.17.04:760][  0]LogFileCache: Scanning file cache for directory 'C:/Users/resta/OneDrive/Documents/GitHub/RS_AssetPipeline/RS_InClassWhiteBox/Content/' took 0.01s
[2019.01.24-01.17.04:886][  0]SourceControl: Source control is disabled
[2019.01.24-01.17.04:886][  0]Cmd: MAP LOAD FILE="../../../Engine/Content/Maps/Templates/Template_Default.umap" TEMPLATE=1 SHOWPROGRESS=1 FEATURELEVEL=3
[2019.01.24-01.17.04:886][  0]LightingResults: New page: Lighting Build
[2019.01.24-01.17.04:889][  0]MapCheck: New page: Map Check
[2019.01.24-01.17.04:889][  0]LightingResults: New page: Lighting Build
[2019.01.24-01.17.05:105][  0]LogAIModule: Creating AISystem for world Untitled_1
[2019.01.24-01.17.05:112][  0]LogEditorServer: Finished looking for orphan Actors (0.000 secs)
[2019.01.24-01.17.05:138][  0]Cmd: MAP CHECKDEP NOCLEARLOG
[2019.01.24-01.17.05:234][  0]MapCheck: Map check complete: 0 Error(s), 0 Warning(s), took 95.179ms to complete.
[2019.01.24-01.17.05:234][  0]LogFileHelpers: Loading map 'Template_Default' took 0.348
[2019.01.24-01.17.05:331][  0]LogSlate: Updating window title bar state: overlay mode, drag disabled, window buttons hidden, title bar hidden
[2019.01.24-01.17.05:340][  0]LogSlate: Updating window title bar state: overlay mode, drag disabled, window buttons hidden, title bar hidden
[2019.01.24-01.17.05:347][  0]LogSlate: Updating window title bar state: overlay mode, drag disabled, window buttons hidden, title bar hidden
[2019.01.24-01.17.05:355][  0]LogSlate: Updating window title bar state: overlay mode, drag disabled, window buttons hidden, title bar hidden
[2019.01.24-01.17.05:362][  0]LogCollectionManager: Loaded 0 collections in 0.002071 seconds
[2019.01.24-01.17.05:406][  0]LogFileCache: Scanning file cache for directory 'C:/Users/resta/OneDrive/Documents/GitHub/RS_AssetPipeline/RS_InClassWhiteBox/Saved/Collections/' took 0.01s
[2019.01.24-01.17.05:406][  0]LogFileCache: Scanning file cache for directory 'C:/Users/resta/OneDrive/Documents/GitHub/RS_AssetPipeline/RS_InClassWhiteBox/Content/Developers/resta/Collections/' took 0.01s
[2019.01.24-01.17.05:406][  0]LogFileCache: Scanning file cache for directory 'C:/Users/resta/OneDrive/Documents/GitHub/RS_AssetPipeline/RS_InClassWhiteBox/Content/Collections/' took 0.01s
[2019.01.24-01.17.05:406][  0]LogCollectionManager: Rebuilt the GUID cache for 0 collections in 0.000000 seconds
[2019.01.24-01.17.05:415][  0]LogContentBrowser: Native class hierarchy populated in 0.0091 seconds. Added 2572 classes and 603 folders.
[2019.01.24-01.17.05:423][  0]LogContentBrowser: Native class hierarchy updated for 'WidgetCarousel' in 0.0003 seconds. Added 0 classes and 0 folders.
[2019.01.24-01.17.05:489][  0]LogContentBrowser: Native class hierarchy updated for 'AddContentDialog' in 0.0003 seconds. Added 0 classes and 0 folders.
[2019.01.24-01.17.05:494][  0]LogContentBrowser: Native class hierarchy updated for 'SceneOutliner' in 0.0003 seconds. Added 1 classes and 2 folders.
[2019.01.24-01.17.05:539][  0]LogContentBrowser: Native class hierarchy updated for 'HierarchicalLODOutliner' in 0.0003 seconds. Added 0 classes and 0 folders.
[2019.01.24-01.17.05:539][  0]LogLoad: (Engine Initialization) Total time: 9.81 seconds
[2019.01.24-01.17.05:539][  0]LogLoad: (Engine Initialization) Total Blueprint compile time: 0.00 seconds
[2019.01.24-01.17.05:551][  0]LogWindowsTextInputMethodSystem: Display: IME system now deactivated.
[2019.01.24-01.17.05:571][  0]LogContentStreaming: Texture pool size now 1000 MB
[2019.01.24-01.17.05:573][  0]LogSlate: Took 0.000215 seconds to synchronously load lazily loaded font '../../../Engine/Content/Slate/Fonts/Roboto-Regular.ttf' (155K)
[2019.01.24-01.17.05:575][  0]LogSlate: Took 0.000178 seconds to synchronously load lazily loaded font '../../../Engine/Content/Slate/Fonts/Roboto-Bold.ttf' (160K)
[2019.01.24-01.17.05:578][  0]LogSlate: Took 0.000139 seconds to synchronously load lazily loaded font '../../../Engine/Content/Editor/Slate/Fonts/FontAwesome.ttf' (139K)
[2019.01.24-01.17.05:677][  0]LogSlate: Took 0.000214 seconds to synchronously load lazily loaded font '../../../Engine/Content/Slate/Fonts/Roboto-Light.ttf' (167K)
[2019.01.24-01.17.05:710][  1]LogRenderer: Reallocating scene render targets to support 800x352 Format 10 NumSamples 1 (Frame:1).
[2019.01.24-01.17.05:735][  1]LogAssetRegistry: Asset discovery search completed in 5.0645 seconds
[2019.01.24-01.17.05:737][  1]LogCollectionManager: Rebuilt the object cache for 0 collections in 0.000000 seconds (found 0 objects)
[2019.01.24-01.17.05:738][  1]LogCollectionManager: Fixed up redirectors for 0 collections in 0.000130 seconds (updated 0 objects)
[2019.01.24-01.17.19:233][382]LogSlate: FSceneViewport::OnFocusLost() reason 0
[2019.01.24-01.17.19:435][384]LogSlate: Took 0.000226 seconds to synchronously load lazily loaded font '../../../Engine/Content/Slate/Fonts/Roboto-Light.ttf' (167K)
[2019.01.24-01.17.19:874][384]LogAIModule: Creating AISystem for world RS_WBSTREETWITHGEO
[2019.01.24-01.17.19:934][384]LogAssetEditorManager: Opening Asset editor for World /Game/RS_WBSTREETWITHGEO.RS_WBSTREETWITHGEO
[2019.01.24-01.17.19:962][384]Cmd: MAP LOAD FILE="../../../../../../Users/resta/OneDrive/Documents/GitHub/RS_AssetPipeline/RS_InClassWhiteBox/Content/RS_WBSTREETWITHGEO.umap" TEMPLATE=0 SHOWPROGRESS=1 FEATURELEVEL=3
[2019.01.24-01.17.19:962][384]LightingResults: New page: Lighting Build
[2019.01.24-01.17.19:962][384]LoadErrors: New page: Loading map: RS_WBSTREETWITHGEO.umap
[2019.01.24-01.17.19:963][384]MapCheck: New page: Map Check
[2019.01.24-01.17.19:963][384]LightingResults: New page: Lighting Build
[2019.01.24-01.17.20:007][384]LogEditorServer: Finished looking for orphan Actors (0.000 secs)
[2019.01.24-01.17.20:082][384]Cmd: MAP CHECKDEP NOCLEARLOG
[2019.01.24-01.17.20:182][384]MapCheck: Map check complete: 0 Error(s), 0 Warning(s), took 100.016ms to complete.
[2019.01.24-01.17.20:184][384]LogFileHelpers: Loading map 'RS_WBSTREETWITHGEO' took 0.223
[2019.01.24-01.17.38:144][900]LogSlate: FSceneViewport::OnFocusLost() reason 2
[2019.01.24-01.17.39:939][921]LogD3D11RHI: Timed out while waiting for GPU to catch up. (0.5 s)
[2019.01.24-01.17.40:438][921]LogD3D11RHI: Timed out while waiting for GPU to catch up. (0.5 s)
[2019.01.24-01.17.40:938][921]LogD3D11RHI: Timed out while waiting for GPU to catch up. (0.5 s)
[2019.01.24-01.17.41:438][921]LogD3D11RHI: Timed out while waiting for GPU to catch up. (0.5 s)
[2019.01.24-01.17.41:939][921]LogD3D11RHI: Timed out while waiting for GPU to catch up. (0.5 s)
[2019.01.24-01.17.42:438][921]LogD3D11RHI: Timed out while waiting for GPU to catch up. (0.5 s)
[2019.01.24-01.17.42:939][921]LogD3D11RHI: Timed out while waiting for GPU to catch up. (0.5 s)
[2019.01.24-01.17.43:438][921]LogD3D11RHI: Timed out while waiting for GPU to catch up. (0.5 s)
[2019.01.24-01.17.43:939][921]LogD3D11RHI: Timed out while waiting for GPU to catch up. (0.5 s)
[2019.01.24-01.17.44:438][921]LogD3D11RHI: Timed out while waiting for GPU to catch up. (0.5 s)
[2019.01.24-01.17.44:939][921]LogD3D11RHI: Timed out while waiting for GPU to catch up. (0.5 s)
[2019.01.24-01.17.45:438][921]LogD3D11RHI: Timed out while waiting for GPU to catch up. (0.5 s)
[2019.01.24-01.17.45:939][921]LogD3D11RHI: Timed out while waiting for GPU to catch up. (0.5 s)
[2019.01.24-01.17.46:438][921]LogD3D11RHI: Timed out while waiting for GPU to catch up. (0.5 s)
[2019.01.24-01.17.46:939][921]LogD3D11RHI: Timed out while waiting for GPU to catch up. (0.5 s)
[2019.01.24-01.17.47:439][921]LogD3D11RHI: Timed out while waiting for GPU to catch up. (0.5 s)
[2019.01.24-01.17.47:939][921]LogD3D11RHI: Timed out while waiting for GPU to catch up. (0.5 s)
[2019.01.24-01.17.48:439][921]LogD3D11RHI: Timed out while waiting for GPU to catch up. (0.5 s)
[2019.01.24-01.17.48:939][921]LogD3D11RHI: Timed out while waiting for GPU to catch up. (0.5 s)
[2019.01.24-01.17.49:440][921]LogD3D11RHI: Timed out while waiting for GPU to catch up. (0.5 s)
[2019.01.24-01.17.49:940][921]LogD3D11RHI: Timed out while waiting for GPU to catch up. (0.5 s)
[2019.01.24-01.17.50:440][921]LogD3D11RHI: Timed out while waiting for GPU to catch up. (0.5 s)
[2019.01.24-01.17.50:939][921]LogD3D11RHI: Timed out while waiting for GPU to catch up. (0.5 s)
[2019.01.24-01.17.51:440][921]LogD3D11RHI: Timed out while waiting for GPU to catch up. (0.5 s)
[2019.01.24-01.17.51:939][921]LogD3D11RHI: Timed out while waiting for GPU to catch up. (0.5 s)
[2019.01.24-01.17.52:441][921]LogD3D11RHI: Timed out while waiting for GPU to catch up. (0.5 s)
[2019.01.24-01.17.52:940][921]LogD3D11RHI: Timed out while waiting for GPU to catch up. (0.5 s)
[2019.01.24-01.17.53:439][921]LogD3D11RHI: Timed out while waiting for GPU to catch up. (0.5 s)
[2019.01.24-01.17.53:941][921]LogD3D11RHI: Timed out while waiting for GPU to catch up. (0.5 s)
[2019.01.24-01.17.54:440][921]LogD3D11RHI: Timed out while waiting for GPU to catch up. (0.5 s)
[2019.01.24-01.17.54:940][921]LogD3D11RHI: Timed out while waiting for GPU to catch up. (0.5 s)
[2019.01.24-01.17.55:441][921]LogD3D11RHI: Timed out while waiting for GPU to catch up. (0.5 s)
[2019.01.24-01.17.55:940][921]LogD3D11RHI: Timed out while waiting for GPU to catch up. (0.5 s)
[2019.01.24-01.17.56:439][921]LogD3D11RHI: Timed out while waiting for GPU to catch up. (0.5 s)
[2019.01.24-01.17.56:939][921]LogD3D11RHI: Timed out while waiting for GPU to catch up. (0.5 s)
[2019.01.24-01.17.57:441][921]LogD3D11RHI: Timed out while waiting for GPU to catch up. (0.5 s)
[2019.01.24-01.17.57:940][921]LogD3D11RHI: Timed out while waiting for GPU to catch up. (0.5 s)
[2019.01.24-01.17.58:440][921]LogD3D11RHI: Timed out while waiting for GPU to catch up. (0.5 s)
[2019.01.24-01.17.58:941][921]LogD3D11RHI: Timed out while waiting for GPU to catch up. (0.5 s)
[2019.01.24-01.17.59:441][921]LogD3D11RHI: Timed out while waiting for GPU to catch up. (0.5 s)
[2019.01.24-01.17.59:940][921]LogD3D11RHI: Timed out while waiting for GPU to catch up. (0.5 s)
[2019.01.24-01.18.00:440][921]LogD3D11RHI: Timed out while waiting for GPU to catch up. (0.5 s)
[2019.01.24-01.18.00:941][921]LogD3D11RHI: Timed out while waiting for GPU to catch up. (0.5 s)
[2019.01.24-01.18.01:440][921]LogD3D11RHI: Timed out while waiting for GPU to catch up. (0.5 s)
[2019.01.24-01.18.01:941][921]LogD3D11RHI: Timed out while waiting for GPU to catch up. (0.5 s)
[2019.01.24-01.18.02:441][921]LogD3D11RHI: Timed out while waiting for GPU to catch up. (0.5 s)
[2019.01.24-01.18.02:941][921]LogD3D11RHI: Timed out while waiting for GPU to catch up. (0.5 s)
[2019.01.24-01.18.03:440][921]LogD3D11RHI: Timed out while waiting for GPU to catch up. (0.5 s)
[2019.01.24-01.18.03:939][921]LogD3D11RHI: Timed out while waiting for GPU to catch up. (0.5 s)
[2019.01.24-01.18.04:440][921]LogD3D11RHI: Timed out while waiting for GPU to catch up. (0.5 s)
[2019.01.24-01.18.04:940][921]LogD3D11RHI: Timed out while waiting for GPU to catch up. (0.5 s)
[2019.01.24-01.18.05:440][921]LogD3D11RHI: Timed out while waiting for GPU to catch up. (0.5 s)
[2019.01.24-01.18.05:940][921]LogD3D11RHI: Timed out while waiting for GPU to catch up. (0.5 s)
[2019.01.24-01.18.06:441][921]LogD3D11RHI: Timed out while waiting for GPU to catch up. (0.5 s)
[2019.01.24-01.18.06:940][921]LogD3D11RHI: Timed out while waiting for GPU to catch up. (0.5 s)
[2019.01.24-01.18.07:440][921]LogD3D11RHI: Timed out while waiting for GPU to catch up. (0.5 s)
[2019.01.24-01.18.07:940][921]LogD3D11RHI: Timed out while waiting for GPU to catch up. (0.5 s)
[2019.01.24-01.18.08:440][921]LogD3D11RHI: Timed out while waiting for GPU to catch up. (0.5 s)
[2019.01.24-01.18.08:940][921]LogD3D11RHI: Timed out while waiting for GPU to catch up. (0.5 s)
[2019.01.24-01.18.09:440][921]LogD3D11RHI: Timed out while waiting for GPU to catch up. (0.5 s)
[2019.01.24-01.18.09:942][921]LogD3D11RHI: Timed out while waiting for GPU to catch up. (0.5 s)
[2019.01.24-01.18.10:441][921]LogD3D11RHI: Timed out while waiting for GPU to catch up. (0.5 s)
[2019.01.24-01.18.10:942][921]LogD3D11RHI: Timed out while waiting for GPU to catch up. (0.5 s)
[2019.01.24-01.18.11:442][921]LogD3D11RHI: Timed out while waiting for GPU to catch up. (0.5 s)
[2019.01.24-01.18.11:941][921]LogD3D11RHI: Timed out while waiting for GPU to catch up. (0.5 s)
[2019.01.24-01.18.12:440][921]LogD3D11RHI: Timed out while waiting for GPU to catch up. (0.5 s)
[2019.01.24-01.18.12:942][921]LogD3D11RHI: Timed out while waiting for GPU to catch up. (0.5 s)
[2019.01.24-01.18.13:440][921]LogD3D11RHI: Timed out while waiting for GPU to catch up. (0.5 s)
[2019.01.24-01.18.13:942][921]LogD3D11RHI: Timed out while waiting for GPU to catch up. (0.5 s)
[2019.01.24-01.18.14:441][921]LogD3D11RHI: Timed out while waiting for GPU to catch up. (0.5 s)
[2019.01.24-01.18.14:940][921]LogD3D11RHI: Timed out while waiting for GPU to catch up. (0.5 s)
[2019.01.24-01.18.15:441][921]LogD3D11RHI: Timed out while waiting for GPU to catch up. (0.5 s)
[2019.01.24-01.18.15:942][921]LogD3D11RHI: Timed out while waiting for GPU to catch up. (0.5 s)
[2019.01.24-01.18.16:441][921]LogD3D11RHI: Timed out while waiting for GPU to catch up. (0.5 s)
[2019.01.24-01.18.16:941][921]LogD3D11RHI: Timed out while waiting for GPU to catch up. (0.5 s)
[2019.01.24-01.18.17:441][921]LogD3D11RHI: Timed out while waiting for GPU to catch up. (0.5 s)
[2019.01.24-01.18.17:941][921]LogD3D11RHI: Timed out while waiting for GPU to catch up. (0.5 s)
[2019.01.24-01.18.18:442][921]LogD3D11RHI: Timed out while waiting for GPU to catch up. (0.5 s)
[2019.01.24-01.18.18:942][921]LogD3D11RHI: Timed out while waiting for GPU to catch up. (0.5 s)
[2019.01.24-01.18.19:442][921]LogD3D11RHI: Timed out while waiting for GPU to catch up. (0.5 s)
[2019.01.24-01.18.19:941][921]LogD3D11RHI: Timed out while waiting for GPU to catch up. (0.5 s)
[2019.01.24-01.18.20:441][921]LogD3D11RHI: Timed out while waiting for GPU to catch up. (0.5 s)
[2019.01.24-01.18.20:942][921]LogD3D11RHI: Timed out while waiting for GPU to catch up. (0.5 s)
[2019.01.24-01.18.21:441][921]LogD3D11RHI: Timed out while waiting for GPU to catch up. (0.5 s)
[2019.01.24-01.18.21:942][921]LogD3D11RHI: Timed out while waiting for GPU to catch up. (0.5 s)
[2019.01.24-01.18.22:442][921]LogD3D11RHI: Timed out while waiting for GPU to catch up. (0.5 s)
[2019.01.24-01.18.22:941][921]LogD3D11RHI: Timed out while waiting for GPU to catch up. (0.5 s)
[2019.01.24-01.18.23:442][921]LogD3D11RHI: Timed out while waiting for GPU to catch up. (0.5 s)
[2019.01.24-01.18.23:941][921]LogD3D11RHI: Timed out while waiting for GPU to catch up. (0.5 s)
[2019.01.24-01.18.24:440][921]LogD3D11RHI: Timed out while waiting for GPU to catch up. (0.5 s)
