Log file open, 01/09/19 14:19:27
LogWindows: Failed to load 'aqProf.dll' (GetLastError=126)
LogWindows: File 'aqProf.dll' does not exist
LogWindows: Failed to load 'VtuneApi.dll' (GetLastError=126)
LogWindows: File 'VtuneApi.dll' does not exist
LogWindows: Failed to load 'VtuneApi32e.dll' (GetLastError=126)
LogWindows: File 'VtuneApi32e.dll' does not exist
LogInit: Display: Running engine for game: RS_AssetPipeline
LogPlatformFile: Not using cached read wrapper
LogTaskGraph: Started task graph with 5 named threads and 23 total threads with 3 sets of task threads.
LogStats: Stats thread started at 0.281668
LogD3D11RHI: Loaded GFSDK_Aftermath_Lib.x64.dll
LogICUInternationalization: Display: ICU TimeZone Detection - Raw Offset: -7:00, Platform Override: ''
LogPluginManager: Mounting plugin Paper2D
LogPluginManager: Mounting plugin AISupport
LogPluginManager: Mounting plugin LightPropagationVolume
LogPluginManager: Mounting plugin CLionSourceCodeAccess
LogPluginManager: Mounting plugin CodeLiteSourceCodeAccess
LogPluginManager: Mounting plugin GitSourceControl
LogPluginManager: Mounting plugin KDevelopSourceCodeAccess
LogPluginManager: Mounting plugin NullSourceCodeAccess
LogPluginManager: Mounting plugin PerforceSourceControl
LogPluginManager: Mounting plugin SubversionSourceControl
LogPluginManager: Mounting plugin UObjectPlugin
LogPluginManager: Mounting plugin VisualStudioCodeSourceCodeAccess
LogPluginManager: Mounting plugin VisualStudioSourceCodeAccess
LogPluginManager: Mounting plugin XCodeSourceCodeAccess
LogPluginManager: Mounting plugin AssetManagerEditor
LogPluginManager: Mounting plugin CryptoKeys
LogPluginManager: Mounting plugin DataValidation
LogPluginManager: Mounting plugin FacialAnimation
LogPluginManager: Mounting plugin GameplayTagsEditor
LogPluginManager: Mounting plugin MacGraphicsSwitching
LogPluginManager: Mounting plugin MeshEditor
LogPluginManager: Mounting plugin MobileLauncherProfileWizard
LogPluginManager: Mounting plugin PluginBrowser
LogPluginManager: Mounting plugin SpeedTreeImporter
LogPluginManager: Mounting plugin DatasmithContent
LogPluginManager: Mounting plugin AlembicImporter
LogPluginManager: Mounting plugin AppleImageUtils
LogPluginManager: Mounting plugin AppleVision
LogPluginManager: Mounting plugin BackChannel
LogPluginManager: Mounting plugin CharacterAI
LogPluginManager: Mounting plugin GeometryCache
LogPluginManager: Mounting plugin HTML5Networking
LogPluginManager: Mounting plugin ProxyLODPlugin
LogPluginManager: Mounting plugin MagicLeap
LogPluginManager: Mounting plugin MagicLeapEmulator
LogPluginManager: Mounting plugin MagicLeapMedia
LogPluginManager: Mounting plugin AndroidMedia
LogPluginManager: Mounting plugin AvfMedia
LogPluginManager: Mounting plugin ImgMedia
LogPluginManager: Mounting plugin LinearTimecode
LogPluginManager: Mounting plugin MediaCompositing
LogPluginManager: Mounting plugin MediaPlayerEditor
LogPluginManager: Mounting plugin WmfMedia
LogPluginManager: Mounting plugin TcpMessaging
LogPluginManager: Mounting plugin UdpMessaging
LogPluginManager: Mounting plugin ActorSequence
LogPluginManager: Mounting plugin LevelSequenceEditor
LogPluginManager: Mounting plugin MatineeToLevelSequence
LogPluginManager: Mounting plugin NetcodeUnitTest
LogPluginManager: Mounting plugin NUTUnrealEngine4
LogPluginManager: Mounting plugin OnlineSubsystemGooglePlay
LogPluginManager: Mounting plugin OnlineSubsystemIOS
LogPluginManager: Mounting plugin OnlineSubsystem
LogPluginManager: Mounting plugin OnlineSubsystemNull
LogPluginManager: Mounting plugin OnlineSubsystemUtils
LogPluginManager: Mounting plugin LauncherChunkInstaller
LogPluginManager: Mounting plugin AndroidDeviceProfileSelector
LogPluginManager: Mounting plugin AndroidMoviePlayer
LogPluginManager: Mounting plugin AndroidPermission
LogPluginManager: Mounting plugin AppleMoviePlayer
LogPluginManager: Mounting plugin ArchVisCharacter
LogPluginManager: Mounting plugin AudioCapture
LogPluginManager: Mounting plugin CableComponent
LogPluginManager: Mounting plugin CustomMeshComponent
LogPluginManager: Mounting plugin EditableMesh
LogPluginManager: Mounting plugin ExampleDeviceProfileSelector
LogPluginManager: Mounting plugin GoogleCloudMessaging
LogPluginManager: Mounting plugin ImmediatePhysics
LogPluginManager: Mounting plugin IOSDeviceProfileSelector
LogPluginManager: Mounting plugin LinuxDeviceProfileSelector
LogPluginManager: Mounting plugin LocationServicesBPLibrary
LogPluginManager: Mounting plugin MobilePatchingUtils
LogPluginManager: Mounting plugin OculusVR
LogPluginManager: Plugin shader directory ../../../Engine/Plugins/Runtime/Oculus/OculusVR/Shaders found
LogPluginManager: Mapping shader source directory ../../../Engine/Plugins/Runtime/Oculus/OculusVR/Shaders to virtual directory /Plugin/OculusVR
LogPluginManager: Mounting plugin PhysXVehicles
LogPluginManager: Mounting plugin ProceduralMeshComponent
LogPluginManager: Mounting plugin RuntimePhysXCooking
LogPluginManager: Mounting plugin SteamVR
LogPluginManager: Mounting plugin WindowsMoviePlayer
LogStreaming: Display: Took  0.109s to configure plugins.
LogInit: Using libcurl 7.55.1-DEV
LogInit:  - built for x86_64-pc-win32
LogInit:  - supports SSL with OpenSSL/1.0.2h
LogInit:  - supports HTTP deflate (compression) using libz 1.2.8
LogInit:  - other features:
LogInit:      CURL_VERSION_SSL
LogInit:      CURL_VERSION_LIBZ
LogInit:      CURL_VERSION_IPV6
LogInit:      CURL_VERSION_ASYNCHDNS
LogInit:      CURL_VERSION_LARGEFILE
LogInit:      CURL_VERSION_IDN
LogInit:  CurlRequestOptions (configurable via config and command line):
LogInit:  - bVerifyPeer = false  - Libcurl will NOT verify peer certificate
LogInit:  - bUseHttpProxy = false  - Libcurl will NOT use HTTP proxy
LogInit:  - bDontReuseConnections = false  - Libcurl will reuse connections
LogInit:  - CertBundlePath = nullptr  - Libcurl will use whatever was configured at build time.
LogInit:  - MaxHostConnections = 16  - Libcurl will limit the number of connections to a host
LogInit:  - LocalHostAddr = Default
LogInit:  - BufferSize = 65536
LogInit: WinSock: version 1.1 (2.2), MaxSocks=32767, MaxUdp=65467
LogInit: Build: ++UE4+Release-4.20-CL-4369336
LogInit: Engine Version: 4.20.3-4369336+++UE4+Release-4.20
LogInit: Compatible Engine Version: 4.20.0-4212847+++UE4+Release-4.20
LogInit: Net CL: 4212847
LogInit: OS: Windows 10 (), CPU: Intel(R) Core(TM) i7-8809G CPU @ 3.10GHz, GPU: Radeon RX Vega M GH Graphics
LogInit: Compiled (64-bit): Sep 17 2018 12:26:19
LogInit: Compiled with Visual C++: 19.13.26129.00
LogInit: Build Configuration: Development
LogInit: Branch Name: ++UE4+Release-4.20
LogInit: Command Line: -EpicPortal  -epicusername="retrorebekka" -epicuserid=c49e981cdf95479f867eb7c9b0323fbc -epiclocale=en-US
LogInit: Base Directory: C:/Program Files/Epic Games/UE_4.20/Engine/Binaries/Win64/
LogInit: Installed Engine Build: 1
LogDevObjectVersion: Number of dev versions registered: 20
LogDevObjectVersion:   Dev-Blueprints (B0D832E4-1F89-4F0D-ACCF-7EB736FD4AA2): 10
LogDevObjectVersion:   Dev-Build (E1C64328-A22C-4D53-A36C-8E866417BD8C): 0
LogDevObjectVersion:   Dev-Core (375EC13C-06E4-48FB-B500-84F0262A717E): 2
LogDevObjectVersion:   Dev-Editor (E4B068ED-F494-42E9-A231-DA0B2E46BB41): 24
LogDevObjectVersion:   Dev-Framework (CFFC743F-43B0-4480-9391-14DF171D2073): 34
LogDevObjectVersion:   Dev-Mobile (B02B49B5-BB20-44E9-A304-32B752E40360): 2
LogDevObjectVersion:   Dev-Networking (A4E4105C-59A1-49B5-A7C5-40C4547EDFEE): 0
LogDevObjectVersion:   Dev-Online (39C831C9-5AE6-47DC-9A44-9C173E1C8E7C): 0
LogDevObjectVersion:   Dev-Physics (78F01B33-EBEA-4F98-B9B4-84EACCB95AA2): 0
LogDevObjectVersion:   Dev-Platform (6631380F-2D4D-43E0-8009-CF276956A95A): 0
LogDevObjectVersion:   Dev-Rendering (12F88B9F-8875-4AFC-A67C-D90C383ABD29): 26
LogDevObjectVersion:   Dev-Sequencer (7B5AE74C-D270-4C10-A958-57980B212A5A): 9
LogDevObjectVersion:   Dev-VR (D7296918-1DD6-4BDD-9DE2-64A83CC13884): 2
LogDevObjectVersion:   Dev-LoadTimes (C2A15278-BFE7-4AFE-6C17-90FF531DF755): 1
LogDevObjectVersion:   Private-Geometry (6EACA3D4-40EC-4CC1-B786-8BED09428FC5): 3
LogDevObjectVersion:   Dev-AnimPhys (29E575DD-E0A3-4627-9D10-D276232CDCEA): 17
LogDevObjectVersion:   Dev-ReflectionCapture (6B266CEC-1EC7-4B8F-A30B-E4D90942FC07): 1
LogDevObjectVersion:   Dev-Automation (0DF73D61-A23F-47EA-B727-89E90C41499A): 1
LogDevObjectVersion:   FortniteMain (601D1886-AC64-4F84-AA16-D3DE0DEAC7D6): 12
LogDevObjectVersion:   Dev-Enterprise (9DFFBCD6-494F-0158-E221-12823C92A888): 1
LogStreaming: Display: Took  0.000s to delete old logs.
LogInit: Presizing for max 8388607 objects, including 0 objects not considered by GC, pre-allocating 0 bytes for permanent pool.
LogInit: Object subsystem initialized
[2019.01.09-21.19.27:805][  0]LogInit: Selected Device Profile: [Windows]
[2019.01.09-21.19.27:805][  0]LogInit: Applying CVar settings loaded from the selected device profile: [Windows]
[2019.01.09-21.19.27:816][  0]LogHAL: Display: Platform has ~ 16 GB [17095413760 / 17179869184 / 16], which maps to Larger [LargestMinGB=32, LargerMinGB=12, DefaultMinGB=8, SmallerMinGB=6, SmallestMinGB=0)
[2019.01.09-21.19.27:816][  0]LogInit: Setting Device Profile CVar: [[r.Vulkan.UseRealUBs:1]]
[2019.01.09-21.19.27:817][  0]LogInit: Going up to parent DeviceProfile []
[2019.01.09-21.19.27:817][  0]LogInit: Computer: eae-n-032
[2019.01.09-21.19.27:817][  0]LogInit: User: u1084244
[2019.01.09-21.19.27:817][  0]LogInit: CPU Page size=4096, Cores=4
[2019.01.09-21.19.27:817][  0]LogInit: High frequency timer resolution =3.023442 MHz
[2019.01.09-21.19.27:817][  0]LogMemory: Memory total: Physical=15.9GB (16GB approx)
[2019.01.09-21.19.27:817][  0]LogMemory: Platform Memory Stats for Windows
[2019.01.09-21.19.27:817][  0]LogMemory: Process Physical Memory: 100.77 MB used, 100.77 MB peak
[2019.01.09-21.19.27:817][  0]LogMemory: Process Virtual Memory: 89.50 MB used, 89.50 MB peak
[2019.01.09-21.19.27:817][  0]LogMemory: Physical Memory: 6403.78 MB used,  9899.68 MB free, 16303.46 MB total
[2019.01.09-21.19.27:817][  0]LogMemory: Virtual Memory: 4639.15 MB used,  9899.68 MB free, 134217728.00 MB total
[2019.01.09-21.19.27:833][  0]LogInit: Using OS detected language (en-US).
[2019.01.09-21.19.27:833][  0]LogInit: Using OS detected locale (en-US).
[2019.01.09-21.19.27:834][  0]LogTextLocalizationManager: No specific localization for 'en-US' exists, so the 'en' localization will be used.
[2019.01.09-21.19.28:137][  0]LogStreaming: Display: Took  0.305s to InitEngineTextLocalization.
[2019.01.09-21.19.28:138][  0]LogInit: Setting process to per monitor DPI aware
[2019.01.09-21.19.28:179][  0]LogSlate: New Slate User Created.  User Index 0, Is Virtual User: 0
[2019.01.09-21.19.28:179][  0]LogSlate: Slate User Registered.  User Index 0, Is Virtual User: 0
[2019.01.09-21.19.28:349][  0]LogHMD: Failed to initialize OpenVR with code 110
[2019.01.09-21.19.28:349][  0]LogD3D11RHI: D3D11 adapters:
[2019.01.09-21.19.28:384][  0]LogD3D11RHI:    0. 'Radeon RX Vega M GH Graphics' (Feature Level 11_0)
[2019.01.09-21.19.28:384][  0]LogD3D11RHI:       4042/0/8151 MB DedicatedVideo/DedicatedSystem/SharedSystem, Outputs:1, VendorId:0x1002
[2019.01.09-21.19.28:395][  0]LogD3D11RHI:    1. 'Intel(R) HD Graphics 630' (Feature Level 11_0)
[2019.01.09-21.19.28:395][  0]LogD3D11RHI:       128/0/8151 MB DedicatedVideo/DedicatedSystem/SharedSystem, Outputs:0, VendorId:0x8086
[2019.01.09-21.19.28:396][  0]LogD3D11RHI:    2. 'Microsoft Basic Render Driver' (Feature Level 11_0)
[2019.01.09-21.19.28:396][  0]LogD3D11RHI:       0/0/8151 MB DedicatedVideo/DedicatedSystem/SharedSystem, Outputs:0, VendorId:0x1414
[2019.01.09-21.19.28:396][  0]LogD3D11RHI: Chosen D3D11 Adapter: 0
[2019.01.09-21.19.28:404][  0]LogD3D11RHI: Creating new Direct3DDevice
[2019.01.09-21.19.28:404][  0]LogD3D11RHI:     GPU DeviceId: 0x694c (for the marketing name, search the web for "GPU Device Id")
[2019.01.09-21.19.28:404][  0]LogWindows: EnumDisplayDevices:
[2019.01.09-21.19.28:404][  0]LogWindows:    0. 'Radeon RX Vega M GH Graphics' (P:1 D:1)
[2019.01.09-21.19.28:404][  0]LogWindows:    1. 'Radeon RX Vega M GH Graphics' (P:0 D:0)
[2019.01.09-21.19.28:404][  0]LogWindows:    2. 'Radeon RX Vega M GH Graphics' (P:0 D:0)
[2019.01.09-21.19.28:406][  0]LogWindows:    3. 'Radeon RX Vega M GH Graphics' (P:0 D:0)
[2019.01.09-21.19.28:406][  0]LogWindows:    4. 'Radeon RX Vega M GH Graphics' (P:0 D:0)
[2019.01.09-21.19.28:406][  0]LogWindows:    5. 'Radeon RX Vega M GH Graphics' (P:0 D:0)
[2019.01.09-21.19.28:406][  0]LogWindows:    6. 'Radeon RX Vega M GH Graphics' (P:0 D:0)
[2019.01.09-21.19.28:406][  0]LogWindows:    7. 'Intel(R) HD Graphics 630' (P:0 D:0)
[2019.01.09-21.19.28:406][  0]LogWindows:    8. 'Intel(R) HD Graphics 630' (P:0 D:0)
[2019.01.09-21.19.28:406][  0]LogWindows: DebugString: PrimaryIsNotTheChoosenAdapter PrimaryIsNotTheChoosenAdapter FoundDriverCount:7 
[2019.01.09-21.19.28:406][  0]LogD3D11RHI:     Adapter Name: Radeon RX Vega M GH Graphics
[2019.01.09-21.19.28:406][  0]LogD3D11RHI:   Driver Version: Adrenalin 18.9.1 (internal:24.20.11026.2001, unified:24.20.11026.2001)
[2019.01.09-21.19.28:406][  0]LogD3D11RHI:      Driver Date: 8-30-2018
[2019.01.09-21.19.28:406][  0]LogRHI: Texture pool is 2829 MB (70% of 4042 MB)
[2019.01.09-21.19.28:472][  0]LogD3D11RHI: Async texture creation enabled
[2019.01.09-21.19.28:483][  0]LogD3D11RHI: GPU Timing Frequency: 25.000000 (Debug: 2 1)
[2019.01.09-21.19.28:485][  0]LogShaderCompilers: Guid format shader working directory is -34 characters bigger than the processId version (../../../../../../Users/u1084244/Documents/GitHub/RS_AssetPipeline/RS_AssetPipeline/Intermediate/Shaders/WorkingDirectory/9804/).
[2019.01.09-21.19.28:485][  0]LogShaderCompilers: Cleaned the shader compiler working directory 'C:/Users/u1084244/AppData/Local/Temp/UnrealShaderWorkingDir/5F0233DF4242BB70CAD8E381A30BFBCD/'.
[2019.01.09-21.19.28:745][  0]LogTemp: Display: Loaded TP AllDesktopTargetPlatform
[2019.01.09-21.19.28:758][  0]LogTemp: Display: Loaded TP MacClientTargetPlatform
[2019.01.09-21.19.28:770][  0]LogTemp: Display: Loaded TP MacNoEditorTargetPlatform
[2019.01.09-21.19.28:780][  0]LogTemp: Display: Loaded TP MacServerTargetPlatform
[2019.01.09-21.19.28:792][  0]LogTemp: Display: Loaded TP MacTargetPlatform
[2019.01.09-21.19.28:804][  0]LogTemp: Display: Loaded TP WindowsClientTargetPlatform
[2019.01.09-21.19.28:815][  0]LogTemp: Display: Loaded TP WindowsNoEditorTargetPlatform
[2019.01.09-21.19.28:827][  0]LogTemp: Display: Loaded TP WindowsServerTargetPlatform
[2019.01.09-21.19.28:832][  0]LogTemp: Display: Loaded TP WindowsTargetPlatform
[2019.01.09-21.19.28:897][  0]LogTemp: Display: Loaded TP AndroidTargetPlatform
[2019.01.09-21.19.28:897][  0]LogTemp: Display: Loaded TP AndroidTargetPlatform
[2019.01.09-21.19.28:897][  0]LogTemp: Display: Loaded TP AndroidTargetPlatform
[2019.01.09-21.19.28:897][  0]LogTemp: Display: Loaded TP AndroidTargetPlatform
[2019.01.09-21.19.28:897][  0]LogTemp: Display: Loaded TP AndroidTargetPlatform
[2019.01.09-21.19.28:897][  0]LogTemp: Display: Loaded TP AndroidTargetPlatform
[2019.01.09-21.19.28:897][  0]LogTemp: Display: Loaded TP AndroidTargetPlatform
[2019.01.09-21.19.28:897][  0]LogTemp: Display: Loaded TP AndroidTargetPlatform
[2019.01.09-21.19.28:897][  0]LogTemp: Display: Loaded TP AndroidTargetPlatform
[2019.01.09-21.19.28:897][  0]LogTemp: Display: Loaded TP AndroidTargetPlatform
[2019.01.09-21.19.28:897][  0]LogTemp: Display: Loaded TP AndroidTargetPlatform
[2019.01.09-21.19.28:897][  0]LogTemp: Display: Loaded TP AndroidTargetPlatform
[2019.01.09-21.19.28:897][  0]LogTemp: Display: Loaded TP AndroidTargetPlatform
[2019.01.09-21.19.28:897][  0]LogTemp: Display: Loaded TP AndroidTargetPlatform
[2019.01.09-21.19.28:897][  0]LogTemp: Display: Loaded TP AndroidTargetPlatform
[2019.01.09-21.19.28:897][  0]LogTemp: Display: Loaded TP AndroidTargetPlatform
[2019.01.09-21.19.28:897][  0]LogTemp: Display: Loaded TP AndroidTargetPlatform
[2019.01.09-21.19.28:897][  0]LogTemp: Display: Loaded TP AndroidTargetPlatform
[2019.01.09-21.19.28:898][  0]LogTemp: Display: Loaded TP HTML5TargetPlatform
[2019.01.09-21.19.28:954][  0]LogTemp: Display: Loaded TP IOSTargetPlatform
[2019.01.09-21.19.28:954][  0]LogTemp: Display: Loaded TP IOSTargetPlatform
[2019.01.09-21.19.28:974][  0]LogTemp: Display: Loaded TP TVOSTargetPlatform
[2019.01.09-21.19.28:974][  0]LogTemp: Display: Loaded TP TVOSTargetPlatform
[2019.01.09-21.19.28:985][  0]LogTemp: Display: Loaded TP LinuxClientTargetPlatform
[2019.01.09-21.19.28:995][  0]LogTemp: Display: Loaded TP LinuxNoEditorTargetPlatform
[2019.01.09-21.19.29:005][  0]LogTemp: Display: Loaded TP LinuxServerTargetPlatform
[2019.01.09-21.19.29:016][  0]LogTemp: Display: Loaded TP LinuxTargetPlatform
[2019.01.09-21.19.29:023][  0]LogTemp: Display: Loaded TP LuminTargetPlatform
[2019.01.09-21.19.29:023][  0]LogTargetPlatformManager: Display: Building Assets For Windows
[2019.01.09-21.19.29:079][  0]LogXGEController: Cannot use XGE Controller as Incredibuild is not installed on this machine.
[2019.01.09-21.19.29:079][  0]LogShaderCompilers: Cannot use XGE Shader Compiler as Incredibuild is not installed on this machine.
[2019.01.09-21.19.29:079][  0]LogShaderCompilers: Display: Using Local Shader Compiler.
[2019.01.09-21.19.29:720][  0]LogDerivedDataCache: Display: Max Cache Size: 512 MB
[2019.01.09-21.19.29:784][  0]LogDerivedDataCache: Loaded boot cache 0.06s 87MB C:/Users/u1084244/AppData/Local/UnrealEngine/4.20/DerivedDataCache/Boot.ddc.
[2019.01.09-21.19.29:785][  0]LogDerivedDataCache: Display: Loaded Boot cache: C:/Users/u1084244/AppData/Local/UnrealEngine/4.20/DerivedDataCache/Boot.ddc
[2019.01.09-21.19.29:785][  0]LogDerivedDataCache: FDerivedDataBackendGraph:  Pak pak cache file ../../../../../../Users/u1084244/Documents/GitHub/RS_AssetPipeline/RS_AssetPipeline/DerivedDataCache/DDC.ddp not found, will not use a pak cache.
[2019.01.09-21.19.29:785][  0]LogDerivedDataCache: Unable to find inner node Pak for hierarchical cache Hierarchy.
[2019.01.09-21.19.29:785][  0]LogDerivedDataCache: FDerivedDataBackendGraph:  CompressedPak pak cache file ../../../../../../Users/u1084244/Documents/GitHub/RS_AssetPipeline/RS_AssetPipeline/DerivedDataCache/Compressed.ddp not found, will not use a pak cache.
[2019.01.09-21.19.29:785][  0]LogDerivedDataCache: Unable to find inner node CompressedPak for hierarchical cache Hierarchy.
[2019.01.09-21.19.29:796][  0]LogDerivedDataCache: Display: Pak cache opened for reading ../../../Engine/DerivedDataCache/Compressed.ddp.
[2019.01.09-21.19.29:809][  0]LogDerivedDataCache: Using Local data cache path C:/Users/u1084244/AppData/Local/UnrealEngine/Common/DerivedDataCache: Writable
[2019.01.09-21.19.29:809][  0]LogDerivedDataCache: Shared data cache path not found in *engine.ini, will not use an Shared cache.
[2019.01.09-21.19.29:809][  0]LogDerivedDataCache: Unable to find inner node Shared for hierarchical cache Hierarchy.
[2019.01.09-21.19.29:824][  0]LogMaterial: Verifying Global Shaders for PCD3D_SM5
[2019.01.09-21.19.29:826][  0]LogSlate: Using FreeType 2.6.0
[2019.01.09-21.19.29:826][  0]LogSlate: SlateFontServices - WITH_FREETYPE: 1, WITH_HARFBUZZ: 1
[2019.01.09-21.19.29:892][  0]LogAssetRegistry: FAssetRegistry took 0.0264 seconds to start up
[2019.01.09-21.19.30:191][  0]LogInit: Selected Device Profile: [Windows]
[2019.01.09-21.19.30:314][  0]LogSimplygon: Simplygon DLL not present - disabling.
[2019.01.09-21.19.30:318][  0]LogMeshReduction: Using SimplygonSwarm for distributed automatic mesh merging
[2019.01.09-21.19.30:318][  0]LogMeshReduction: Using ProxyLODMeshReduction for automatic mesh merging
[2019.01.09-21.19.30:318][  0]LogMeshReduction: Using QuadricMeshReduction for automatic static mesh reduction
[2019.01.09-21.19.30:318][  0]LogMeshReduction: No automatic skeletal mesh reduction module available
[2019.01.09-21.19.30:333][  0]LogNetVersion: RS_AssetPipeline 1.0.0, NetCL: 4212847, EngineNetVer: 5, GameNetVer: 0 (Checksum: 2328325438)
[2019.01.09-21.19.30:815][  0]LogPackageLocalizationCache: Processed 11 localized package path(s) for 2 prioritized culture(s) in 0.106692 seconds
[2019.01.09-21.19.30:820][  0]LogUObjectArray: 38425 objects as part of root set at end of initial load.
[2019.01.09-21.19.30:820][  0]LogUObjectAllocator: 6690864 out of 0 bytes used by permanent object pool.
[2019.01.09-21.19.30:820][  0]LogUObjectArray: CloseDisregardForGC: 0/0 objects in disregard for GC pool
[2019.01.09-21.19.31:642][  0]LogTcpMessaging: Initializing TcpMessaging bridge
[2019.01.09-21.19.31:667][  0]LogUdpMessaging: Initializing bridge on interface 0.0.0.0:0 to multicast group 230.0.0.1:6666.
[2019.01.09-21.19.31:797][  0]SourceControl: Source control is disabled
[2019.01.09-21.19.31:797][  0]SourceControl: Source control is disabled
[2019.01.09-21.19.31:799][  0]SourceControl: Source control is disabled
[2019.01.09-21.19.31:800][  0]SourceControl: Source control is disabled
[2019.01.09-21.19.31:954][  0]LogAndroidPermission: UAndroidPermissionCallbackProxy::GetInstance
[2019.01.09-21.19.32:025][  0]LogOcInput: OculusInput pre-init called
[2019.01.09-21.19.32:079][  0]LogEngine: Initializing Engine...
[2019.01.09-21.19.32:080][  0]LogHMD: Failed to initialize OpenVR with code 110
[2019.01.09-21.19.32:081][  0]LogStats: UGameplayTagsManager::ConstructGameplayTagTree: ImportINI prefixes -  0.000 s
[2019.01.09-21.19.32:081][  0]LogStats: UGameplayTagsManager::ConstructGameplayTagTree: Construct from data asset -  0.000 s
[2019.01.09-21.19.32:081][  0]LogStats: UGameplayTagsManager::ConstructGameplayTagTree: ImportINI -  0.000 s
[2019.01.09-21.19.32:081][  0]LogStats: UGameplayTagsManager::ConstructGameplayTagTree: GameplayTagTreeChangedEvent.Broadcast -  0.000 s
[2019.01.09-21.19.32:265][  0]LogInit: Initializing FReadOnlyCVARCache
[2019.01.09-21.19.32:279][  0]LogAIModule: Creating AISystem for world Untitled
[2019.01.09-21.19.32:304][  0]LogInit: XAudio2 using '4 - CintiqPro24P (AMD High Definition Audio Device)' : 2 channels at 48 kHz using 16 bits per sample (channel mask 0x3)
[2019.01.09-21.19.32:329][  0]LogInit: FAudioDevice initialized.
[2019.01.09-21.19.32:329][  0]LogNetVersion: Set ProjectVersion to 1.0.0.0. Version Checksum will be recalculated on next use.
[2019.01.09-21.19.32:410][  0]LogDerivedDataCache: Saved boot cache 0.08s 87MB C:/Users/u1084244/AppData/Local/UnrealEngine/4.20/DerivedDataCache/Boot.ddc.
[2019.01.09-21.19.32:506][  0]LogInit: Texture streaming: Enabled
[2019.01.09-21.19.32:523][  0]LogEngineSessionManager: EngineSessionManager initialized
[2019.01.09-21.19.32:540][  0]LogInit: Transaction tracking system initialized
[2019.01.09-21.19.32:561][  0]BlueprintLog: New page: Editor Load
[2019.01.09-21.19.32:682][  0]LocalizationService: Localization service is disabled
[2019.01.09-21.19.32:919][  0]LogFileCache: Scanning file cache for directory 'C:/Users/u1084244/Documents/GitHub/RS_AssetPipeline/RS_AssetPipeline/Content/' took 0.01s
[2019.01.09-21.19.32:919][  0]LogCook: Display: Max memory allowance for cook 16384mb min free memory 0mb
[2019.01.09-21.19.32:919][  0]LogCook: Display: Mobile HDR setting 1
[2019.01.09-21.19.32:919][  0]LogGameplayTags: Display: UGameplayTagsManager::DoneAddingNativeTags. DelegateIsBound: 0
[2019.01.09-21.19.32:919][  0]LogStats: UGameplayTagsManager::ConstructGameplayTagTree: ImportINI prefixes -  0.000 s
[2019.01.09-21.19.32:919][  0]LogStats: UGameplayTagsManager::ConstructGameplayTagTree: Construct from data asset -  0.000 s
[2019.01.09-21.19.32:919][  0]LogStats: UGameplayTagsManager::ConstructGameplayTagTree: ImportINI -  0.000 s
[2019.01.09-21.19.32:919][  0]LogStats: UGameplayTagsManager::ConstructGameplayTagTree: GameplayTagTreeChangedEvent.Broadcast -  0.000 s
[2019.01.09-21.19.33:052][  0]SourceControl: Source control is disabled
[2019.01.09-21.19.33:052][  0]Cmd: MAP LOAD FILE="../../../Engine/Content/Maps/Templates/Template_Default.umap" TEMPLATE=1 SHOWPROGRESS=1 FEATURELEVEL=3
[2019.01.09-21.19.33:053][  0]LightingResults: New page: Lighting Build
[2019.01.09-21.19.33:056][  0]MapCheck: New page: Map Check
[2019.01.09-21.19.33:056][  0]LightingResults: New page: Lighting Build
[2019.01.09-21.19.33:235][  0]LogAIModule: Creating AISystem for world Untitled_1
[2019.01.09-21.19.33:242][  0]LogEditorServer: Finished looking for orphan Actors (0.000 secs)
[2019.01.09-21.19.33:261][  0]Cmd: MAP CHECKDEP NOCLEARLOG
[2019.01.09-21.19.33:318][  0]MapCheck: Map check complete: 0 Error(s), 0 Warning(s), took 56.72ms to complete.
[2019.01.09-21.19.33:318][  0]LogFileHelpers: Loading map 'Template_Default' took 0.266
[2019.01.09-21.19.33:428][  0]LogSlate: Updating window title bar state: overlay mode, drag disabled, window buttons hidden, title bar hidden
[2019.01.09-21.19.33:436][  0]LogSlate: Updating window title bar state: overlay mode, drag disabled, window buttons hidden, title bar hidden
[2019.01.09-21.19.33:442][  0]LogSlate: Updating window title bar state: overlay mode, drag disabled, window buttons hidden, title bar hidden
[2019.01.09-21.19.33:449][  0]LogSlate: Updating window title bar state: overlay mode, drag disabled, window buttons hidden, title bar hidden
[2019.01.09-21.19.33:463][  0]LogCollectionManager: Loaded 0 collections in 0.002681 seconds
[2019.01.09-21.19.33:508][  0]LogFileCache: Scanning file cache for directory 'C:/Users/u1084244/Documents/GitHub/RS_AssetPipeline/RS_AssetPipeline/Saved/Collections/' took 0.01s
[2019.01.09-21.19.33:508][  0]LogFileCache: Scanning file cache for directory 'C:/Users/u1084244/Documents/GitHub/RS_AssetPipeline/RS_AssetPipeline/Content/Developers/u1084244/Collections/' took 0.01s
[2019.01.09-21.19.33:508][  0]LogFileCache: Scanning file cache for directory 'C:/Users/u1084244/Documents/GitHub/RS_AssetPipeline/RS_AssetPipeline/Content/Collections/' took 0.01s
[2019.01.09-21.19.33:508][  0]LogCollectionManager: Rebuilt the GUID cache for 0 collections in 0.000000 seconds
[2019.01.09-21.19.33:517][  0]LogContentBrowser: Native class hierarchy populated in 0.0093 seconds. Added 2572 classes and 603 folders.
[2019.01.09-21.19.33:524][  0]LogContentBrowser: Native class hierarchy updated for 'WidgetCarousel' in 0.0003 seconds. Added 0 classes and 0 folders.
[2019.01.09-21.19.33:901][  0]LogContentBrowser: Native class hierarchy updated for 'AddContentDialog' in 0.0004 seconds. Added 0 classes and 0 folders.
[2019.01.09-21.19.33:906][  0]LogContentBrowser: Native class hierarchy updated for 'SceneOutliner' in 0.0002 seconds. Added 1 classes and 2 folders.
[2019.01.09-21.19.33:918][  0]LogSlate: Took 0.000155 seconds to synchronously load lazily loaded font '../../../Engine/Content/Slate/Fonts/Roboto-Regular.ttf' (155K)
[2019.01.09-21.19.33:920][  0]LogSlate: Took 0.000164 seconds to synchronously load lazily loaded font '../../../Engine/Content/Slate/Fonts/Roboto-Bold.ttf' (160K)
[2019.01.09-21.19.33:929][  0]LogSlate: Took 0.004725 seconds to synchronously load lazily loaded font '../../../Engine/Content/Editor/Slate/Fonts/FontAwesome.ttf' (139K)
[2019.01.09-21.19.34:031][  0]LogRenderer: Reallocating scene render targets to support 1208x576 Format 10 NumSamples 1 (Frame:1).
[2019.01.09-21.19.34:240][  0]LogSlate: FSceneViewport::OnFocusLost() reason 2
[2019.01.09-21.19.34:251][  0]LogSlate: Window 'Tutorials' being destroyed
[2019.01.09-21.19.34:284][  0]LogContentBrowser: Native class hierarchy updated for 'HierarchicalLODOutliner' in 0.0006 seconds. Added 0 classes and 0 folders.
[2019.01.09-21.19.34:284][  0]LogLoad: (Engine Initialization) Total time: 8.38 seconds
[2019.01.09-21.19.34:284][  0]LogLoad: (Engine Initialization) Total Blueprint compile time: 0.00 seconds
[2019.01.09-21.19.34:295][  0]LogWindowsTextInputMethodSystem: Display: IME system now deactivated.
[2019.01.09-21.19.34:321][  0]LogAssetRegistry: Asset discovery search completed in 4.4511 seconds
[2019.01.09-21.19.34:322][  0]LogCollectionManager: Rebuilt the object cache for 0 collections in 0.000000 seconds (found 0 objects)
[2019.01.09-21.19.34:322][  0]LogCollectionManager: Fixed up redirectors for 0 collections in 0.000040 seconds (updated 0 objects)
[2019.01.09-21.19.34:323][  0]LogContentStreaming: Texture pool size now 1000 MB
[2019.01.09-21.19.50:581][919]LogSlate: FSceneViewport::OnFocusLost() reason 0
[2019.01.09-21.19.50:760][934]LogActorFactory: Actor Factory created Cube
[2019.01.09-21.19.52:222][105]LogActorFactory: Actor Factory created Cube
[2019.01.09-21.20.00:553][ 55]LogSlate: FSceneViewport::OnFocusLost() reason 0
[2019.01.09-21.20.22:255][639]Cmd: TRANSACTION UNDO
[2019.01.09-21.20.22:255][639]LogEditorTransaction: Undo Move Actors
[2019.01.09-21.20.22:284][639]LogSlate: Took 0.000172 seconds to synchronously load lazily loaded font '../../../Engine/Content/Slate/Fonts/Roboto-Light.ttf' (167K)
[2019.01.09-21.20.22:636][676]Cmd: TRANSACTION UNDO
[2019.01.09-21.20.22:636][676]LogEditorTransaction: Undo Create Actors
[2019.01.09-21.20.31:457][701]LogEditorViewport: Clicking on Actor (LMB): StaticMeshActor (Floor)
[2019.01.09-21.20.32:210][784]LogEditorViewport: Clicking on Actor (LMB): BP_Sky_Sphere_C (Sky Sphere)
[2019.01.09-21.20.33:481][931]Cmd: TRANSACTION UNDO
[2019.01.09-21.20.33:481][931]LogEditorTransaction: Undo Clicking on Actors
[2019.01.09-21.20.33:709][951]Cmd: TRANSACTION UNDO
[2019.01.09-21.20.33:709][951]LogEditorTransaction: Undo Clicking on Actors
[2019.01.09-21.20.33:862][960]Cmd: TRANSACTION UNDO
[2019.01.09-21.20.33:862][960]LogEditorTransaction: Undo Move Actors
[2019.01.09-21.20.34:086][983]Cmd: TRANSACTION UNDO
[2019.01.09-21.20.34:086][983]LogEditorTransaction: Undo Move Actors
[2019.01.09-21.20.36:751][264]LogSlate: FSceneViewport::OnFocusLost() reason 0
[2019.01.09-21.21.04:321][718]LogEditorViewport: Clicking on Actor (LMB): BP_Sky_Sphere_C (Sky Sphere)
[2019.01.09-21.21.06:371][957]Cmd: TRANSACTION UNDO
[2019.01.09-21.21.06:371][957]LogEditorTransaction: Undo Clicking on Actors
[2019.01.09-21.21.06:573][973]Cmd: TRANSACTION UNDO
[2019.01.09-21.21.06:574][973]LogEditorTransaction: Undo Create Actors
[2019.01.09-21.21.42:888][150]LogSlate: FSceneViewport::OnFocusLost() reason 0
[2019.01.09-21.21.51:555][159]LogSlate: FSceneViewport::OnFocusLost() reason 0
[2019.01.09-21.21.51:722][176]LogActorFactory: Actor Factory created Cube
[2019.01.09-21.21.52:641][284]LogActorFactory: Actor Factory created Cube
[2019.01.09-21.21.53:445][375]LogEditorViewport: Clicking on Actor (LMB): PlayerStart (Player Start)
[2019.01.09-21.21.54:687][519]Cmd: DELETE
[2019.01.09-21.21.54:687][519]Cmd: ACTOR DELETE
[2019.01.09-21.21.54:689][519]LogEditorActor: Deleted Actor: PlayerStart
[2019.01.09-21.21.54:707][519]LogEditorActor: Deleted 1 Actors (0.020 secs)
[2019.01.09-21.21.55:422][604]LogEditorViewport: Clicking on Actor (LMB): SphereReflectionCapture (SphereReflectionCapture)
[2019.01.09-21.21.55:844][646]Cmd: DELETE
[2019.01.09-21.21.55:844][646]Cmd: ACTOR DELETE
[2019.01.09-21.21.55:846][646]LogEditorActor: Deleted Actor: SphereReflectionCapture
[2019.01.09-21.21.55:865][646]LogEditorActor: Deleted 1 Actors (0.021 secs)
[2019.01.09-21.21.58:558][959]LogEditorViewport: Clicking on Actor (LMB): DirectionalLight (Light Source)
[2019.01.09-21.21.58:954][999]Cmd: DELETE
[2019.01.09-21.21.58:954][999]Cmd: ACTOR DELETE
[2019.01.09-21.21.58:955][999]LogEditorActor: Actor Light Source is referenced by Sky Sphere.
[2019.01.09-21.21.58:964][999]LogSlate: FSceneViewport::OnFocusLost() reason 2
[2019.01.09-21.22.01:828][999]LogSlate: Window 'Message' being destroyed
[2019.01.09-21.22.01:851][999]LogEditorActor: Deleted 0 Actors (2.897 secs)
[2019.01.09-21.22.02:677][ 96]LogEditorViewport: Clicking on Actor (LMB): SkyLight (SkyLight)
[2019.01.09-21.22.03:407][176]LogEditorViewport: Clicking on Actor (LMB): BP_Sky_Sphere_C (Sky Sphere)
[2019.01.09-21.22.07:289][632]LogEditorViewport: Clicking on Actor (LMB): StaticMeshActor (Cube)
[2019.01.09-21.22.11:511][129]Cmd: TRANSACTION UNDO
[2019.01.09-21.22.11:511][129]LogEditorTransaction: Undo Move Actors
[2019.01.09-21.22.11:760][156]Cmd: TRANSACTION UNDO
[2019.01.09-21.22.11:760][156]LogEditorTransaction: Undo Clicking on Actors
[2019.01.09-21.22.11:967][175]Cmd: TRANSACTION UNDO
[2019.01.09-21.22.11:967][175]LogEditorTransaction: Undo Move Actors
[2019.01.09-21.22.12:152][193]Cmd: TRANSACTION UNDO
[2019.01.09-21.22.12:152][193]LogEditorTransaction: Undo Clicking on Actors
[2019.01.09-21.22.12:340][210]Cmd: TRANSACTION UNDO
[2019.01.09-21.22.12:340][210]LogEditorTransaction: Undo Clicking on Actors
[2019.01.09-21.22.12:533][228]Cmd: TRANSACTION UNDO
[2019.01.09-21.22.12:533][228]LogEditorTransaction: Undo Delete Actors
[2019.01.09-21.22.12:744][250]Cmd: TRANSACTION UNDO
[2019.01.09-21.22.12:744][250]LogEditorTransaction: Undo Clicking on Actors
[2019.01.09-21.22.12:919][269]Cmd: TRANSACTION UNDO
[2019.01.09-21.22.12:919][269]LogEditorTransaction: Undo Delete Actors
[2019.01.09-21.22.13:112][286]Cmd: TRANSACTION UNDO
[2019.01.09-21.22.13:112][286]LogEditorTransaction: Undo Clicking on Actors
[2019.01.09-21.22.13:315][308]Cmd: TRANSACTION UNDO
[2019.01.09-21.22.13:315][308]LogEditorTransaction: Undo Delete Actors
[2019.01.09-21.22.13:516][326]Cmd: TRANSACTION UNDO
[2019.01.09-21.22.13:516][326]LogEditorTransaction: Undo Clicking on Actors
[2019.01.09-21.22.13:694][340]Cmd: TRANSACTION UNDO
[2019.01.09-21.22.13:694][340]LogEditorTransaction: Undo Create Actors
[2019.01.09-21.22.15:397][538]LogSlate: FSceneViewport::OnFocusLost() reason 0
[2019.01.09-21.22.16:897][714]LogActorFactory: Actor Factory created Cube
[2019.01.09-21.22.19:782][ 58]LogActorFactory: Actor Factory created Cube
[2019.01.09-21.22.34:809][813]LogSlate: FSceneViewport::OnFocusLost() reason 0
[2019.01.09-21.23.17:889][440]LogEditorViewport: Clicking on Actor (LMB): BP_Sky_Sphere_C (Sky Sphere)
[2019.01.09-21.23.19:086][578]LogEditorViewport: Clicking on Actor (LMB): StaticMeshActor (Cube)
[2019.01.09-21.23.20:391][724]LogSlate: FSceneViewport::OnFocusLost() reason 0
[2019.01.09-21.23.22:163][930]LogActorFactory: Actor Factory created Sphere
[2019.01.09-21.23.24:904][250]LogActorFactory: Actor Factory created Sphere
[2019.01.09-21.23.33:642][279]LogEditorViewport: Clicking on Actor (LMB): StaticMeshActor (Floor)
[2019.01.09-21.23.34:937][425]LogEditorViewport: Clicking on Actor (LMB): BP_Sky_Sphere_C (Sky Sphere)
[2019.01.09-21.23.36:894][653]LogEditorViewport: Clicking on Actor (LMB): PlayerStart (Player Start)
[2019.01.09-21.23.49:075][103]LogEditorViewport: Clicking on Actor (LMB): StaticMeshActor (Sphere)
[2019.01.09-21.23.51:046][330]LogEditorViewport: Clicking on Actor (LMB): BP_Sky_Sphere_C (Sky Sphere)
[2019.01.09-21.23.56:579][987]LogEditorViewport: Clicking on Actor (LMB): StaticMeshActor (Floor)
[2019.01.09-21.23.57:006][ 32]LogEditorViewport: Clicking on Actor (LMB): StaticMeshActor (Cube)
[2019.01.09-21.23.58:155][164]Cmd: DELETE
[2019.01.09-21.23.58:155][164]Cmd: ACTOR DELETE
[2019.01.09-21.23.58:157][164]LogEditorActor: Deleted Actor: StaticMeshActor
[2019.01.09-21.23.58:175][164]LogEditorActor: Deleted 1 Actors (0.019 secs)
[2019.01.09-21.23.58:756][233]LogEditorViewport: Clicking on Actor (LMB): StaticMeshActor (Sphere)
[2019.01.09-21.24.05:591][ 39]LogEditorViewport: Clicking on Actor (LMB): StaticMeshActor (Sphere)
[2019.01.09-21.24.05:927][ 75]LogEditorViewport: Clicking on Component (LMB): StaticMeshComponent (StaticMeshComponent0)
[2019.01.09-21.24.10:294][515]LogSlate: FSceneViewport::OnFocusLost() reason 2
[2019.01.09-21.24.32:099][ 20]LogSlate: Took 0.016330 seconds to synchronously load lazily loaded font '../../../Engine/Content/Slate/Fonts/Roboto-Italic.ttf' (157K)
[2019.01.09-21.24.38:026][718]LogSlate: FSceneViewport::OnFocusLost() reason 0
[2019.01.09-21.24.38:749][803]LogActorFactory: Actor Factory created Sphere
[2019.01.09-21.24.40:204][972]LogActorFactory: Actor Factory created Sphere
[2019.01.09-21.24.41:510][126]LogActorFactory: Actor Factory created Sphere
[2019.01.09-21.24.50:530][181]LogEditorViewport: Clicking on Actor (LMB): BP_Sky_Sphere_C (Sky Sphere)
[2019.01.09-21.24.51:607][305]LogEditorViewport: Clicking on Actor (LMB): StaticMeshActor (Sphere2)
[2019.01.09-21.24.57:735][780]LogSlate: FSceneViewport::OnFocusLost() reason 2
[2019.01.09-21.27.06:326][327]LogEditorViewport: Clicking on Actor (LMB): StaticMeshActor (Sphere2)
[2019.01.09-21.27.10:128][775]LogEditorViewport: Clicking on Actor (LMB): StaticMeshActor (Floor)
[2019.01.09-21.27.11:263][905]LogEditorViewport: Clicking on Actor (LMB): BP_Sky_Sphere_C (Sky Sphere)
[2019.01.09-21.27.17:828][684]LogEditorViewport: Clicking on Actor (LMB): StaticMeshActor (Sphere2)
[2019.01.09-21.27.21:484][104]LogSlate: FSceneViewport::OnFocusLost() reason 0
[2019.01.09-21.27.21:658][123]LogActorFactory: Actor Factory created Sphere
[2019.01.09-21.27.23:735][365]LogActorFactory: Actor Factory created Sphere
[2019.01.09-21.27.38:609][122]LogEditorViewport: Clicking on Actor (LMB): StaticMeshActor (Floor)
[2019.01.09-21.27.39:466][219]LogEditorViewport: Clicking on Actor (LMB): StaticMeshActor (Sphere2)
[2019.01.09-21.27.43:545][697]LogEditorViewport: Clicking on Actor (LMB): StaticMeshActor (Floor)
[2019.01.09-21.27.57:046][286]LogSlate: FSceneViewport::OnFocusLost() reason 0
[2019.01.09-21.27.57:204][303]LogActorFactory: Actor Factory created Sphere
[2019.01.09-21.27.58:220][421]LogActorFactory: Actor Factory created Sphere
[2019.01.09-21.28.27:738][925]LogEditorViewport: Clicking on Actor (LMB): StaticMeshActor (Floor)
[2019.01.09-21.28.32:563][476]LogSlate: FSceneViewport::OnFocusLost() reason 0
[2019.01.09-21.28.33:422][572]LogActorFactory: Actor Factory created Cone
[2019.01.09-21.28.34:495][697]LogActorFactory: Actor Factory created Cone
[2019.01.09-21.29.30:381][320]LogEditorViewport: Clicking on Actor (LMB): StaticMeshActor (Floor)
[2019.01.09-21.29.33:009][626]LogEditorViewport: Clicking on Actor (LMB): StaticMeshActor (Cone)
[2019.01.09-21.29.41:895][674]LogSlate: FSceneViewport::OnFocusLost() reason 2
[2019.01.09-21.29.42:859][785]LogSlate: FSceneViewport::OnFocusLost() reason 2
[2019.01.09-21.29.48:122][785]LogSlate: Window 'Save Level As' being destroyed
[2019.01.09-21.29.48:208][785]Cmd: OBJ SAVEPACKAGE PACKAGE="/Game/a1" FILE="../../../../../../Users/u1084244/Documents/GitHub/RS_AssetPipeline/RS_AssetPipeline/Content/a1.umap" SILENT=true AUTOSAVING=false KEEPDIRTY=false
[2019.01.09-21.29.48:253][785]LogSavePackage: Moving '../../../../../../Users/u1084244/Documents/GitHub/RS_AssetPipeline/RS_AssetPipeline/Saved/a1043722664F94E4E4FE35EE9CAE699327.tmp' to '../../../../../../Users/u1084244/Documents/GitHub/RS_AssetPipeline/RS_AssetPipeline/Content/a1.umap'
[2019.01.09-21.29.48:278][785]LogFileHelpers: Saving map 'a1' took 0.151
[2019.01.09-21.29.53:955][461]LogSlate: FSceneViewport::OnFocusLost() reason 0
